#
# A fatal error has been detected by the Java Runtime Environment:
#
#  EXCEPTION_ACCESS_VIOLATION (0xc0000005) at pc=0x00007ffe04bcfde0, pid=15784, tid=12532
#
# JRE version: Java(TM) SE Runtime Environment (9.0+11) (build 9.0.4+11)
# Java VM: Java HotSpot(TM) 64-Bit Server VM (9.0.4+11, mixed mode, tiered, compressed oops, g1 gc, windows-amd64)
# Problematic frame:
# C  0x00007ffe04bcfde0
#
# No core dump will be written. Minidumps are not enabled by default on client versions of Windows
#
# If you would like to submit a bug report, please visit:
#   http://bugreport.java.com/bugreport/crash.jsp
# The crash happened outside the Java Virtual Machine in native code.
# See problematic frame for where to report the bug.
#

---------------  S U M M A R Y ------------

Command Line: -Dsun.java2d.pmoffscreen=false -Dsun.java2d.xrender=false -Dsun.java2d.d3d=false -Dsun.awt.nopixfmt=true -Dsun.java2d.dpiaware=true -Dsun.java2d.uiScale.enabled=false -Xverify:none -Dswing.aatext=true -XX:-UsePerfData -Djdk.map.althashing.threshold=512 -XX:StringTableSize=4072 --add-opens=java.base/java.nio=ALL-UNNAMED --add-opens=java.desktop/sun.swing=ALL-UNNAMED --add-opens=java.desktop/javax.swing=ALL-UNNAMED --add-opens=java.desktop/javax.swing.tree=ALL-UNNAMED --add-opens=java.desktop/javax.swing.plaf.basic=ALL-UNNAMED --add-opens=java.desktop/javax.swing.plaf.synth=ALL-UNNAMED --add-opens=java.desktop/com.sun.awt=ALL-UNNAMED -XX:NewSize=60m -XX:MaxNewSize=60m -Xms128m -Xmx3072m -Xss5m 

Host: Intel(R) Core(TM) i5-8400 CPU @ 2.80GHz, 6 cores, 15G,  Windows 10 , 64 bit Build 18362 (10.0.18362.778)
Time: Sun Apr 20 22:22:14 2025 Turkey Standard Time elapsed time: 374 seconds (0d 0h 6m 14s)

---------------  T H R E A D  ---------------

Current thread (0x00000225b30b3800):  JavaThread "AWT-EventQueue-0" [_thread_in_native, id=12532, stack(0x0000005379e00000,0x000000537a300000)]

Stack: [0x0000005379e00000,0x000000537a300000],  sp=0x000000537a2f3f78,  free space=5071k
Native frames: (J=compiled Java code, j=interpreted, Vv=VM code, C=native code)
C  0x00007ffe04bcfde0

Java frames: (J=compiled Java code, j=interpreted, Vv=VM code)
j  ui.views.waveform.waveformi.WVExecutive_getGraphicsDataSize(J)J+0
j  ui.views.waveform.executive.a.jBs()Ljava/io/ByteArrayInputStream;+8
j  ui.views.waveform.b.a.jAN()V+7
j  ui.views.waveform.b.a.iKd()V+1
j  ui.views.waveform.m.jzY()V+4
j  ui.views.waveform.m.GF(Z)V+11
j  ui.views.waveform.w.aE(ZZ)V+30
J 20563 c1 ui.views.waveform.c.b.j(Lui/frmwork/b/i;)V (581 bytes) @ 0x0000022596d42844 [0x0000022596d39200+0x0000000000009644]
J 20562 c1 ui.views.waveform.w.a(Lui/frmwork/b/i;)V (17 bytes) @ 0x0000022595402614 [0x0000022595402540+0x00000000000000d4]
J 15288 c1 ui.frmwork.b.l.d(Lui/frmwork/b/i;)V (61 bytes) @ 0x000002259440d51c [0x000002259440ccc0+0x000000000000085c]
J 15274 c1 ui.frmwork.G.i(JZ)V (471 bytes) @ 0x000002259468d7ac [0x0000022594688fc0+0x00000000000047ec]
J 15276 c1 ui.frmwork.G.fireTclEvent(J)I (113 bytes) @ 0x000002259443a5cc [0x0000022594439dc0+0x000000000000080c]
v  ~StubRoutines::call_stub
j  ui.views.waveform.waveformi.WVExecutive_processModelEvent(JJ)V+0
j  ui.views.waveform.executive.a.fu(J)V+5
j  ui.views.waveform.c.b.ft(J)V+8
J 20563 c1 ui.views.waveform.c.b.j(Lui/frmwork/b/i;)V (581 bytes) @ 0x0000022596d4353c [0x0000022596d39200+0x000000000000a33c]
J 20562 c1 ui.views.waveform.w.a(Lui/frmwork/b/i;)V (17 bytes) @ 0x0000022595402614 [0x0000022595402540+0x00000000000000d4]
J 15288 c1 ui.frmwork.b.l.d(Lui/frmwork/b/i;)V (61 bytes) @ 0x000002259440d51c [0x000002259440ccc0+0x000000000000085c]
J 15274 c1 ui.frmwork.G.i(JZ)V (471 bytes) @ 0x000002259468d7ac [0x0000022594688fc0+0x00000000000047ec]
J 15276 c1 ui.frmwork.G.fireTclEvent(J)I (113 bytes) @ 0x000002259443a5cc [0x0000022594439dc0+0x000000000000080c]
v  ~StubRoutines::call_stub
j  ui.views.waveform.waveformi.WVExecutive_processModelEvent(JJ)V+0
j  ui.views.waveform.executive.a.fu(J)V+5
j  ui.views.waveform.c.b.ft(J)V+8
j  ui.views.waveform.c.e.actionPerformed(Ljava/awt/event/ActionEvent;)V+8
J 20364 c2 javax.swing.Timer.fireActionPerformed(Ljava/awt/event/ActionEvent;)V java.desktop@9.0.4 (46 bytes) @ 0x000002259c41f260 [0x000002259c41f140+0x0000000000000120]
J 20363 c2 javax.swing.Timer$DoPostEvent.run()V java.desktop@9.0.4 (82 bytes) @ 0x000002259c3ac988 [0x000002259c3ac7c0+0x00000000000001c8]
J 17406 c2 java.awt.EventQueue$3.run()Ljava/lang/Object; java.desktop@9.0.4 (5 bytes) @ 0x000002259c6776b0 [0x000002259c677040+0x0000000000000670]
v  ~StubRoutines::call_stub
J 4297  java.security.AccessController.doPrivileged(Ljava/security/PrivilegedAction;Ljava/security/AccessControlContext;)Ljava/lang/Object; java.base@9.0.4 (0 bytes) @ 0x000002259ba805c6 [0x000002259ba80560+0x0000000000000066]
J 15462 c2 java.awt.EventQueue.dispatchEvent(Ljava/awt/AWTEvent;)V java.desktop@9.0.4 (80 bytes) @ 0x000002259c42c898 [0x000002259c42c340+0x0000000000000558]
J 15465 c2 ui.frmwork.b.d.dispatchEvent(Ljava/awt/AWTEvent;)V (34 bytes) @ 0x000002259c42e2bc [0x000002259c42e1e0+0x00000000000000dc]
J 18053 c2 java.awt.EventDispatchThread.pumpOneEventForFilters(I)V java.desktop@9.0.4 (218 bytes) @ 0x000002259c72d06c [0x000002259c72cca0+0x00000000000003cc]
J 20422 c1 java.awt.EventDispatchThread.pumpEventsForFilter(ILjava/awt/Conditional;Ljava/awt/EventFilter;)V java.desktop@9.0.4 (47 bytes) @ 0x000002259507850c [0x0000022595078220+0x00000000000002ec]
j  java.awt.EventDispatchThread.pumpEventsForFilter(Ljava/awt/Conditional;Ljava/awt/EventFilter;)V+4 java.desktop@9.0.4
j  java.awt.WaitDispatchSupport$2.run()V+59 java.desktop@9.0.4
j  java.awt.WaitDispatchSupport$4.run()Ljava/lang/Void;+4 java.desktop@9.0.4
j  java.awt.WaitDispatchSupport$4.run()Ljava/lang/Object;+1 java.desktop@9.0.4
v  ~StubRoutines::call_stub
J 1016  java.security.AccessController.doPrivileged(Ljava/security/PrivilegedAction;)Ljava/lang/Object; java.base@9.0.4 (0 bytes) @ 0x000002259b8bc032 [0x000002259b8bbfe0+0x0000000000000052]
j  java.awt.WaitDispatchSupport.enter()Z+260 java.desktop@9.0.4
j  java.awt.Dialog.show()V+225 java.desktop@9.0.4
J 8403 c1 java.awt.Component.setVisible(Z)V java.desktop@9.0.4 (6 bytes) @ 0x000002259464474c [0x0000022594644560+0x00000000000001ec]
j  java.awt.Window.setVisible(Z)V+2 java.desktop@9.0.4
j  java.awt.Dialog.setVisible(Z)V+2 java.desktop@9.0.4
j  ui.b.c.g.setVisible(Z)V+2
j  ui.b.c.bz.showDialog()V+64
j  ui.b.c.bI.actionPerformed(Ljava/awt/event/ActionEvent;)V+8
j  ui.b.c.bz.eWx()V+390
j  ui.views.c.t.b.a.run()V+60
j  ui.frmwork.a.gJb()Z+66
j  ui.frmwork.Y.gKQ()V+42
j  ui.bn.actionPerformed(Ljava/awt/event/ActionEvent;)V+25
j  javax.swing.AbstractButton.fireActionPerformed(Ljava/awt/event/ActionEvent;)V+84 java.desktop@9.0.4
j  ui.utils.swing.b.E.fireActionPerformed(Ljava/awt/event/ActionEvent;)V+7
j  javax.swing.AbstractButton$Handler.actionPerformed(Ljava/awt/event/ActionEvent;)V+5 java.desktop@9.0.4
j  javax.swing.DefaultButtonModel.fireActionPerformed(Ljava/awt/event/ActionEvent;)V+34 java.desktop@9.0.4
j  javax.swing.DefaultButtonModel.setPressed(Z)V+117 java.desktop@9.0.4
j  javax.swing.plaf.basic.BasicButtonListener.mouseReleased(Ljava/awt/event/MouseEvent;)V+35 java.desktop@9.0.4
j  com.jidesoft.plaf.basic.BasicJideButtonListener.mouseReleased(Ljava/awt/event/MouseEvent;)V+61
j  java.awt.AWTEventMulticaster.mouseReleased(Ljava/awt/event/MouseEvent;)V+8 java.desktop@9.0.4
j  java.awt.AWTEventMulticaster.mouseReleased(Ljava/awt/event/MouseEvent;)V+8 java.desktop@9.0.4
j  java.awt.AWTEventMulticaster.mouseReleased(Ljava/awt/event/MouseEvent;)V+8 java.desktop@9.0.4
j  java.awt.AWTEventMulticaster.mouseReleased(Ljava/awt/event/MouseEvent;)V+8 java.desktop@9.0.4
J 18659 c1 java.awt.Component.processMouseEvent(Ljava/awt/event/MouseEvent;)V java.desktop@9.0.4 (100 bytes) @ 0x0000022596a8fc34 [0x0000022596a8f8a0+0x0000000000000394]
J 18661 c1 javax.swing.JComponent.processMouseEvent(Ljava/awt/event/MouseEvent;)V java.desktop@9.0.4 (27 bytes) @ 0x0000022596a904ec [0x0000022596a902e0+0x000000000000020c]
J 14665 c2 java.awt.Container.processEvent(Ljava/awt/AWTEvent;)V java.desktop@9.0.4 (22 bytes) @ 0x000002259c2f6a40 [0x000002259c2f6920+0x0000000000000120]
J 20425 c2 java.awt.Component.dispatchEventImpl(Ljava/awt/AWTEvent;)V java.desktop@9.0.4 (739 bytes) @ 0x000002259ca898e4 [0x000002259ca878e0+0x0000000000002004]
J 17409 c2 java.awt.Container.dispatchEventImpl(Ljava/awt/AWTEvent;)V java.desktop@9.0.4 (129 bytes) @ 0x000002259c6797b8 [0x000002259c679760+0x0000000000000058]
J 17395 c2 java.awt.LightweightDispatcher.retargetMouseEvent(Ljava/awt/Component;ILjava/awt/event/MouseEvent;)V java.desktop@9.0.4 (350 bytes) @ 0x000002259c673a7c [0x000002259c673640+0x000000000000043c]
J 19431 c2 java.awt.LightweightDispatcher.processMouseEvent(Ljava/awt/event/MouseEvent;)Z java.desktop@9.0.4 (265 bytes) @ 0x000002259c911218 [0x000002259c910b00+0x0000000000000718]
J 17409 c2 java.awt.Container.dispatchEventImpl(Ljava/awt/AWTEvent;)V java.desktop@9.0.4 (129 bytes) @ 0x000002259c679b14 [0x000002259c679760+0x00000000000003b4]
J 18054 c2 java.awt.Window.dispatchEventImpl(Ljava/awt/AWTEvent;)V java.desktop@9.0.4 (23 bytes) @ 0x000002259c72eb8c [0x000002259c72eb40+0x000000000000004c]
J 17406 c2 java.awt.EventQueue$3.run()Ljava/lang/Object; java.desktop@9.0.4 (5 bytes) @ 0x000002259c677594 [0x000002259c677040+0x0000000000000554]
v  ~StubRoutines::call_stub
J 4297  java.security.AccessController.doPrivileged(Ljava/security/PrivilegedAction;Ljava/security/AccessControlContext;)Ljava/lang/Object; java.base@9.0.4 (0 bytes) @ 0x000002259ba805c6 [0x000002259ba80560+0x0000000000000066]
J 17772 c2 java.awt.EventQueue$4.run()Ljava/lang/Object; java.desktop@9.0.4 (5 bytes) @ 0x000002259c6e02c0 [0x000002259c6e0060+0x0000000000000260]
v  ~StubRoutines::call_stub
J 4297  java.security.AccessController.doPrivileged(Ljava/security/PrivilegedAction;Ljava/security/AccessControlContext;)Ljava/lang/Object; java.base@9.0.4 (0 bytes) @ 0x000002259ba805c6 [0x000002259ba80560+0x0000000000000066]
J 15462 c2 java.awt.EventQueue.dispatchEvent(Ljava/awt/AWTEvent;)V java.desktop@9.0.4 (80 bytes) @ 0x000002259c42c6c0 [0x000002259c42c340+0x0000000000000380]
J 15465 c2 ui.frmwork.b.d.dispatchEvent(Ljava/awt/AWTEvent;)V (34 bytes) @ 0x000002259c42e2bc [0x000002259c42e1e0+0x00000000000000dc]
J 18053 c2 java.awt.EventDispatchThread.pumpOneEventForFilters(I)V java.desktop@9.0.4 (218 bytes) @ 0x000002259c72d06c [0x000002259c72cca0+0x00000000000003cc]
J 20377% c1 java.awt.EventDispatchThread.pumpEventsForFilter(ILjava/awt/Conditional;Ljava/awt/EventFilter;)V java.desktop@9.0.4 (47 bytes) @ 0x000002259507c764 [0x000002259507c420+0x0000000000000344]
j  java.awt.EventDispatchThread.pumpEventsForHierarchy(ILjava/awt/Conditional;Ljava/awt/Component;)V+11 java.desktop@9.0.4
j  java.awt.EventDispatchThread.pumpEvents(ILjava/awt/Conditional;)V+4 java.desktop@9.0.4
j  java.awt.EventDispatchThread.pumpEvents(Ljava/awt/Conditional;)V+3 java.desktop@9.0.4
j  java.awt.EventDispatchThread.run()V+9 java.desktop@9.0.4
v  ~StubRoutines::call_stub

siginfo: EXCEPTION_ACCESS_VIOLATION (0xc0000005), data execution prevention violation at address 0x00007ffe04bcfde0


Register to memory mapping:

RIP=0x00007ffe04bcfde0 is an unknown value
RAX=0x00007ffe04b73610 is an unknown value
RBX=0x000000537a2f40e0 is pointing into the stack for thread: 0x00000225b30b3800
RCX=0x00000225b91254f0 is an unknown value
RDX=0x00000225cc533ac0 is an unknown value
RSP=0x000000537a2f3f78 is pointing into the stack for thread: 0x00000225b30b3800
RBP=0x000000537a2f40a0 is pointing into the stack for thread: 0x00000225b30b3800
RSI=0x00000225cc533ac0 is an unknown value
RDI=0x00000225b91254f0 is an unknown value
R8 =0x000000537a2f40a0 is pointing into the stack for thread: 0x00000225b30b3800
R9 =0x000000537a2f40e0 is pointing into the stack for thread: 0x00000225b30b3800
R10=0x00000225cc533ad0 is an unknown value
R11=0x000000537a2f40f0 is pointing into the stack for thread: 0x00000225b30b3800
R12=0x0000000000000000 is an unknown value
R13=0x0000000000000000 is an unknown value
R14=0x00000225cc533ac0 is an unknown value
R15=0x0000000000000001 is an unknown value


Registers:
RAX=0x00007ffe04b73610, RBX=0x000000537a2f40e0, RCX=0x00000225b91254f0, RDX=0x00000225cc533ac0
RSP=0x000000537a2f3f78, RBP=0x000000537a2f40a0, RSI=0x00000225cc533ac0, RDI=0x00000225b91254f0
R8 =0x000000537a2f40a0, R9 =0x000000537a2f40e0, R10=0x00000225cc533ad0, R11=0x000000537a2f40f0
R12=0x0000000000000000, R13=0x0000000000000000, R14=0x00000225cc533ac0, R15=0x0000000000000001
RIP=0x00007ffe04bcfde0, EFLAGS=0x0000000000010202

Top of Stack: (sp=0x000000537a2f3f78)
0x000000537a2f3f78:   00007ffe0488f29c 0000022500000000
0x000000537a2f3f88:   0000022585df9cc0 00000225d04b2500
0x000000537a2f3f98:   0000022585df0000 0000022585df02a4
0x000000537a2f3fa8:   000000537a2f40e0 000000537a2f40a0
0x000000537a2f3fb8:   00000225cc533ac0 fffffffffffffffe
0x000000537a2f3fc8:   0000000000000000 0000000000000008
0x000000537a2f3fd8:   0000000000000000 0000000000000000
0x000000537a2f3fe8:   0000000000000001 0000000000000010
0x000000537a2f3ff8:   000000537a2f40b9 0000022585e80000
0x000000537a2f4008:   00007ffe8111b997 0000022585df0000
0x000000537a2f4018:   0000000000000003 0000000000000008
0x000000537a2f4028:   0000022500000000 0000dd3399c9d8b3
0x000000537a2f4038:   00007ffe8111c43f 00000225cb716b00
0x000000537a2f4048:   000000537a2f41b8 00000225b2e57550
0x000000537a2f4058:   000000537a2f40e9 000000537a2f41a0
0x000000537a2f4068:   00007ffe048863d7 0000022500000000 

Instructions: (pc=0x00007ffe04bcfde0)
0x00007ffe04bcfdc0:   00 00 00 00 ff ff ff ff 00 00 00 00 40 00 00 00
0x00007ffe04bcfdd0:   90 fd 46 00 00 00 00 00 00 00 00 00 00 00 00 00
0x00007ffe04bcfde0:   01 00 00 00 00 00 00 00 00 00 00 00 40 9d 5a 00
0x00007ffe04bcfdf0:   08 fe 46 00 e0 fd 46 00 00 00 00 00 00 00 00 00 



---------------  P R O C E S S  ---------------

Java Threads: ( => current thread )
  0x00000225cac09000 JavaThread "Relaunch Simulation Thread" [_thread_blocked, id=1780, stack(0x0000005300500000,0x0000005300a00000)]
  0x00000225cac0b800 JavaThread "Image Animator 3" daemon [_thread_blocked, id=9156, stack(0x0000005300000000,0x0000005300500000)]
  0x00000225cac0a000 JavaThread "Monitor File Timestamp Swing Worker Thread" [_thread_blocked, id=15900, stack(0x000000537f300000,0x000000537f800000)]
  0x00000225cac0a800 JavaThread "Timer-0" [_thread_blocked, id=16064, stack(0x000000537ee00000,0x000000537f300000)]
  0x00000225b33aa800 JavaThread "SyntheticaAnimation 50" daemon [_thread_blocked, id=13880, stack(0x000000537db00000,0x000000537e000000)]
  0x00000225b33a8000 JavaThread "Thread-38" [_thread_in_native, id=14968, stack(0x000000537ca00000,0x000000537cb00000)]
  0x00000225b33ab000 JavaThread "Thread-31" [_thread_in_native, id=10944, stack(0x000000537c900000,0x000000537ca00000)]
  0x00000225b452b000 JavaThread "Update Runs Swing Worker Thread" [_thread_blocked, id=15852, stack(0x000000537e400000,0x000000537e900000)]
  0x00000225b33a6800 JavaThread "hw_ila_monitor" [_thread_blocked, id=9008, stack(0x000000537c400000,0x000000537c900000)]
  0x00000225b33a9800 JavaThread "Refresh Filesets Swing Worker Thread" [_thread_blocked, id=15444, stack(0x0000005379900000,0x0000005379e00000)]
  0x00000225b33a5000 JavaThread "SyntheticaAnimation 70" daemon [_thread_blocked, id=15896, stack(0x000000537bf00000,0x000000537c400000)]
  0x00000225b33a7800 JavaThread "SyntheticaAnimation 25" daemon [_thread_blocked, id=14740, stack(0x000000537d000000,0x000000537d500000)]
  0x00000225b33a9000 JavaThread "SyntheticaAnimation 50" daemon [_thread_blocked, id=2568, stack(0x000000537cb00000,0x000000537d000000)]
  0x00000225b33a4800 JavaThread "Monitor HEventQueue Thread" [_thread_blocked, id=9440, stack(0x000000537ba00000,0x000000537bf00000)]
  0x00000225b452a800 JavaThread "SyntheticaCleanerThread" daemon [_thread_blocked, id=4024, stack(0x000000537b200000,0x000000537b700000)]
  0x00000225b452c800 JavaThread "Batik CleanerThread" daemon [_thread_blocked, id=15356, stack(0x000000537a300000,0x000000537a800000)]
  0x00000225b334c000 JavaThread "Process Messages Thread" [_thread_blocked, id=15824, stack(0x000000537a800000,0x000000537ad00000)]
  0x00000225b48a6800 JavaThread "Thread-1" [_thread_in_native, id=3552, stack(0x0000005373600000,0x0000005374a00000)]
=>0x00000225b30b3800 JavaThread "AWT-EventQueue-0" [_thread_in_native, id=12532, stack(0x0000005379e00000,0x000000537a300000)]
  0x00000225b3491800 JavaThread "TimerQueue" daemon [_thread_blocked, id=1680, stack(0x0000005379400000,0x0000005379900000)]
  0x00000225b2bc9000 JavaThread "AWT-Windows" daemon [_thread_in_native, id=4572, stack(0x0000005378f00000,0x0000005379400000)]
  0x00000225b2e4d000 JavaThread "AWT-Shutdown" [_thread_blocked, id=11816, stack(0x0000005378a00000,0x0000005378f00000)]
  0x00000225b2d3a000 JavaThread "Java2D Disposer" daemon [_thread_blocked, id=14920, stack(0x0000005378500000,0x0000005378a00000)]
  0x00000225a6d4a800 JavaThread "Service Thread" daemon [_thread_blocked, id=3608, stack(0x0000005377f00000,0x0000005378400000)]
  0x00000225a9c75000 JavaThread "Common-Cleaner" daemon [_thread_blocked, id=10396, stack(0x0000005377a00000,0x0000005377f00000)]
  0x00000225a9c60800 JavaThread "Sweeper thread" daemon [_thread_blocked, id=11148, stack(0x0000005377500000,0x0000005377a00000)]
  0x00000225a9c5b000 JavaThread "C1 CompilerThread2" daemon [_thread_blocked, id=13284, stack(0x0000005377400000,0x0000005377500000)]
  0x00000225a9c5a800 JavaThread "C2 CompilerThread1" daemon [_thread_blocked, id=6844, stack(0x0000005377300000,0x0000005377400000)]
  0x00000225c2ffc000 JavaThread "C2 CompilerThread0" daemon [_thread_blocked, id=14928, stack(0x0000005377200000,0x0000005377300000)]
  0x00000225c2ffb000 JavaThread "Attach Listener" daemon [_thread_blocked, id=3312, stack(0x0000005376d00000,0x0000005377200000)]
  0x00000225c2ffa800 JavaThread "Signal Dispatcher" daemon [_thread_blocked, id=15916, stack(0x0000005376800000,0x0000005376d00000)]
  0x00000225c2feb800 JavaThread "Finalizer" daemon [_thread_blocked, id=15056, stack(0x0000005376300000,0x0000005376800000)]
  0x00000225c2fe9800 JavaThread "Reference Handler" daemon [_thread_blocked, id=5428, stack(0x0000005375e00000,0x0000005376300000)]
  0x00000225a9e20800 JavaThread "main" [_thread_blocked, id=3564, stack(0x0000005373500000,0x0000005373600000)]

Other Threads:
  0x00000225a6c7c800 VMThread "VM Thread" [stack: 0x0000005375d00000,0x0000005375e00000] [id=10228]
  0x00000225a6762800 WatcherThread [stack: 0x0000005378400000,0x0000005378500000] [id=4588]
  0x0000022587dde800 GCTaskThread "GC Thread#0" [stack: 0x0000005374d00000,0x0000005374e00000] [id=5732]
  0x00000225a8c59000 GCTaskThread "GC Thread#1" [stack: 0x0000005374e00000,0x0000005374f00000] [id=15340]
  0x00000225a8c5a000 GCTaskThread "GC Thread#2" [stack: 0x0000005374f00000,0x0000005375000000] [id=5640]
  0x00000225a8c5b800 GCTaskThread "GC Thread#3" [stack: 0x0000005375000000,0x0000005375100000] [id=10816]
  0x00000225a6764800 GCTaskThread "GC Thread#4" [stack: 0x0000005375100000,0x0000005375200000] [id=2776]
  0x00000225a6765000 GCTaskThread "GC Thread#5" [stack: 0x0000005375200000,0x0000005375300000] [id=13296]
  0x00000225c35a4800 ConcurrentGCThread "G1 Main Marker" [stack: 0x0000005375a00000,0x0000005375b00000] [id=15004]
  0x00000225a6765800 ConcurrentGCThread "G1 Marker#0" [stack: 0x0000005375b00000,0x0000005375c00000] [id=5552]
  0x00000225a6766000 ConcurrentGCThread "G1 Marker#1" [stack: 0x0000005375c00000,0x0000005375d00000] [id=7316]
  0x00000225c2e5b800 ConcurrentGCThread "G1 Refine#0" [stack: 0x0000005375800000,0x0000005375900000] [id=16148]
  0x00000225aa8a7000 ConcurrentGCThread "G1 Refine#1" [stack: 0x0000005375700000,0x0000005375800000] [id=14728]
  0x00000225c35c0000 ConcurrentGCThread "G1 Refine#2" [stack: 0x0000005375600000,0x0000005375700000] [id=16340]
  0x00000225c35bf800 ConcurrentGCThread "G1 Refine#3" [stack: 0x0000005375500000,0x0000005375600000] [id=9032]
  0x00000225c2f10000 ConcurrentGCThread "G1 Refine#4" [stack: 0x0000005375400000,0x0000005375500000] [id=15536]
  0x00000225c2f0f800 ConcurrentGCThread "G1 Refine#5" [stack: 0x0000005375300000,0x0000005375400000] [id=10448]
  0x00000225aa7d8800 ConcurrentGCThread "G1 Young RemSet Sampling" [stack: 0x0000005375900000,0x0000005375a00000] [id=14568]

Threads with active compile tasks:

VM state:not at safepoint (normal execution)

VM Mutex/Monitor currently owned by a thread: None

Heap address: 0x0000000700000000, size: 3072 MB, Compressed Oops mode: Zero based, Oop shift amount: 3
Narrow klass base: 0x0000000000000000, Narrow klass shift: 3
Compressed class space size: 1073741824 Address: 0x00000007c0000000

Heap:
 garbage-first heap   total 278528K, used 128380K [0x0000000700000000, 0x0000000700100880, 0x00000007c0000000)
  region size 1024K, 36 young (36864K), 0 survivors (0K)
 Metaspace       used 88662K, capacity 94989K, committed 95324K, reserved 1130496K
  class space    used 12700K, capacity 13800K, committed 13916K, reserved 1048576K
Heap Regions: E=young(eden), S=young(survivor), O=old, HS=humongous(starts), HC=humongous(continues), CS=collection set, F=free, A=archive, TS=gc time stamp, AC=allocation context, TAMS=top-at-mark-start (previous, next)
|   0|0x0000000700000000, 0x00000007000f1040, 0x0000000700100000| 94%| O|  |TS  0|AC  0|TAMS 0x0000000700000000, 0x0000000700000000|
|   1|0x0000000700100000, 0x00000007001f2e48, 0x0000000700200000| 94%| O|  |TS  0|AC  0|TAMS 0x0000000700100000, 0x0000000700100000|
|   2|0x0000000700200000, 0x0000000700300000, 0x0000000700300000|100%|HS|  |TS  0|AC  0|TAMS 0x0000000700200000, 0x0000000700200000|
|   3|0x0000000700300000, 0x0000000700400000, 0x0000000700400000|100%|HC|  |TS  0|AC  0|TAMS 0x0000000700300000, 0x0000000700300000|
|   4|0x0000000700400000, 0x0000000700500000, 0x0000000700500000|100%|HS|  |TS  0|AC  0|TAMS 0x0000000700400000, 0x0000000700400000|
|   5|0x0000000700500000, 0x00000007005fffe8, 0x0000000700600000| 99%| O|  |TS  0|AC  0|TAMS 0x0000000700500000, 0x0000000700500000|
|   6|0x0000000700600000, 0x00000007006fcfa8, 0x0000000700700000| 98%| O|  |TS  0|AC  0|TAMS 0x0000000700600000, 0x0000000700600000|
|   7|0x0000000700700000, 0x00000007007fff30, 0x0000000700800000| 99%| O|  |TS  0|AC  0|TAMS 0x0000000700700000, 0x0000000700700000|
|   8|0x0000000700800000, 0x00000007008ffe70, 0x0000000700900000| 99%| O|  |TS  0|AC  0|TAMS 0x0000000700800000, 0x0000000700800000|
|   9|0x0000000700900000, 0x00000007009ee958, 0x0000000700a00000| 93%| O|  |TS  0|AC  0|TAMS 0x0000000700900000, 0x0000000700900000|
|  10|0x0000000700a00000, 0x0000000700af6eb8, 0x0000000700b00000| 96%| O|  |TS  0|AC  0|TAMS 0x0000000700a00000, 0x0000000700a00000|
|  11|0x0000000700b00000, 0x0000000700bfffe8, 0x0000000700c00000| 99%| O|  |TS  0|AC  0|TAMS 0x0000000700b00000, 0x0000000700b00000|
|  12|0x0000000700c00000, 0x0000000700d00000, 0x0000000700d00000|100%| O|  |TS  0|AC  0|TAMS 0x0000000700c00000, 0x0000000700c00000|
|  13|0x0000000700d00000, 0x0000000700dfffc0, 0x0000000700e00000| 99%| O|  |TS  0|AC  0|TAMS 0x0000000700d00000, 0x0000000700d00000|
|  14|0x0000000700e00000, 0x0000000700efff40, 0x0000000700f00000| 99%| O|  |TS  0|AC  0|TAMS 0x0000000700e00000, 0x0000000700e00000|
|  15|0x0000000700f00000, 0x0000000700fffff8, 0x0000000701000000| 99%| O|  |TS  0|AC  0|TAMS 0x0000000700f00000, 0x0000000700f00000|
|  16|0x0000000701000000, 0x00000007010ffff0, 0x0000000701100000| 99%| O|  |TS  0|AC  0|TAMS 0x0000000701000000, 0x0000000701000000|
|  17|0x0000000701100000, 0x0000000701200000, 0x0000000701200000|100%| O|  |TS  0|AC  0|TAMS 0x0000000701100000, 0x0000000701100000|
|  18|0x0000000701200000, 0x00000007012fffc0, 0x0000000701300000| 99%| O|  |TS  0|AC  0|TAMS 0x0000000701200000, 0x0000000701200000|
|  19|0x0000000701300000, 0x00000007013fffe8, 0x0000000701400000| 99%| O|  |TS  0|AC  0|TAMS 0x0000000701300000, 0x0000000701300000|
|  20|0x0000000701400000, 0x00000007014f4368, 0x0000000701500000| 95%| O|  |TS  0|AC  0|TAMS 0x0000000701400000, 0x0000000701400000|
|  21|0x0000000701500000, 0x00000007015ffef0, 0x0000000701600000| 99%| O|  |TS  0|AC  0|TAMS 0x0000000701500000, 0x0000000701500000|
|  22|0x0000000701600000, 0x0000000701700000, 0x0000000701700000|100%| O|  |TS  0|AC  0|TAMS 0x0000000701600000, 0x0000000701600000|
|  23|0x0000000701700000, 0x00000007017ffff8, 0x0000000701800000| 99%| O|  |TS  0|AC  0|TAMS 0x0000000701700000, 0x0000000701700000|
|  24|0x0000000701800000, 0x0000000701900000, 0x0000000701900000|100%| O|  |TS  0|AC  0|TAMS 0x0000000701800000, 0x0000000701800000|
|  25|0x0000000701900000, 0x00000007019fffd8, 0x0000000701a00000| 99%| O|  |TS  0|AC  0|TAMS 0x0000000701900000, 0x0000000701900000|
|  26|0x0000000701a00000, 0x0000000701affff8, 0x0000000701b00000| 99%| O|  |TS  0|AC  0|TAMS 0x0000000701a00000, 0x0000000701a00000|
|  27|0x0000000701b00000, 0x0000000701bfffe8, 0x0000000701c00000| 99%| O|  |TS  0|AC  0|TAMS 0x0000000701b00000, 0x0000000701b00000|
|  28|0x0000000701c00000, 0x0000000701cfffe8, 0x0000000701d00000| 99%| O|  |TS  0|AC  0|TAMS 0x0000000701c00000, 0x0000000701c00000|
|  29|0x0000000701d00000, 0x0000000701dfffd8, 0x0000000701e00000| 99%| O|  |TS  0|AC  0|TAMS 0x0000000701d00000, 0x0000000701d00000|
|  30|0x0000000701e00000, 0x0000000701f00000, 0x0000000701f00000|100%| O|  |TS  0|AC  0|TAMS 0x0000000701e00000, 0x0000000701e00000|
|  31|0x0000000701f00000, 0x0000000701ffffe0, 0x0000000702000000| 99%| O|  |TS  0|AC  0|TAMS 0x0000000701f00000, 0x0000000701f00000|
|  32|0x0000000702000000, 0x00000007020ffff8, 0x0000000702100000| 99%| O|  |TS  0|AC  0|TAMS 0x0000000702000000, 0x0000000702000000|
|  33|0x0000000702100000, 0x00000007021ffff0, 0x0000000702200000| 99%| O|  |TS  0|AC  0|TAMS 0x0000000702100000, 0x0000000702100000|
|  34|0x0000000702200000, 0x00000007022ffff0, 0x0000000702300000| 99%| O|  |TS  0|AC  0|TAMS 0x0000000702200000, 0x0000000702200000|
|  35|0x0000000702300000, 0x00000007023ffff8, 0x0000000702400000| 99%| O|  |TS  0|AC  0|TAMS 0x0000000702300000, 0x0000000702300000|
|  36|0x0000000702400000, 0x0000000702500000, 0x0000000702500000|100%| O|  |TS  0|AC  0|TAMS 0x0000000702400000, 0x0000000702400000|
|  37|0x0000000702500000, 0x0000000702600000, 0x0000000702600000|100%| O|  |TS  0|AC  0|TAMS 0x0000000702500000, 0x0000000702500000|
|  38|0x0000000702600000, 0x00000007026ffff0, 0x0000000702700000| 99%| O|  |TS  0|AC  0|TAMS 0x0000000702600000, 0x0000000702600000|
|  39|0x0000000702700000, 0x0000000702800000, 0x0000000702800000|100%| O|  |TS  0|AC  0|TAMS 0x0000000702700000, 0x0000000702700000|
|  40|0x0000000702800000, 0x00000007028ffff8, 0x0000000702900000| 99%| O|  |TS  0|AC  0|TAMS 0x0000000702800000, 0x0000000702800000|
|  41|0x0000000702900000, 0x00000007029ff3d8, 0x0000000702a00000| 99%| O|  |TS  0|AC  0|TAMS 0x0000000702900000, 0x0000000702900000|
|  42|0x0000000702a00000, 0x0000000702affff0, 0x0000000702b00000| 99%| O|  |TS  0|AC  0|TAMS 0x0000000702a00000, 0x0000000702a00000|
|  43|0x0000000702b00000, 0x0000000702bfff68, 0x0000000702c00000| 99%| O|  |TS  0|AC  0|TAMS 0x0000000702b00000, 0x0000000702b00000|
|  44|0x0000000702c00000, 0x0000000702d00000, 0x0000000702d00000|100%| O|  |TS  0|AC  0|TAMS 0x0000000702c00000, 0x0000000702c00000|
|  45|0x0000000702d00000, 0x0000000702dffe30, 0x0000000702e00000| 99%| O|  |TS  0|AC  0|TAMS 0x0000000702d00000, 0x0000000702d00000|
|  46|0x0000000702e00000, 0x0000000702efff38, 0x0000000702f00000| 99%| O|  |TS  0|AC  0|TAMS 0x0000000702e00000, 0x0000000702e00000|
|  47|0x0000000702f00000, 0x0000000703000000, 0x0000000703000000|100%| O|  |TS  0|AC  0|TAMS 0x0000000702f00000, 0x0000000702f00000|
|  48|0x0000000703000000, 0x0000000703100000, 0x0000000703100000|100%| O|  |TS  0|AC  0|TAMS 0x0000000703000000, 0x0000000703000000|
|  49|0x0000000703100000, 0x00000007031fff00, 0x0000000703200000| 99%| O|  |TS  0|AC  0|TAMS 0x0000000703100000, 0x0000000703100000|
|  50|0x0000000703200000, 0x0000000703300000, 0x0000000703300000|100%|HS|  |TS  0|AC  0|TAMS 0x0000000703200000, 0x0000000703200000|
|  51|0x0000000703300000, 0x0000000703400000, 0x0000000703400000|100%|HC|  |TS  0|AC  0|TAMS 0x0000000703300000, 0x0000000703300000|
|  52|0x0000000703400000, 0x0000000703500000, 0x0000000703500000|100%|HC|  |TS  0|AC  0|TAMS 0x0000000703400000, 0x0000000703400000|
|  53|0x0000000703500000, 0x0000000703600000, 0x0000000703600000|100%|HC|  |TS  0|AC  0|TAMS 0x0000000703500000, 0x0000000703500000|
|  54|0x0000000703600000, 0x0000000703700000, 0x0000000703700000|100%|HC|  |TS  0|AC  0|TAMS 0x0000000703600000, 0x0000000703600000|
|  55|0x0000000703700000, 0x0000000703800000, 0x0000000703800000|100%|HC|  |TS  0|AC  0|TAMS 0x0000000703700000, 0x0000000703700000|
|  56|0x0000000703800000, 0x0000000703900000, 0x0000000703900000|100%|HC|  |TS  0|AC  0|TAMS 0x0000000703800000, 0x0000000703800000|
|  57|0x0000000703900000, 0x0000000703a00000, 0x0000000703a00000|100%|HC|  |TS  0|AC  0|TAMS 0x0000000703900000, 0x0000000703900000|
|  58|0x0000000703a00000, 0x0000000703ab3570, 0x0000000703b00000| 70%| O|  |TS  0|AC  0|TAMS 0x0000000703a00000, 0x0000000703a00000|
|  59|0x0000000703b00000, 0x0000000703bff340, 0x0000000703c00000| 99%| O|  |TS  0|AC  0|TAMS 0x0000000703b00000, 0x0000000703b00000|
|  60|0x0000000703c00000, 0x0000000703cffff8, 0x0000000703d00000| 99%| O|  |TS  0|AC  0|TAMS 0x0000000703c00000, 0x0000000703c00000|
|  61|0x0000000703d00000, 0x0000000703dffff0, 0x0000000703e00000| 99%| O|  |TS  0|AC  0|TAMS 0x0000000703d00000, 0x0000000703d00000|
|  62|0x0000000703e00000, 0x0000000703efffb8, 0x0000000703f00000| 99%| O|  |TS  0|AC  0|TAMS 0x0000000703e00000, 0x0000000703e00000|
|  63|0x0000000703f00000, 0x0000000704000000, 0x0000000704000000|100%| O|  |TS  0|AC  0|TAMS 0x0000000703f00000, 0x0000000703f00000|
|  64|0x0000000704000000, 0x00000007040ffff8, 0x0000000704100000| 99%| O|  |TS  0|AC  0|TAMS 0x0000000704000000, 0x0000000704000000|
|  65|0x0000000704100000, 0x0000000704200000, 0x0000000704200000|100%|HS|  |TS  0|AC  0|TAMS 0x0000000704100000, 0x0000000704100000|
|  66|0x0000000704200000, 0x0000000704300000, 0x0000000704300000|100%|HC|  |TS  0|AC  0|TAMS 0x0000000704200000, 0x0000000704200000|
|  67|0x0000000704300000, 0x0000000704400000, 0x0000000704400000|100%|HC|  |TS  0|AC  0|TAMS 0x0000000704300000, 0x0000000704300000|
|  68|0x0000000704400000, 0x00000007044fffd8, 0x0000000704500000| 99%| O|  |TS  0|AC  0|TAMS 0x0000000704400000, 0x0000000704400000|
|  69|0x0000000704500000, 0x0000000704600000, 0x0000000704600000|100%|HS|  |TS  0|AC  0|TAMS 0x0000000704500000, 0x0000000704500000|
|  70|0x0000000704600000, 0x00000007046fffe0, 0x0000000704700000| 99%| O|  |TS  0|AC  0|TAMS 0x0000000704600000, 0x0000000704600000|
|  71|0x0000000704700000, 0x00000007047ffff8, 0x0000000704800000| 99%| O|  |TS  0|AC  0|TAMS 0x0000000704700000, 0x0000000704700000|
|  72|0x0000000704800000, 0x00000007048fffe8, 0x0000000704900000| 99%| O|  |TS  0|AC  0|TAMS 0x0000000704800000, 0x0000000704800000|
|  73|0x0000000704900000, 0x00000007049ffed8, 0x0000000704a00000| 99%| O|  |TS  0|AC  0|TAMS 0x0000000704900000, 0x0000000704900000|
|  74|0x0000000704a00000, 0x0000000704afff70, 0x0000000704b00000| 99%| O|  |TS  0|AC  0|TAMS 0x0000000704a00000, 0x0000000704a00000|
|  75|0x0000000704b00000, 0x0000000704c00000, 0x0000000704c00000|100%| O|  |TS  0|AC  0|TAMS 0x0000000704b00000, 0x0000000704b00000|
|  76|0x0000000704c00000, 0x0000000704cfffe8, 0x0000000704d00000| 99%| O|  |TS  0|AC  0|TAMS 0x0000000704c00000, 0x0000000704c00000|
|  77|0x0000000704d00000, 0x0000000704dffff8, 0x0000000704e00000| 99%| O|  |TS  0|AC  0|TAMS 0x0000000704d00000, 0x0000000704d00000|
|  78|0x0000000704e00000, 0x0000000704efffe8, 0x0000000704f00000| 99%| O|  |TS  0|AC  0|TAMS 0x0000000704e00000, 0x0000000704e00000|
|  79|0x0000000704f00000, 0x0000000704fffff0, 0x0000000705000000| 99%| O|  |TS  0|AC  0|TAMS 0x0000000704f00000, 0x0000000704f00000|
|  80|0x0000000705000000, 0x0000000705100000, 0x0000000705100000|100%| O|  |TS  0|AC  0|TAMS 0x0000000705000000, 0x0000000705000000|
|  81|0x0000000705100000, 0x00000007051ffff0, 0x0000000705200000| 99%| O|  |TS  0|AC  0|TAMS 0x0000000705100000, 0x0000000705100000|
|  82|0x0000000705200000, 0x00000007052ffff0, 0x0000000705300000| 99%| O|  |TS  0|AC  0|TAMS 0x0000000705200000, 0x0000000705200000|
|  83|0x0000000705300000, 0x00000007053ffae0, 0x0000000705400000| 99%| O|  |TS  0|AC  0|TAMS 0x0000000705300000, 0x0000000705300000|
|  84|0x0000000705400000, 0x0000000705500000, 0x0000000705500000|100%| O|  |TS  0|AC  0|TAMS 0x0000000705400000, 0x0000000705400000|
|  85|0x0000000705500000, 0x00000007055ffff8, 0x0000000705600000| 99%| O|  |TS  0|AC  0|TAMS 0x0000000705500000, 0x0000000705500000|
|  86|0x0000000705600000, 0x00000007056ffff8, 0x0000000705700000| 99%| O|  |TS  0|AC  0|TAMS 0x0000000705600000, 0x0000000705600000|
|  87|0x0000000705700000, 0x00000007057fffe8, 0x0000000705800000| 99%| O|  |TS  0|AC  0|TAMS 0x0000000705700000, 0x0000000705700000|
|  88|0x0000000705800000, 0x00000007058f3df8, 0x0000000705900000| 95%| O|  |TS  0|AC  0|TAMS 0x0000000705800000, 0x0000000705800000|
|  89|0x0000000705900000, 0x0000000705a00000, 0x0000000705a00000|100%|HS|  |TS  0|AC  0|TAMS 0x0000000705900000, 0x0000000705900000|
|  90|0x0000000705a00000, 0x0000000705b00000, 0x0000000705b00000|100%|HC|  |TS  0|AC  0|TAMS 0x0000000705a00000, 0x0000000705a00000|
|  91|0x0000000705b00000, 0x0000000705b00000, 0x0000000705c00000|  0%| F|  |TS  0|AC  0|TAMS 0x0000000705b00000, 0x0000000705b00000|
|  92|0x0000000705c00000, 0x0000000705c00000, 0x0000000705d00000|  0%| F|  |TS  0|AC  0|TAMS 0x0000000705c00000, 0x0000000705c00000|
|  93|0x0000000705d00000, 0x0000000705d00000, 0x0000000705e00000|  0%| F|  |TS  0|AC  0|TAMS 0x0000000705d00000, 0x0000000705d00000|
|  94|0x0000000705e00000, 0x0000000705e00000, 0x0000000705f00000|  0%| F|  |TS  0|AC  0|TAMS 0x0000000705e00000, 0x0000000705e00000|
|  95|0x0000000705f00000, 0x0000000705f00000, 0x0000000706000000|  0%| F|  |TS  0|AC  0|TAMS 0x0000000705f00000, 0x0000000705f00000|
|  96|0x0000000706000000, 0x0000000706000000, 0x0000000706100000|  0%| F|  |TS  0|AC  0|TAMS 0x0000000706000000, 0x0000000706000000|
|  97|0x0000000706100000, 0x0000000706100000, 0x0000000706200000|  0%| F|  |TS  0|AC  0|TAMS 0x0000000706100000, 0x0000000706100000|
|  98|0x0000000706200000, 0x0000000706200000, 0x0000000706300000|  0%| F|  |TS  0|AC  0|TAMS 0x0000000706200000, 0x0000000706200000|
|  99|0x0000000706300000, 0x0000000706300000, 0x0000000706400000|  0%| F|  |TS  0|AC  0|TAMS 0x0000000706300000, 0x0000000706300000|
| 100|0x0000000706400000, 0x0000000706400000, 0x0000000706500000|  0%| F|  |TS  0|AC  0|TAMS 0x0000000706400000, 0x0000000706400000|
| 101|0x0000000706500000, 0x0000000706500000, 0x0000000706600000|  0%| F|  |TS  0|AC  0|TAMS 0x0000000706500000, 0x0000000706500000|
| 102|0x0000000706600000, 0x0000000706600000, 0x0000000706700000|  0%| F|  |TS  0|AC  0|TAMS 0x0000000706600000, 0x0000000706600000|
| 103|0x0000000706700000, 0x0000000706700000, 0x0000000706800000|  0%| F|  |TS  0|AC  0|TAMS 0x0000000706700000, 0x0000000706700000|
| 104|0x0000000706800000, 0x0000000706800000, 0x0000000706900000|  0%| F|  |TS  0|AC  0|TAMS 0x0000000706800000, 0x0000000706800000|
| 105|0x0000000706900000, 0x0000000706900000, 0x0000000706a00000|  0%| F|  |TS  0|AC  0|TAMS 0x0000000706900000, 0x0000000706900000|
| 106|0x0000000706a00000, 0x0000000706a00000, 0x0000000706b00000|  0%| F|  |TS  0|AC  0|TAMS 0x0000000706a00000, 0x0000000706a00000|
| 107|0x0000000706b00000, 0x0000000706b00000, 0x0000000706c00000|  0%| F|  |TS  0|AC  0|TAMS 0x0000000706b00000, 0x0000000706b00000|
| 108|0x0000000706c00000, 0x0000000706c00000, 0x0000000706d00000|  0%| F|  |TS  0|AC  0|TAMS 0x0000000706c00000, 0x0000000706c00000|
| 109|0x0000000706d00000, 0x0000000706d00000, 0x0000000706e00000|  0%| F|  |TS  0|AC  0|TAMS 0x0000000706d00000, 0x0000000706d00000|
| 110|0x0000000706e00000, 0x0000000706e00000, 0x0000000706f00000|  0%| F|  |TS  0|AC  0|TAMS 0x0000000706e00000, 0x0000000706e00000|
| 111|0x0000000706f00000, 0x0000000706f00000, 0x0000000707000000|  0%| F|  |TS  0|AC  0|TAMS 0x0000000706f00000, 0x0000000706f00000|
| 112|0x0000000707000000, 0x0000000707000000, 0x0000000707100000|  0%| F|  |TS  0|AC  0|TAMS 0x0000000707000000, 0x0000000707000000|
| 113|0x0000000707100000, 0x0000000707100000, 0x0000000707200000|  0%| F|  |TS  0|AC  0|TAMS 0x0000000707100000, 0x0000000707100000|
| 114|0x0000000707200000, 0x0000000707200000, 0x0000000707300000|  0%| F|  |TS  0|AC  0|TAMS 0x0000000707200000, 0x0000000707200000|
| 115|0x0000000707300000, 0x0000000707300000, 0x0000000707400000|  0%| F|  |TS  0|AC  0|TAMS 0x0000000707300000, 0x0000000707300000|
| 116|0x0000000707400000, 0x0000000707400000, 0x0000000707500000|  0%| F|  |TS  0|AC  0|TAMS 0x0000000707400000, 0x0000000707400000|
| 117|0x0000000707500000, 0x0000000707500000, 0x0000000707600000|  0%| F|  |TS  0|AC  0|TAMS 0x0000000707500000, 0x0000000707500000|
| 118|0x0000000707600000, 0x0000000707600000, 0x0000000707700000|  0%| F|  |TS  0|AC  0|TAMS 0x0000000707600000, 0x0000000707600000|
| 119|0x0000000707700000, 0x0000000707700000, 0x0000000707800000|  0%| F|  |TS  0|AC  0|TAMS 0x0000000707700000, 0x0000000707700000|
| 120|0x0000000707800000, 0x0000000707800000, 0x0000000707900000|  0%| F|  |TS  0|AC  0|TAMS 0x0000000707800000, 0x0000000707800000|
| 121|0x0000000707900000, 0x0000000707900000, 0x0000000707a00000|  0%| F|  |TS  0|AC  0|TAMS 0x0000000707900000, 0x0000000707900000|
| 122|0x0000000707a00000, 0x0000000707a00000, 0x0000000707b00000|  0%| F|  |TS  0|AC  0|TAMS 0x0000000707a00000, 0x0000000707a00000|
| 123|0x0000000707b00000, 0x0000000707b00000, 0x0000000707c00000|  0%| F|  |TS  0|AC  0|TAMS 0x0000000707b00000, 0x0000000707b00000|
| 124|0x0000000707c00000, 0x0000000707c00000, 0x0000000707d00000|  0%| F|  |TS  0|AC  0|TAMS 0x0000000707c00000, 0x0000000707c00000|
| 125|0x0000000707d00000, 0x0000000707d00000, 0x0000000707e00000|  0%| F|  |TS  0|AC  0|TAMS 0x0000000707d00000, 0x0000000707d00000|
| 126|0x0000000707e00000, 0x0000000707e00000, 0x0000000707f00000|  0%| F|  |TS  0|AC  0|TAMS 0x0000000707e00000, 0x0000000707e00000|
| 127|0x0000000707f00000, 0x0000000707f00000, 0x0000000708000000|  0%| F|  |TS  0|AC  0|TAMS 0x0000000707f00000, 0x0000000707f00000|
| 128|0x0000000708000000, 0x0000000708000000, 0x0000000708100000|  0%| F|  |TS  0|AC  0|TAMS 0x0000000708000000, 0x0000000708000000|
| 129|0x0000000708100000, 0x0000000708100000, 0x0000000708200000|  0%| F|  |TS  0|AC  0|TAMS 0x0000000708100000, 0x0000000708100000|
| 130|0x0000000708200000, 0x0000000708200000, 0x0000000708300000|  0%| F|  |TS  0|AC  0|TAMS 0x0000000708200000, 0x0000000708200000|
| 131|0x0000000708300000, 0x0000000708300000, 0x0000000708400000|  0%| F|  |TS  0|AC  0|TAMS 0x0000000708300000, 0x0000000708300000|
| 132|0x0000000708400000, 0x0000000708400000, 0x0000000708500000|  0%| F|  |TS  0|AC  0|TAMS 0x0000000708400000, 0x0000000708400000|
| 133|0x0000000708500000, 0x0000000708500000, 0x0000000708600000|  0%| F|  |TS  0|AC  0|TAMS 0x0000000708500000, 0x0000000708500000|
| 134|0x0000000708600000, 0x0000000708600000, 0x0000000708700000|  0%| F|  |TS  0|AC  0|TAMS 0x0000000708600000, 0x0000000708600000|
| 135|0x0000000708700000, 0x0000000708700000, 0x0000000708800000|  0%| F|  |TS  0|AC  0|TAMS 0x0000000708700000, 0x0000000708700000|
| 136|0x0000000708800000, 0x0000000708800000, 0x0000000708900000|  0%| F|  |TS  0|AC  0|TAMS 0x0000000708800000, 0x0000000708800000|
| 137|0x0000000708900000, 0x0000000708900000, 0x0000000708a00000|  0%| F|  |TS  0|AC  0|TAMS 0x0000000708900000, 0x0000000708900000|
| 138|0x0000000708a00000, 0x0000000708a00000, 0x0000000708b00000|  0%| F|  |TS  0|AC  0|TAMS 0x0000000708a00000, 0x0000000708a00000|
| 139|0x0000000708b00000, 0x0000000708b00000, 0x0000000708c00000|  0%| F|  |TS  0|AC  0|TAMS 0x0000000708b00000, 0x0000000708b00000|
| 140|0x0000000708c00000, 0x0000000708c00000, 0x0000000708d00000|  0%| F|  |TS  0|AC  0|TAMS 0x0000000708c00000, 0x0000000708c00000|
| 141|0x0000000708d00000, 0x0000000708d00000, 0x0000000708e00000|  0%| F|  |TS  0|AC  0|TAMS 0x0000000708d00000, 0x0000000708d00000|
| 142|0x0000000708e00000, 0x0000000708e00000, 0x0000000708f00000|  0%| F|  |TS  0|AC  0|TAMS 0x0000000708e00000, 0x0000000708e00000|
| 143|0x0000000708f00000, 0x0000000708f00000, 0x0000000709000000|  0%| F|  |TS  0|AC  0|TAMS 0x0000000708f00000, 0x0000000708f00000|
| 144|0x0000000709000000, 0x0000000709000000, 0x0000000709100000|  0%| F|  |TS  0|AC  0|TAMS 0x0000000709000000, 0x0000000709000000|
| 145|0x0000000709100000, 0x0000000709100000, 0x0000000709200000|  0%| F|  |TS  0|AC  0|TAMS 0x0000000709100000, 0x0000000709100000|
| 146|0x0000000709200000, 0x0000000709200000, 0x0000000709300000|  0%| F|  |TS  0|AC  0|TAMS 0x0000000709200000, 0x0000000709200000|
| 147|0x0000000709300000, 0x0000000709300000, 0x0000000709400000|  0%| F|  |TS  0|AC  0|TAMS 0x0000000709300000, 0x0000000709300000|
| 148|0x0000000709400000, 0x0000000709400000, 0x0000000709500000|  0%| F|  |TS  0|AC  0|TAMS 0x0000000709400000, 0x0000000709400000|
| 149|0x0000000709500000, 0x0000000709500000, 0x0000000709600000|  0%| F|  |TS  0|AC  0|TAMS 0x0000000709500000, 0x0000000709500000|
| 150|0x0000000709600000, 0x0000000709600000, 0x0000000709700000|  0%| F|  |TS  0|AC  0|TAMS 0x0000000709600000, 0x0000000709600000|
| 151|0x0000000709700000, 0x0000000709700000, 0x0000000709800000|  0%| F|  |TS  0|AC  0|TAMS 0x0000000709700000, 0x0000000709700000|
| 152|0x0000000709800000, 0x0000000709800000, 0x0000000709900000|  0%| F|  |TS  0|AC  0|TAMS 0x0000000709800000, 0x0000000709800000|
| 153|0x0000000709900000, 0x0000000709900000, 0x0000000709a00000|  0%| F|  |TS  0|AC  0|TAMS 0x0000000709900000, 0x0000000709900000|
| 154|0x0000000709a00000, 0x0000000709a00000, 0x0000000709b00000|  0%| F|  |TS  0|AC  0|TAMS 0x0000000709a00000, 0x0000000709a00000|
| 155|0x0000000709b00000, 0x0000000709b00000, 0x0000000709c00000|  0%| F|  |TS  0|AC  0|TAMS 0x0000000709b00000, 0x0000000709b00000|
| 156|0x0000000709c00000, 0x0000000709c00000, 0x0000000709d00000|  0%| F|  |TS  0|AC  0|TAMS 0x0000000709c00000, 0x0000000709c00000|
| 157|0x0000000709d00000, 0x0000000709d00000, 0x0000000709e00000|  0%| F|  |TS  0|AC  0|TAMS 0x0000000709d00000, 0x0000000709d00000|
| 158|0x0000000709e00000, 0x0000000709e00000, 0x0000000709f00000|  0%| F|  |TS  0|AC  0|TAMS 0x0000000709e00000, 0x0000000709e00000|
| 159|0x0000000709f00000, 0x0000000709f00000, 0x000000070a000000|  0%| F|  |TS  0|AC  0|TAMS 0x0000000709f00000, 0x0000000709f00000|
| 160|0x000000070a000000, 0x000000070a000000, 0x000000070a100000|  0%| F|  |TS  0|AC  0|TAMS 0x000000070a000000, 0x000000070a000000|
| 161|0x000000070a100000, 0x000000070a100000, 0x000000070a200000|  0%| F|  |TS  0|AC  0|TAMS 0x000000070a100000, 0x000000070a100000|
| 162|0x000000070a200000, 0x000000070a200000, 0x000000070a300000|  0%| F|  |TS  0|AC  0|TAMS 0x000000070a200000, 0x000000070a200000|
| 163|0x000000070a300000, 0x000000070a300000, 0x000000070a400000|  0%| F|  |TS  0|AC  0|TAMS 0x000000070a300000, 0x000000070a300000|
| 164|0x000000070a400000, 0x000000070a400000, 0x000000070a500000|  0%| F|  |TS  0|AC  0|TAMS 0x000000070a400000, 0x000000070a400000|
| 165|0x000000070a500000, 0x000000070a500000, 0x000000070a600000|  0%| F|  |TS  0|AC  0|TAMS 0x000000070a500000, 0x000000070a500000|
| 166|0x000000070a600000, 0x000000070a600000, 0x000000070a700000|  0%| F|  |TS  0|AC  0|TAMS 0x000000070a600000, 0x000000070a600000|
| 167|0x000000070a700000, 0x000000070a700000, 0x000000070a800000|  0%| F|  |TS  0|AC  0|TAMS 0x000000070a700000, 0x000000070a700000|
| 168|0x000000070a800000, 0x000000070a800000, 0x000000070a900000|  0%| F|  |TS  0|AC  0|TAMS 0x000000070a800000, 0x000000070a800000|
| 169|0x000000070a900000, 0x000000070a900000, 0x000000070aa00000|  0%| F|  |TS  0|AC  0|TAMS 0x000000070a900000, 0x000000070a900000|
| 170|0x000000070aa00000, 0x000000070aa00000, 0x000000070ab00000|  0%| F|  |TS  0|AC  0|TAMS 0x000000070aa00000, 0x000000070aa00000|
| 171|0x000000070ab00000, 0x000000070ab00000, 0x000000070ac00000|  0%| F|  |TS  0|AC  0|TAMS 0x000000070ab00000, 0x000000070ab00000|
| 172|0x000000070ac00000, 0x000000070ac00000, 0x000000070ad00000|  0%| F|  |TS  0|AC  0|TAMS 0x000000070ac00000, 0x000000070ac00000|
| 173|0x000000070ad00000, 0x000000070ad00000, 0x000000070ae00000|  0%| F|  |TS  0|AC  0|TAMS 0x000000070ad00000, 0x000000070ad00000|
| 174|0x000000070ae00000, 0x000000070ae00000, 0x000000070af00000|  0%| F|  |TS  0|AC  0|TAMS 0x000000070ae00000, 0x000000070ae00000|
| 175|0x000000070af00000, 0x000000070af00000, 0x000000070b000000|  0%| F|  |TS  0|AC  0|TAMS 0x000000070af00000, 0x000000070af00000|
| 176|0x000000070b000000, 0x000000070b000000, 0x000000070b100000|  0%| F|  |TS  0|AC  0|TAMS 0x000000070b000000, 0x000000070b000000|
| 177|0x000000070b100000, 0x000000070b100000, 0x000000070b200000|  0%| F|  |TS  0|AC  0|TAMS 0x000000070b100000, 0x000000070b100000|
| 178|0x000000070b200000, 0x000000070b200000, 0x000000070b300000|  0%| F|  |TS  0|AC  0|TAMS 0x000000070b200000, 0x000000070b200000|
| 179|0x000000070b300000, 0x000000070b300000, 0x000000070b400000|  0%| F|  |TS  0|AC  0|TAMS 0x000000070b300000, 0x000000070b300000|
| 180|0x000000070b400000, 0x000000070b400000, 0x000000070b500000|  0%| F|  |TS  0|AC  0|TAMS 0x000000070b400000, 0x000000070b400000|
| 181|0x000000070b500000, 0x000000070b500000, 0x000000070b600000|  0%| F|  |TS  0|AC  0|TAMS 0x000000070b500000, 0x000000070b500000|
| 182|0x000000070b600000, 0x000000070b600000, 0x000000070b700000|  0%| F|  |TS  0|AC  0|TAMS 0x000000070b600000, 0x000000070b600000|
| 183|0x000000070b700000, 0x000000070b700000, 0x000000070b800000|  0%| F|  |TS  0|AC  0|TAMS 0x000000070b700000, 0x000000070b700000|
| 184|0x000000070b800000, 0x000000070b800000, 0x000000070b900000|  0%| F|  |TS  0|AC  0|TAMS 0x000000070b800000, 0x000000070b800000|
| 185|0x000000070b900000, 0x000000070b900000, 0x000000070ba00000|  0%| F|  |TS  0|AC  0|TAMS 0x000000070b900000, 0x000000070b900000|
| 186|0x000000070ba00000, 0x000000070ba00000, 0x000000070bb00000|  0%| F|  |TS  0|AC  0|TAMS 0x000000070ba00000, 0x000000070ba00000|
| 187|0x000000070bb00000, 0x000000070bb00000, 0x000000070bc00000|  0%| F|  |TS  0|AC  0|TAMS 0x000000070bb00000, 0x000000070bb00000|
| 188|0x000000070bc00000, 0x000000070bc00000, 0x000000070bd00000|  0%| F|  |TS  0|AC  0|TAMS 0x000000070bc00000, 0x000000070bc00000|
| 189|0x000000070bd00000, 0x000000070bd00000, 0x000000070be00000|  0%| F|  |TS  0|AC  0|TAMS 0x000000070bd00000, 0x000000070bd00000|
| 190|0x000000070be00000, 0x000000070be00000, 0x000000070bf00000|  0%| F|  |TS  0|AC  0|TAMS 0x000000070be00000, 0x000000070be00000|
| 191|0x000000070bf00000, 0x000000070bf00000, 0x000000070c000000|  0%| F|  |TS  0|AC  0|TAMS 0x000000070bf00000, 0x000000070bf00000|
| 192|0x000000070c000000, 0x000000070c000000, 0x000000070c100000|  0%| F|  |TS  0|AC  0|TAMS 0x000000070c000000, 0x000000070c000000|
| 193|0x000000070c100000, 0x000000070c100000, 0x000000070c200000|  0%| F|  |TS  0|AC  0|TAMS 0x000000070c100000, 0x000000070c100000|
| 194|0x000000070c200000, 0x000000070c200000, 0x000000070c300000|  0%| F|  |TS  0|AC  0|TAMS 0x000000070c200000, 0x000000070c200000|
| 195|0x000000070c300000, 0x000000070c300000, 0x000000070c400000|  0%| F|  |TS  0|AC  0|TAMS 0x000000070c300000, 0x000000070c300000|
| 196|0x000000070c400000, 0x000000070c400000, 0x000000070c500000|  0%| F|  |TS  0|AC  0|TAMS 0x000000070c400000, 0x000000070c400000|
| 197|0x000000070c500000, 0x000000070c500000, 0x000000070c600000|  0%| F|  |TS  0|AC  0|TAMS 0x000000070c500000, 0x000000070c500000|
| 198|0x000000070c600000, 0x000000070c600000, 0x000000070c700000|  0%| F|  |TS  0|AC  0|TAMS 0x000000070c600000, 0x000000070c600000|
| 199|0x000000070c700000, 0x000000070c700000, 0x000000070c800000|  0%| F|  |TS  0|AC  0|TAMS 0x000000070c700000, 0x000000070c700000|
| 200|0x000000070c800000, 0x000000070c800000, 0x000000070c900000|  0%| F|  |TS  0|AC  0|TAMS 0x000000070c800000, 0x000000070c800000|
| 201|0x000000070c900000, 0x000000070c900000, 0x000000070ca00000|  0%| F|  |TS  0|AC  0|TAMS 0x000000070c900000, 0x000000070c900000|
| 202|0x000000070ca00000, 0x000000070ca00000, 0x000000070cb00000|  0%| F|  |TS  0|AC  0|TAMS 0x000000070ca00000, 0x000000070ca00000|
| 203|0x000000070cb00000, 0x000000070cb00000, 0x000000070cc00000|  0%| F|  |TS  0|AC  0|TAMS 0x000000070cb00000, 0x000000070cb00000|
| 204|0x000000070cc00000, 0x000000070cc00000, 0x000000070cd00000|  0%| F|  |TS  0|AC  0|TAMS 0x000000070cc00000, 0x000000070cc00000|
| 205|0x000000070cd00000, 0x000000070cd00000, 0x000000070ce00000|  0%| F|  |TS  0|AC  0|TAMS 0x000000070cd00000, 0x000000070cd00000|
| 206|0x000000070ce00000, 0x000000070ce00000, 0x000000070cf00000|  0%| F|  |TS  0|AC  0|TAMS 0x000000070ce00000, 0x000000070ce00000|
| 207|0x000000070cf00000, 0x000000070cf00000, 0x000000070d000000|  0%| F|  |TS  0|AC  0|TAMS 0x000000070cf00000, 0x000000070cf00000|
| 208|0x000000070d000000, 0x000000070d000000, 0x000000070d100000|  0%| F|  |TS  0|AC  0|TAMS 0x000000070d000000, 0x000000070d000000|
| 209|0x000000070d100000, 0x000000070d100000, 0x000000070d200000|  0%| F|  |TS  0|AC  0|TAMS 0x000000070d100000, 0x000000070d100000|
| 210|0x000000070d200000, 0x000000070d200000, 0x000000070d300000|  0%| F|  |TS  0|AC  0|TAMS 0x000000070d200000, 0x000000070d200000|
| 211|0x000000070d300000, 0x000000070d300000, 0x000000070d400000|  0%| F|  |TS  0|AC  0|TAMS 0x000000070d300000, 0x000000070d300000|
| 212|0x000000070d400000, 0x000000070d400000, 0x000000070d500000|  0%| F|  |TS  0|AC  0|TAMS 0x000000070d400000, 0x000000070d400000|
| 213|0x000000070d500000, 0x000000070d500000, 0x000000070d600000|  0%| F|  |TS  0|AC  0|TAMS 0x000000070d500000, 0x000000070d500000|
| 214|0x000000070d600000, 0x000000070d600000, 0x000000070d700000|  0%| F|  |TS  0|AC  0|TAMS 0x000000070d600000, 0x000000070d600000|
| 215|0x000000070d700000, 0x000000070d700000, 0x000000070d800000|  0%| F|  |TS  0|AC  0|TAMS 0x000000070d700000, 0x000000070d700000|
| 216|0x000000070d800000, 0x000000070d800000, 0x000000070d900000|  0%| F|  |TS  0|AC  0|TAMS 0x000000070d800000, 0x000000070d800000|
| 217|0x000000070d900000, 0x000000070d900000, 0x000000070da00000|  0%| F|  |TS  0|AC  0|TAMS 0x000000070d900000, 0x000000070d900000|
| 218|0x000000070da00000, 0x000000070da00000, 0x000000070db00000|  0%| F|  |TS  0|AC  0|TAMS 0x000000070da00000, 0x000000070da00000|
| 219|0x000000070db00000, 0x000000070db00000, 0x000000070dc00000|  0%| F|  |TS  0|AC  0|TAMS 0x000000070db00000, 0x000000070db00000|
| 220|0x000000070dc00000, 0x000000070dc00000, 0x000000070dd00000|  0%| F|  |TS  0|AC  0|TAMS 0x000000070dc00000, 0x000000070dc00000|
| 221|0x000000070dd00000, 0x000000070dd00000, 0x000000070de00000|  0%| F|  |TS  0|AC  0|TAMS 0x000000070dd00000, 0x000000070dd00000|
| 222|0x000000070de00000, 0x000000070de00000, 0x000000070df00000|  0%| F|  |TS  0|AC  0|TAMS 0x000000070de00000, 0x000000070de00000|
| 223|0x000000070df00000, 0x000000070df00000, 0x000000070e000000|  0%| F|  |TS  0|AC  0|TAMS 0x000000070df00000, 0x000000070df00000|
| 224|0x000000070e000000, 0x000000070e000000, 0x000000070e100000|  0%| F|  |TS  0|AC  0|TAMS 0x000000070e000000, 0x000000070e000000|
| 225|0x000000070e100000, 0x000000070e100000, 0x000000070e200000|  0%| F|  |TS  0|AC  0|TAMS 0x000000070e100000, 0x000000070e100000|
| 226|0x000000070e200000, 0x000000070e200000, 0x000000070e300000|  0%| F|  |TS  0|AC  0|TAMS 0x000000070e200000, 0x000000070e200000|
| 227|0x000000070e300000, 0x000000070e300000, 0x000000070e400000|  0%| F|  |TS  0|AC  0|TAMS 0x000000070e300000, 0x000000070e300000|
| 228|0x000000070e400000, 0x000000070e400000, 0x000000070e500000|  0%| F|  |TS  0|AC  0|TAMS 0x000000070e400000, 0x000000070e400000|
| 229|0x000000070e500000, 0x000000070e500000, 0x000000070e600000|  0%| F|  |TS  0|AC  0|TAMS 0x000000070e500000, 0x000000070e500000|
| 230|0x000000070e600000, 0x000000070e600000, 0x000000070e700000|  0%| F|  |TS  0|AC  0|TAMS 0x000000070e600000, 0x000000070e600000|
| 231|0x000000070e700000, 0x000000070e700000, 0x000000070e800000|  0%| F|  |TS  0|AC  0|TAMS 0x000000070e700000, 0x000000070e700000|
| 232|0x000000070e800000, 0x000000070e800000, 0x000000070e900000|  0%| F|  |TS  0|AC  0|TAMS 0x000000070e800000, 0x000000070e800000|
| 233|0x000000070e900000, 0x000000070e900000, 0x000000070ea00000|  0%| F|  |TS  0|AC  0|TAMS 0x000000070e900000, 0x000000070e900000|
| 234|0x000000070ea00000, 0x000000070ea00000, 0x000000070eb00000|  0%| F|  |TS  0|AC  0|TAMS 0x000000070ea00000, 0x000000070ea00000|
| 235|0x000000070eb00000, 0x000000070eb00000, 0x000000070ec00000|  0%| F|  |TS  0|AC  0|TAMS 0x000000070eb00000, 0x000000070eb00000|
| 236|0x000000070ec00000, 0x000000070ecd4920, 0x000000070ed00000| 83%| E|  |TS  0|AC  0|TAMS 0x000000070ec00000, 0x000000070ec00000|
| 237|0x000000070ed00000, 0x000000070ee00000, 0x000000070ee00000|100%| E|CS|TS  0|AC  0|TAMS 0x000000070ed00000, 0x000000070ed00000|
| 238|0x000000070ee00000, 0x000000070ef00000, 0x000000070ef00000|100%| E|CS|TS  0|AC  0|TAMS 0x000000070ee00000, 0x000000070ee00000|
| 239|0x000000070ef00000, 0x000000070f000000, 0x000000070f000000|100%| E|CS|TS  0|AC  0|TAMS 0x000000070ef00000, 0x000000070ef00000|
| 240|0x000000070f000000, 0x000000070f100000, 0x000000070f100000|100%| E|CS|TS  0|AC  0|TAMS 0x000000070f000000, 0x000000070f000000|
| 241|0x000000070f100000, 0x000000070f200000, 0x000000070f200000|100%| E|CS|TS  0|AC  0|TAMS 0x000000070f100000, 0x000000070f100000|
| 242|0x000000070f200000, 0x000000070f300000, 0x000000070f300000|100%| E|CS|TS  0|AC  0|TAMS 0x000000070f200000, 0x000000070f200000|
| 243|0x000000070f300000, 0x000000070f400000, 0x000000070f400000|100%| E|CS|TS  0|AC  0|TAMS 0x000000070f300000, 0x000000070f300000|
| 244|0x000000070f400000, 0x000000070f500000, 0x000000070f500000|100%| E|CS|TS  0|AC  0|TAMS 0x000000070f400000, 0x000000070f400000|
| 245|0x000000070f500000, 0x000000070f600000, 0x000000070f600000|100%| E|CS|TS  0|AC  0|TAMS 0x000000070f500000, 0x000000070f500000|
| 246|0x000000070f600000, 0x000000070f700000, 0x000000070f700000|100%| E|CS|TS  0|AC  0|TAMS 0x000000070f600000, 0x000000070f600000|
| 247|0x000000070f700000, 0x000000070f800000, 0x000000070f800000|100%| E|CS|TS  0|AC  0|TAMS 0x000000070f700000, 0x000000070f700000|
| 248|0x000000070f800000, 0x000000070f900000, 0x000000070f900000|100%| E|CS|TS  0|AC  0|TAMS 0x000000070f800000, 0x000000070f800000|
| 249|0x000000070f900000, 0x000000070fa00000, 0x000000070fa00000|100%| E|CS|TS  0|AC  0|TAMS 0x000000070f900000, 0x000000070f900000|
| 250|0x000000070fa00000, 0x000000070fb00000, 0x000000070fb00000|100%| E|CS|TS  0|AC  0|TAMS 0x000000070fa00000, 0x000000070fa00000|
| 251|0x000000070fb00000, 0x000000070fc00000, 0x000000070fc00000|100%| E|CS|TS  0|AC  0|TAMS 0x000000070fb00000, 0x000000070fb00000|
| 252|0x000000070fc00000, 0x000000070fd00000, 0x000000070fd00000|100%| E|CS|TS  0|AC  0|TAMS 0x000000070fc00000, 0x000000070fc00000|
| 253|0x000000070fd00000, 0x000000070fe00000, 0x000000070fe00000|100%| E|CS|TS  0|AC  0|TAMS 0x000000070fd00000, 0x000000070fd00000|
| 254|0x000000070fe00000, 0x000000070ff00000, 0x000000070ff00000|100%| E|CS|TS  0|AC  0|TAMS 0x000000070fe00000, 0x000000070fe00000|
| 255|0x000000070ff00000, 0x0000000710000000, 0x0000000710000000|100%| E|CS|TS  0|AC  0|TAMS 0x000000070ff00000, 0x000000070ff00000|
| 256|0x0000000710000000, 0x0000000710100000, 0x0000000710100000|100%| E|CS|TS  0|AC  0|TAMS 0x0000000710000000, 0x0000000710000000|
| 257|0x0000000710100000, 0x0000000710200000, 0x0000000710200000|100%| E|CS|TS  0|AC  0|TAMS 0x0000000710100000, 0x0000000710100000|
| 258|0x0000000710200000, 0x0000000710300000, 0x0000000710300000|100%| E|CS|TS  0|AC  0|TAMS 0x0000000710200000, 0x0000000710200000|
| 259|0x0000000710300000, 0x0000000710400000, 0x0000000710400000|100%| E|CS|TS  0|AC  0|TAMS 0x0000000710300000, 0x0000000710300000|
| 260|0x0000000710400000, 0x0000000710500000, 0x0000000710500000|100%| E|CS|TS  0|AC  0|TAMS 0x0000000710400000, 0x0000000710400000|
| 261|0x0000000710500000, 0x0000000710600000, 0x0000000710600000|100%| E|CS|TS  0|AC  0|TAMS 0x0000000710500000, 0x0000000710500000|
| 262|0x0000000710600000, 0x0000000710700000, 0x0000000710700000|100%| E|CS|TS  0|AC  0|TAMS 0x0000000710600000, 0x0000000710600000|
| 263|0x0000000710700000, 0x0000000710800000, 0x0000000710800000|100%| E|CS|TS  0|AC  0|TAMS 0x0000000710700000, 0x0000000710700000|
| 264|0x0000000710800000, 0x0000000710900000, 0x0000000710900000|100%| E|CS|TS  0|AC  0|TAMS 0x0000000710800000, 0x0000000710800000|
| 265|0x0000000710900000, 0x0000000710a00000, 0x0000000710a00000|100%| E|CS|TS  0|AC  0|TAMS 0x0000000710900000, 0x0000000710900000|
| 266|0x0000000710a00000, 0x0000000710b00000, 0x0000000710b00000|100%| E|CS|TS  0|AC  0|TAMS 0x0000000710a00000, 0x0000000710a00000|
| 267|0x0000000710b00000, 0x0000000710c00000, 0x0000000710c00000|100%| E|CS|TS  0|AC  0|TAMS 0x0000000710b00000, 0x0000000710b00000|
| 268|0x0000000710c00000, 0x0000000710d00000, 0x0000000710d00000|100%| E|CS|TS  0|AC  0|TAMS 0x0000000710c00000, 0x0000000710c00000|
| 269|0x0000000710d00000, 0x0000000710e00000, 0x0000000710e00000|100%| E|CS|TS  0|AC  0|TAMS 0x0000000710d00000, 0x0000000710d00000|
| 270|0x0000000710e00000, 0x0000000710f00000, 0x0000000710f00000|100%| E|CS|TS  0|AC  0|TAMS 0x0000000710e00000, 0x0000000710e00000|
| 271|0x0000000710f00000, 0x0000000711000000, 0x0000000711000000|100%| E|CS|TS  0|AC  0|TAMS 0x0000000710f00000, 0x0000000710f00000|

Card table byte_map: [0x00000225a3bc0000,0x00000225a41c0000] byte_map_base: 0x00000225a03c0000

Marking Bits (Prev, Next): (CMBitMap*) 0x00000225c35a3ce8, (CMBitMap*) 0x00000225c35a3cb0
 Prev Bits: [0x00000225ad8b0000, 0x00000225b08b0000)
 Next Bits: [0x00000225aa8b0000, 0x00000225ad8b0000)

Polling page: 0x0000022586190000

CodeHeap 'non-profiled nmethods': size=120064Kb used=19821Kb max_used=19821Kb free=100242Kb
 bounds [0x000002259b860000, 0x000002259cbc0000, 0x00000225a2da0000]
CodeHeap 'profiled nmethods': size=120000Kb used=44766Kb max_used=44766Kb free=75233Kb
 bounds [0x0000022594330000, 0x0000022596f20000, 0x000002259b860000]
CodeHeap 'non-nmethods': size=5696Kb used=1794Kb max_used=1843Kb free=3901Kb
 bounds [0x0000022593da0000, 0x0000022594010000, 0x0000022594330000]
 total_blobs=29815 nmethods=17465 adapters=1131
 compilation: enabled

Compilation events (10 events):
Event: 373.358 Thread 0x00000225a9c5b000 21069       3       ui.views.R.aB::paintComponent (68 bytes)
Event: 373.359 Thread 0x00000225a9c5b000 nmethod 21069 0x0000022596f0a510 code [0x0000022596f0a780, 0x0000022596f0b410]
Event: 373.478 Thread 0x00000225a9c5b000 21070       3       javax.swing.plaf.synth.SynthProgressBarUI::getContext (11 bytes)
Event: 373.479 Thread 0x00000225a9c5b000 nmethod 21070 0x0000022596f0b810 code [0x0000022596f0ba80, 0x0000022596f0c600]
Event: 373.479 Thread 0x00000225a9c5b000 21071       3       javax.swing.plaf.synth.SynthProgressBarUI::getComponentState (5 bytes)
Event: 373.479 Thread 0x00000225a9c5b000 nmethod 21071 0x0000022596f0c990 code [0x0000022596f0cba0, 0x0000022596f0d240]
Event: 373.970 Thread 0x00000225a9c5b000 21072 % !   3       java.awt.GridBagLayout::GetLayoutInfo @ 2301 (2978 bytes)
Event: 373.977 Thread 0x00000225a9c5b000 nmethod 21072% 0x0000022596f0d410 code [0x0000022596f0dba0, 0x0000022596f143b0]
Event: 374.227 Thread 0x00000225a9c5b000 21073       3       javax.swing.plaf.synth.SynthProgressBarUI::update (44 bytes)
Event: 374.228 Thread 0x00000225a9c5b000 nmethod 21073 0x0000022596f19d10 code [0x0000022596f1a000, 0x0000022596f1b180]

GC Heap History (10 events):
Event: 367.347 GC heap before
{Heap before GC invocations=142 (full 27):
 garbage-first heap   total 278528K, used 157423K [0x0000000700000000, 0x0000000700100880, 0x00000007c0000000)
  region size 1024K, 60 young (61440K), 2 survivors (2048K)
 Metaspace       used 88609K, capacity 94925K, committed 95068K, reserved 1130496K
  class space    used 12700K, capacity 13800K, committed 13916K, reserved 1048576K
}
Event: 367.350 GC heap after
{Heap after GC invocations=143 (full 27):
 garbage-first heap   total 278528K, used 98068K [0x0000000700000000, 0x0000000700100880, 0x00000007c0000000)
  region size 1024K, 2 young (2048K), 2 survivors (2048K)
 Metaspace       used 88609K, capacity 94925K, committed 95068K, reserved 1130496K
  class space    used 12700K, capacity 13800K, committed 13916K, reserved 1048576K
}
Event: 369.525 GC heap before
{Heap before GC invocations=143 (full 27):
 garbage-first heap   total 278528K, used 157460K [0x0000000700000000, 0x0000000700100880, 0x00000007c0000000)
  region size 1024K, 60 young (61440K), 2 survivors (2048K)
 Metaspace       used 88623K, capacity 94925K, committed 95068K, reserved 1130496K
  class space    used 12700K, capacity 13800K, committed 13916K, reserved 1048576K
}
Event: 369.528 GC heap after
{Heap after GC invocations=144 (full 27):
 garbage-first heap   total 278528K, used 98224K [0x0000000700000000, 0x0000000700100880, 0x00000007c0000000)
  region size 1024K, 2 young (2048K), 2 survivors (2048K)
 Metaspace       used 88623K, capacity 94925K, committed 95068K, reserved 1130496K
  class space    used 12700K, capacity 13800K, committed 13916K, reserved 1048576K
}
Event: 371.008 GC heap before
{Heap before GC invocations=144 (full 27):
 garbage-first heap   total 278528K, used 157616K [0x0000000700000000, 0x0000000700100880, 0x00000007c0000000)
  region size 1024K, 60 young (61440K), 2 survivors (2048K)
 Metaspace       used 88624K, capacity 94925K, committed 95068K, reserved 1130496K
  class space    used 12700K, capacity 13800K, committed 13916K, reserved 1048576K
}
Event: 371.010 GC heap after
{Heap after GC invocations=145 (full 27):
 garbage-first heap   total 278528K, used 98171K [0x0000000700000000, 0x0000000700100880, 0x00000007c0000000)
  region size 1024K, 2 young (2048K), 2 survivors (2048K)
 Metaspace       used 88624K, capacity 94925K, committed 95068K, reserved 1130496K
  class space    used 12700K, capacity 13800K, committed 13916K, reserved 1048576K
}
Event: 372.433 GC heap before
{Heap before GC invocations=145 (full 27):
 garbage-first heap   total 278528K, used 157563K [0x0000000700000000, 0x0000000700100880, 0x00000007c0000000)
  region size 1024K, 60 young (61440K), 2 survivors (2048K)
 Metaspace       used 88634K, capacity 94925K, committed 95068K, reserved 1130496K
  class space    used 12700K, capacity 13800K, committed 13916K, reserved 1048576K
}
Event: 372.436 GC heap after
{Heap after GC invocations=146 (full 27):
 garbage-first heap   total 278528K, used 98283K [0x0000000700000000, 0x0000000700100880, 0x00000007c0000000)
  region size 1024K, 2 young (2048K), 2 survivors (2048K)
 Metaspace       used 88634K, capacity 94925K, committed 95068K, reserved 1130496K
  class space    used 12700K, capacity 13800K, committed 13916K, reserved 1048576K
}
Event: 372.508 GC heap before
{Heap before GC invocations=146 (full 27):
 garbage-first heap   total 278528K, used 106475K [0x0000000700000000, 0x0000000700100880, 0x00000007c0000000)
  region size 1024K, 11 young (11264K), 2 survivors (2048K)
 Metaspace       used 88636K, capacity 94925K, committed 95068K, reserved 1130496K
  class space    used 12700K, capacity 13800K, committed 13916K, reserved 1048576K
}
Event: 372.698 GC heap after
{Heap after GC invocations=147 (full 28):
 garbage-first heap   total 278528K, used 92540K [0x0000000700000000, 0x0000000700100880, 0x00000007c0000000)
  region size 1024K, 0 young (0K), 0 survivors (0K)
 Metaspace       used 88636K, capacity 94925K, committed 95068K, reserved 1130496K
  class space    used 12700K, capacity 13800K, committed 13916K, reserved 1048576K
}

Deoptimization events (10 events):
Event: 363.161 Thread 0x00000225b30b3800 Uncommon trap: reason=class_check action=maybe_recompile pc=0x000002259bddc878 method=com.jidesoft.grid.AbstractExpandable.getNumberOfVisibleExpandable()I @ 99 c2
Event: 365.289 Thread 0x00000225b30b3800 Uncommon trap: reason=bimorphic_or_optimized_type_check action=maybe_recompile pc=0x000002259c61d630 method=javax.swing.JTable.isRowSelected(I)Z @ 5 c2
Event: 366.875 Thread 0x00000225b30b3800 Uncommon trap: reason=unstable_if action=reinterpret pc=0x000002259caf17bc method=ui.frmwork.a.gIY()Z @ 46 c2
Event: 366.947 Thread 0x00000225b30b3800 Uncommon trap: reason=class_check action=maybe_recompile pc=0x000002259c3b7e44 method=com.jidesoft.docking.DefaultDockingManager.handleEvent(Ljava/awt/AWTEvent;)Z @ 2252 c2
Event: 367.022 Thread 0x00000225b30b3800 Uncommon trap: reason=unstable_if action=reinterpret pc=0x000002259c744c48 method=de.javasoft.plaf.synthetica.styles.LabelStyle.getColor(Ljavax/swing/plaf/synth/SynthContext;Ljavax/swing/plaf/synth/ColorType;)Ljava/awt/Color; @ 82 c2
Event: 367.022 Thread 0x00000225b30b3800 Uncommon trap: reason=unstable_if action=reinterpret pc=0x000002259c80c23c method=de.javasoft.plaf.synthetica.painter.LabelPainter.paintLabelBackground(Ljavax/swing/plaf/synth/SynthContext;Ljava/awt/Graphics;IIII)V @ 379 c2
Event: 367.038 Thread 0x00000225b30b3800 Uncommon trap: reason=unstable_if action=reinterpret pc=0x000002259c6c2018 method=javax.swing.tree.VariableHeightLayoutCache$TreeStateNode.getXOrigin()I @ 4 c2
Event: 367.038 Thread 0x00000225b30b3800 Uncommon trap: reason=unstable_if action=reinterpret pc=0x000002259cb35820 method=ui.views.waveform.f.e.getTreeCellRendererComponent(Ljavax/swing/JTree;Ljava/lang/Object;ZZZIZ)Ljava/awt/Component; @ 85 c2
Event: 367.090 Thread 0x00000225b30b3800 Uncommon trap: reason=unstable_if action=reinterpret pc=0x000002259c08ef8c method=java.util.HashMap.removeNode(ILjava/lang/Object;Ljava/lang/Object;ZZ)Ljava/util/HashMap$Node; @ 133 c2
Event: 373.324 Thread 0x00000225b30b3800 Uncommon trap: reason=class_check action=maybe_recompile pc=0x000002259bf85200 method=java.awt.Component.addNotify()V @ 200 c2

Classes redefined (0 events):
No events

Internal exceptions (10 events):
Event: 116.953 Thread 0x00000225b30b3800 Exception <a 'java/lang/NoSuchMethodError'{0x0000000710c62aa0}: java.lang.invoke.DirectMethodHandle$Holder.invokeSpecial(Ljava/lang/Object;Ljava/lang/Object;IILjava/lang/Object;Ljava/lang/Object;I)Ljava/lang/Object;> (0x0000000710c62aa0) thrown at [t:/wor
Event: 116.953 Thread 0x00000225b30b3800 Exception <a 'java/lang/NoSuchMethodError'{0x0000000710c65f78}: java.lang.invoke.DelegatingMethodHandle$Holder.reinvoke_L(Ljava/lang/Object;IILjava/lang/Object;Ljava/lang/Object;I)Ljava/lang/Object;> (0x0000000710c65f78) thrown at [t:/workspace/hotspot/sr
Event: 118.835 Thread 0x00000225b30b3800 Implicit null exception at 0x000002259c07c5d0 to 0x000002259c07ce21
Event: 136.910 Thread 0x00000225b30b3800 Implicit null exception at 0x000002259c6210ab to 0x000002259c6218e9
Event: 178.792 Thread 0x00000225b30b3800 Implicit null exception at 0x000002259c4c3a23 to 0x000002259c4c5af1
Event: 290.202 Thread 0x00000225b30b3800 Implicit null exception at 0x000002259ca47c17 to 0x000002259ca48ecd
Event: 318.977 Thread 0x00000225b30b3800 Exception <a 'java/lang/NoSuchMethodError'{0x000000070d623c78}: java.lang.invoke.DirectMethodHandle$Holder.invokeSpecial(Ljava/lang/Object;Ljava/lang/Object;IILjava/lang/Object;ILjava/lang/Object;I)Ljava/lang/Object;> (0x000000070d623c78) thrown at [t:/wo
Event: 318.977 Thread 0x00000225b30b3800 Exception <a 'java/lang/NoSuchMethodError'{0x000000070d6273e8}: java.lang.invoke.DelegatingMethodHandle$Holder.reinvoke_L(Ljava/lang/Object;IILjava/lang/Object;ILjava/lang/Object;I)Ljava/lang/Object;> (0x000000070d6273e8) thrown at [t:/workspace/hotspot/s
Event: 318.977 Thread 0x00000225b30b3800 Exception <a 'java/lang/NoSuchMethodError'{0x000000070d6570d8}: method resolution failed> (0x000000070d6570d8) thrown at [t:/workspace/hotspot/src/share/vm/prims/methodHandles.cpp, line 1256]
Event: 354.662 Thread 0x00000225b30b3800 Exception <a 'java/awt/IllegalComponentStateException'{0x0000000710d75fb8}> (0x0000000710d75fb8) thrown at [t:/workspace/hotspot/src/share/vm/prims/jvm.cpp, line 1314]

Events (10 events):
Event: 373.320 Thread 0x00000225cac09000 Thread added: 0x00000225cac09000
Event: 373.322 Executing VM operation: RevokeBias
Event: 373.323 Executing VM operation: RevokeBias done
Event: 373.324 Thread 0x00000225b30b3800 Uncommon trap: trap_request=0xffffffde fr.pc=0x000002259bf85200 relative=0x00000000000006c0
Event: 373.324 Thread 0x00000225b30b3800 DEOPT PACKING pc=0x000002259bf85200 sp=0x000000537a2fb200
Event: 373.324 Thread 0x00000225b30b3800 DEOPT UNPACKING pc=0x0000022593dedf29 sp=0x000000537a2fb1b8 mode 2
Event: 373.331 Thread 0x00000225cac0d000 Thread added: 0x00000225cac0d000
Event: 373.333 Thread 0x00000225cac0d000 Thread exited: 0x00000225cac0d000
Event: 374.319 Thread 0x00000225cac08800 Thread added: 0x00000225cac08800
Event: 374.321 Thread 0x00000225cac08800 Thread exited: 0x00000225cac08800


Dynamic libraries:
0x00007ff757970000 - 0x00007ff7579a0000 	C:\Xilinx\Vivado\2020.1\bin\unwrapped\win64.o\vivado.exe
0x00007ffe810e0000 - 0x00007ffe812d0000 	C:\WINDOWS\SYSTEM32\ntdll.dll
0x00007ffe7f610000 - 0x00007ffe7f6c2000 	C:\WINDOWS\System32\KERNEL32.DLL
0x00007ffe7e4b0000 - 0x00007ffe7e753000 	C:\WINDOWS\System32\KERNELBASE.dll
0x00007ffe7e860000 - 0x00007ffe7e95a000 	C:\WINDOWS\System32\ucrtbase.dll
0x00007ffe5bdd0000 - 0x00007ffe5be5d000 	C:\WINDOWS\SYSTEM32\MSVCP140.dll
0x00007ffe7a830000 - 0x00007ffe7a84a000 	C:\Xilinx\Vivado\2020.1\lib\win64.o\librdi_commonmain.dll
0x00007ffe7a850000 - 0x00007ffe7a864000 	C:\Xilinx\Vivado\2020.1\lib\win64.o\libboost_signals.dll
0x00007ffe76d30000 - 0x00007ffe76d4e000 	C:\WINDOWS\SYSTEM32\VCRUNTIME140.dll
0x00007ffe39080000 - 0x00007ffe3a146000 	C:\Xilinx\Vivado\2020.1\lib\win64.o\librdi_common.dll
0x00007ffe7ffa0000 - 0x00007ffe80134000 	C:\WINDOWS\System32\USER32.dll
0x00007ffe5ccc0000 - 0x00007ffe5cccc000 	C:\WINDOWS\SYSTEM32\VCRUNTIME140_1.dll
0x00007ffe7f0e0000 - 0x00007ffe7f101000 	C:\WINDOWS\System32\win32u.dll
0x00007ffe80140000 - 0x00007ffe80166000 	C:\WINDOWS\System32\GDI32.dll
0x00007ffe7a800000 - 0x00007ffe7a826000 	C:\Xilinx\Vivado\2020.1\lib\win64.o\libboost_filesystem.dll
0x00007ffe7e070000 - 0x00007ffe7e204000 	C:\WINDOWS\System32\gdi32full.dll
0x00007ffe80ad0000 - 0x00007ffe80b73000 	C:\WINDOWS\System32\ADVAPI32.dll
0x00007ffe43910000 - 0x00007ffe43ab1000 	C:\Xilinx\Vivado\2020.1\lib\win64.o\librdi_commonxillic.dll
0x00007ffe7ac70000 - 0x00007ffe7ac7a000 	C:\Xilinx\Vivado\2020.1\lib\win64.o\librdi_commonversion.dll
0x00007ffe7e410000 - 0x00007ffe7e4ae000 	C:\WINDOWS\System32\msvcp_win.dll
0x00007ffe7ff00000 - 0x00007ffe7ff9e000 	C:\WINDOWS\System32\msvcrt.dll
0x00007ffe80170000 - 0x00007ffe801df000 	C:\WINDOWS\System32\WS2_32.dll
0x00007ffe80310000 - 0x00007ffe809f5000 	C:\WINDOWS\System32\SHELL32.dll
0x00007ffe7fdb0000 - 0x00007ffe7fe47000 	C:\WINDOWS\System32\sechost.dll
0x00007ffe7fc80000 - 0x00007ffe7fda0000 	C:\WINDOWS\System32\RPCRT4.dll
0x00007ffe7e760000 - 0x00007ffe7e7aa000 	C:\WINDOWS\System32\cfgmgr32.dll
0x000000005e6b0000 - 0x000000005e7db000 	C:\Xilinx\Vivado\2020.1\lib\win64.o\tcl85t.dll
0x00007ffe7e3c0000 - 0x00007ffe7e3e6000 	C:\WINDOWS\System32\bcrypt.dll
0x00007ffe7f6d0000 - 0x00007ffe7f779000 	C:\WINDOWS\System32\shcore.dll
0x00007ffe7f2d0000 - 0x00007ffe7f606000 	C:\WINDOWS\System32\combase.dll
0x00007ffe7f110000 - 0x00007ffe7f190000 	C:\WINDOWS\System32\bcryptPrimitives.dll
0x00007ffe7a7e0000 - 0x00007ffe7a7f4000 	C:\Xilinx\Vivado\2020.1\lib\win64.o\libboost_date_time.dll
0x00007ffe7e960000 - 0x00007ffe7f0e0000 	C:\WINDOWS\System32\windows.storage.dll
0x00007ffe73d50000 - 0x00007ffe73dcf000 	C:\Xilinx\Vivado\2020.1\lib\win64.o\libboost_program_options.dll
0x00007ffe7dff0000 - 0x00007ffe7e013000 	C:\WINDOWS\System32\profapi.dll
0x00007ffe38720000 - 0x00007ffe38a8e000 	C:\Xilinx\Vivado\2020.1\lib\win64.o\libCOIN-all.dll
0x00007ffe4a5a0000 - 0x00007ffe4a6b4000 	C:\Xilinx\Vivado\2020.1\lib\win64.o\libboost_regex.dll
0x00007ffe7e020000 - 0x00007ffe7e06a000 	C:\WINDOWS\System32\powrprof.dll
0x00007ffe7dfa0000 - 0x00007ffe7dfb0000 	C:\WINDOWS\System32\UMPDC.dll
0x00007ffe7aaa0000 - 0x00007ffe7aaab000 	C:\Xilinx\Vivado\2020.1\lib\win64.o\libboost_system.dll
0x00007ffe802b0000 - 0x00007ffe80302000 	C:\WINDOWS\System32\shlwapi.dll
0x00007ffe7a7a0000 - 0x00007ffe7a7af000 	C:\Xilinx\Vivado\2020.1\lib\win64.o\libboost_xilinx.dll
0x00007ffe7dfd0000 - 0x00007ffe7dfe1000 	C:\WINDOWS\System32\kernel.appcore.dll
0x00007ffe7e3f0000 - 0x00007ffe7e407000 	C:\WINDOWS\System32\cryptsp.dll
0x00007ffe7a7b0000 - 0x00007ffe7a7d1000 	C:\Xilinx\Vivado\2020.1\lib\win64.o\libboost_thread.dll
0x00007ffe5ca10000 - 0x00007ffe5ca92000 	C:\Xilinx\Vivado\2020.1\lib\win64.o\libhdlpsolve.dll
0x00007ffe54070000 - 0x00007ffe54115000 	C:\Xilinx\Vivado\2020.1\lib\win64.o\libhdxml.dll
0x00007ffe7a770000 - 0x00007ffe7a79e000 	C:\Xilinx\Vivado\2020.1\lib\win64.o\libisl_sysinfo.dll
0x00007ffe37910000 - 0x00007ffe385c5a00 	C:\Xilinx\Vivado\2020.1\lib\win64.o\libisl_iostreams.dll
0x00007ffe798d0000 - 0x00007ffe798ea000 	C:\Xilinx\Vivado\2020.1\lib\win64.o\pthreadVC2.dll
0x00007ffe59a60000 - 0x00007ffe59ac5000 	C:\Xilinx\Vivado\2020.1\lib\win64.o\liblmx6.0.dll
0x00007ffe771e0000 - 0x00007ffe77201000 	C:\Xilinx\Vivado\2020.1\lib\win64.o\librdizlib.dll
0x00007ffe798b0000 - 0x00007ffe798cc000 	C:\Xilinx\Vivado\2020.1\lib\win64.o\librdiconfig.dll
0x0000000012000000 - 0x0000000012270000 	C:\Xilinx\Vivado\2020.1\lib\win64.o\xerces-c_3_1.dll
0x00007ffe42db0000 - 0x00007ffe4308b000 	C:\Xilinx\Vivado\2020.1\lib\win64.o\libXil_lmgr11.dll
0x00007ffe801e0000 - 0x00007ffe802b0000 	C:\WINDOWS\System32\COMDLG32.dll
0x00007ffe5d530000 - 0x00007ffe5da05000 	C:\WINDOWS\SYSTEM32\WININET.dll
0x00007ffe74850000 - 0x00007ffe74867000 	C:\WINDOWS\SYSTEM32\NETAPI32.dll
0x00007ffe80a00000 - 0x00007ffe80ac4000 	C:\WINDOWS\System32\OLEAUT32.dll
0x00007ffe76d60000 - 0x00007ffe76e50000 	C:\WINDOWS\SYSTEM32\WINHTTP.dll
0x00007ffe617b0000 - 0x00007ffe61985000 	C:\WINDOWS\SYSTEM32\urlmon.dll
0x00007ffe80e20000 - 0x00007ffe80f77000 	C:\WINDOWS\System32\ole32.dll
0x00007ffe7e210000 - 0x00007ffe7e26c000 	C:\WINDOWS\System32\WINTRUST.dll
0x00007ffe7dfb0000 - 0x00007ffe7dfc2000 	C:\WINDOWS\System32\MSASN1.dll
0x00007ffe7e270000 - 0x00007ffe7e3b9000 	C:\WINDOWS\System32\CRYPT32.dll
0x00007ffe75e10000 - 0x00007ffe75e19000 	C:\WINDOWS\SYSTEM32\WSOCK32.dll
0x00007ffe76ce0000 - 0x00007ffe76d10000 	C:\WINDOWS\SYSTEM32\VCOMP140.DLL
0x00007ffe36a70000 - 0x00007ffe37901000 	C:\Xilinx\Vivado\2020.1\lib\win64.o\gurobi65.dll
0x00007ffe798a0000 - 0x00007ffe798ad000 	C:\Xilinx\Vivado\2020.1\lib\win64.o\libboost_chrono.dll
0x00007ffe79870000 - 0x00007ffe7988b000 	C:\Xilinx\Vivado\2020.1\lib\win64.o\libboost_iostreams.dll
0x00007ffe76050000 - 0x00007ffe76075000 	C:\Xilinx\Vivado\2020.1\lib\win64.o\libisl_iosutils.dll
0x00007ffe5ec60000 - 0x00007ffe5ed09000 	C:\WINDOWS\WinSxS\amd64_microsoft.windows.common-controls_6595b64144ccf1df_5.82.18362.778_none_2a29d4a64667eb69\COMCTL32.dll
0x00007ffe61500000 - 0x00007ffe617a6000 	C:\WINDOWS\SYSTEM32\iertutil.dll
0x00007ffe79100000 - 0x00007ffe7911c000 	C:\WINDOWS\SYSTEM32\dhcpcsvc.DLL
0x00007ffe7fc70000 - 0x00007ffe7fc78000 	C:\WINDOWS\System32\NSI.dll
0x00007ffe7d9e0000 - 0x00007ffe7d9ec000 	C:\WINDOWS\SYSTEM32\CRYPTBASE.DLL
0x00007ffe7d630000 - 0x00007ffe7d63c000 	C:\WINDOWS\SYSTEM32\NETUTILS.DLL
0x00007ffe7d810000 - 0x00007ffe7d877000 	C:\WINDOWS\SYSTEM32\MSWSOCK.DLL
0x00007ffe81070000 - 0x00007ffe8109e000 	C:\WINDOWS\System32\IMM32.DLL
0x00007ffe36570000 - 0x00007ffe36a6c000 	C:\Xilinx\Vivado\2020.1\lib\win64.o\librdi_commontasks.dll
0x00007ffe75710000 - 0x00007ffe7571a000 	C:\WINDOWS\SYSTEM32\VERSION.dll
0x000000005dc80000 - 0x000000005e6a5000 	C:\Xilinx\Vivado\2020.1\tps\win64\jre9.0.4\bin\server\jvm.dll
0x00007ffe36280000 - 0x00007ffe36564000 	C:\Xilinx\Vivado\2020.1\lib\win64.o\librdi_sio.dll
0x00007ffe7fda0000 - 0x00007ffe7fda8000 	C:\WINDOWS\System32\PSAPI.DLL
0x00007ffe7d520000 - 0x00007ffe7d55a000 	C:\WINDOWS\SYSTEM32\IPHLPAPI.DLL
0x00007ffe7ac40000 - 0x00007ffe7ac64000 	C:\WINDOWS\SYSTEM32\WINMM.dll
0x00007ffe5ae90000 - 0x00007ffe5af7f000 	C:\WINDOWS\SYSTEM32\MSVCR120.dll
0x00007ffe7ac10000 - 0x00007ffe7ac3d000 	C:\WINDOWS\SYSTEM32\winmmbase.dll
0x00007ffe33be0000 - 0x00007ffe36275000 	C:\Xilinx\Vivado\2020.1\lib\win64.o\librdi_tcltasks.dll
0x00007ffe33710000 - 0x00007ffe33bd6000 	C:\Xilinx\Vivado\2020.1\lib\win64.o\librdi_bitstream.dll
0x00007ffe54910000 - 0x00007ffe5498b000 	C:\Xilinx\Vivado\2020.1\lib\win64.o\librdi_boarddep.dll
0x00007ffe433b0000 - 0x00007ffe434a6000 	C:\Xilinx\Vivado\2020.1\lib\win64.o\librdi_chipscope.dll
0x00007ffe434b0000 - 0x00007ffe43663000 	C:\Xilinx\Vivado\2020.1\lib\win64.o\librdi_board.dll
0x00007ffe33540000 - 0x00007ffe33701000 	C:\Xilinx\Vivado\2020.1\lib\win64.o\librdi_chipscopeimpl.dll
0x00007ffe333e0000 - 0x00007ffe3353b000 	C:\Xilinx\Vivado\2020.1\lib\win64.o\librdi_containers.dll
0x00007ffe311e0000 - 0x00007ffe32e0a000 	C:\Xilinx\Vivado\2020.1\lib\win64.o\librdi_constraints.dll
0x00007ffe2eee0000 - 0x00007ffe3104d000 	C:\Xilinx\Vivado\2020.1\lib\win64.o\librdi_coregen.dll
0x00007ffe2e800000 - 0x00007ffe2eed9000 	C:\Xilinx\Vivado\2020.1\lib\win64.o\librdi_coregenipxact.dll
0x00007ffe33090000 - 0x00007ffe333db000 	C:\Xilinx\Vivado\2020.1\lib\win64.o\librdi_dlyest.dll
0x00007ffe11fe0000 - 0x00007ffe125fe000 	C:\Xilinx\Vivado\2020.1\lib\win64.o\librdi_drc.dll
0x00007ffe51a60000 - 0x00007ffe51b24000 	C:\Xilinx\Vivado\2020.1\lib\win64.o\librdi_dsp.dll
0x00007ffe2a4d0000 - 0x00007ffe2e7fe000 	C:\Xilinx\Vivado\2020.1\lib\win64.o\librdi_designutils.dll
0x00007ffe51940000 - 0x00007ffe519b7000 	C:\Xilinx\Vivado\2020.1\lib\win64.o\librdi_hdf.dll
0x00007ffe11630000 - 0x00007ffe1194c000 	C:\Xilinx\Vivado\2020.1\lib\win64.o\librdi_guitools.dll
0x00007ffe11950000 - 0x00007ffe11fd6000 	C:\Xilinx\Vivado\2020.1\lib\win64.o\librdi_filemgmt.dll
0x00007ffe113d0000 - 0x00007ffe11625000 	C:\Xilinx\Vivado\2020.1\lib\win64.o\librdi_hip_devdesign.dll
0x00007ffe12600000 - 0x00007ffe2a4d0000 	C:\Xilinx\Vivado\2020.1\lib\win64.o\librdi_device.dll
0x00007ffe42b80000 - 0x00007ffe42cc8000 	C:\Xilinx\Vivado\2020.1\lib\win64.o\librdi_hip_perf_analysis.dll
0x00007ffe0f440000 - 0x00007ffe0fa7e000 	C:\Xilinx\Vivado\2020.1\lib\win64.o\librdi_memdata.dll
0x00007ffe4d4a0000 - 0x00007ffe4d514000 	C:\Xilinx\Vivado\2020.1\lib\win64.o\librdi_memoryarray.dll
0x00007ffe0fa80000 - 0x00007ffe113ca000 	C:\Xilinx\Vivado\2020.1\lib\win64.o\librdi_implflow.dll
0x00007ffe61f60000 - 0x00007ffe61fae000 	C:\Xilinx\Vivado\2020.1\lib\win64.o\librdi_pfi.dll
0x00007ffe0beb0000 - 0x00007ffe0c5b3000 	C:\Xilinx\Vivado\2020.1\lib\win64.o\librdi_netlist.dll
0x00007ffe08fd0000 - 0x00007ffe09321000 	C:\Xilinx\Vivado\2020.1\lib\win64.o\librdi_platform.dll
0x00007ffe08790000 - 0x00007ffe08fc4000 	C:\Xilinx\Vivado\2020.1\lib\win64.o\librdi_power.dll
0x00007ffe08190000 - 0x00007ffe08785000 	C:\Xilinx\Vivado\2020.1\lib\win64.o\librdi_project.dll
0x00007ffe07a50000 - 0x00007ffe0818c000 	C:\Xilinx\Vivado\2020.1\lib\win64.o\librdi_psta.dll
0x00007ffe072e0000 - 0x00007ffe07a4f000 	C:\Xilinx\Vivado\2020.1\lib\win64.o\librdi_rsb.dll
0x00007ffe06e40000 - 0x00007ffe072da000 	C:\Xilinx\Vivado\2020.1\lib\win64.o\librdi_runs.dll
0x00007ffe32f80000 - 0x00007ffe33088000 	C:\Xilinx\Vivado\2020.1\lib\win64.o\librdi_runsbase.dll
0x00007ffe09330000 - 0x00007ffe0bea1000 	C:\Xilinx\Vivado\2020.1\lib\win64.o\librdi_place.dll
0x00007ffe069c0000 - 0x00007ffe06c35000 	C:\Xilinx\Vivado\2020.1\lib\win64.o\librdi_simdata.dll
0x00007ffe0c5c0000 - 0x00007ffe0f437000 	C:\Xilinx\Vivado\2020.1\lib\win64.o\librdi_mig.dll
0x00007ffe4a3a0000 - 0x00007ffe4a448000 	C:\Xilinx\Vivado\2020.1\lib\win64.o\librdi_xhubtasks.dll
0x00007ffe38620000 - 0x00007ffe3871f000 	C:\Xilinx\Vivado\2020.1\lib\win64.o\librdi_xhub.dll
0x00007ffe05ab0000 - 0x00007ffe069ba000 	C:\Xilinx\Vivado\2020.1\lib\win64.o\librdi_timing.dll
0x00007ffe058d0000 - 0x00007ffe05aa3000 	C:\Xilinx\Vivado\2020.1\lib\win64.o\librdi_advchipscopeimpl.dll
0x00007ffe4d450000 - 0x00007ffe4d49c000 	C:\Xilinx\Vivado\2020.1\lib\win64.o\libboost_serialization.dll

VM Arguments:
jvm_args: -Dsun.java2d.pmoffscreen=false -Dsun.java2d.xrender=false -Dsun.java2d.d3d=false -Dsun.awt.nopixfmt=true -Dsun.java2d.dpiaware=true -Dsun.java2d.uiScale.enabled=false -Xverify:none -Dswing.aatext=true -XX:-UsePerfData -Djdk.map.althashing.threshold=512 -XX:StringTableSize=4072 --add-opens=java.base/java.nio=ALL-UNNAMED --add-opens=java.desktop/sun.swing=ALL-UNNAMED --add-opens=java.desktop/javax.swing=ALL-UNNAMED --add-opens=java.desktop/javax.swing.tree=ALL-UNNAMED --add-opens=java.desktop/javax.swing.plaf.basic=ALL-UNNAMED --add-opens=java.desktop/javax.swing.plaf.synth=ALL-UNNAMED --add-opens=java.desktop/com.sun.awt=ALL-UNNAMED -XX:NewSize=60m -XX:MaxNewSize=60m -Xms128m -Xmx3072m -Xss5m 
java_command: <unknown>
java_class_path (initial): C:/Xilinx/Vivado/2020.1\lib\classes\alloy.jar;C:/Xilinx/Vivado/2020.1\lib\classes\ArchiveSummary.jar;C:/Xilinx/Vivado/2020.1\lib\classes\autoesl-models.jar;C:/Xilinx/Vivado/2020.1\lib\classes\autopilot.scelaborator.jar;C:/Xilinx/Vivado/2020.1\lib\classes\autopilot.sourceprocessor.jar;C:/Xilinx/Vivado/2020.1\lib\classes\autopilot.tbprocessor.jar;C:/Xilinx/Vivado/2020.1\lib\classes\batik-anim.jar;C:/Xilinx/Vivado/2020.1\lib\classes\batik-awt-util.jar;C:/Xilinx/Vivado/2020.1\lib\classes\batik-bridge.jar;C:/Xilinx/Vivado/2020.1\lib\classes\batik-codec.jar;C:/Xilinx/Vivado/2020.1\lib\classes\batik-css.jar;C:/Xilinx/Vivado/2020.1\lib\classes\batik-dom.jar;C:/Xilinx/Vivado/2020.1\lib\classes\batik-ext.jar;C:/Xilinx/Vivado/2020.1\lib\classes\batik-gui-util.jar;C:/Xilinx/Vivado/2020.1\lib\classes\batik-gvt.jar;C:/Xilinx/Vivado/2020.1\lib\classes\batik-parser.jar;C:/Xilinx/Vivado/2020.1\lib\classes\batik-script.jar;C:/Xilinx/Vivado/2020.1\lib\classes\batik-svg-dom.jar;C:/Xilinx/Vivado/2020.1\lib\classes\batik-swing.jar;C:/Xilinx/Vivado/2020.1\lib\classes\batik-transcoder.jar;C:/Xilinx/Vivado/2020.1\lib\classes\batik-util.jar;C:/Xilinx/Vivado/2020.1\lib\classes\batik-xml.jar;C:/Xilinx/Vivado/2020.1\lib\classes\com.google.gson_2.8.2.v20180104-1110.jar;C:/Xilinx/Vivado/2020.1\lib\classes\com.google.guava_27.1.0.v20190517-1946.jar;C:/Xilinx/Vivado/2020.1\lib\classes\com.ibm.icu_4.4.2.v20110208.jar;C:/Xilinx/Vivado/2020.1\lib\classes\com.sigasi.hdt.connection_4.8.0.202004151336.jar;C:/Xilinx/Vivado/2020.1\lib\classes\com.sigasi.hdt.epl_4.8.0.202004151336.jar;C:/Xilinx/Vivado/2020.1\lib\classes\com.sigasi.hdt.project_4.8.0.202004151336.jar;C:/Xilinx/Vivado/2020.1\lib\classes\com.sigasi.hdt.readonlyfilesystem_4.8.0.202004151336.jar;C:/Xilinx/Vivado/2020.1\lib\classes\com.sigasi.lcm_4.8.0.202004151336.jar;C:/Xilinx/Vivado/2020.1\lib\classes\com.sigasi.sdk.client_4.8.0.202004151336.jar;C:/Xilinx/Vivado/2020.1\lib\classes\com.xilinx.hls.services.jar;C:/Xili
Launcher Type: generic

Logging:
Log output configuration:
#0: stdout all=warning uptime,level,tags
#1: stderr all=off uptime,level,tags

Environment Variables:
PATH=C:/Xilinx/Vivado/2020.1\gnuwin\bin;C:/Xilinx/Vivado/2020.1\gnu\microblaze\nt\bin;C:/Xilinx/Vivado/2020.1/bin;C:/Xilinx/Vivado/2020.1/lib/win64.o;C:/Xilinx/Vivado/2020.1/tps/win64/jre9.0.4/bin/server;C:/Xilinx/Vivado/2020.1/tps/win64/jre9.0.4/bin;C:/Xilinx/Vitis/2020.1/bin;C:/Xilinx/Vivado/2020.1/ids_lite/ISE/bin/nt64;C:/Xilinx/Vivado/2020.1/ids_lite/ISE/lib/nt64;C:\Program Files\NVIDIA GPU Computing Toolkit\CUDA\v11.0\bin;C:\Program Files\NVIDIA GPU Computing Toolkit\CUDA\v11.0\libnvvp;C:\ProgramData\Oracle\Java\javapath;C:\Program Files (x86)\Intel\Intel(R) Management Engine Components\iCLS\;C:\Program Files\Intel\Intel(R) Management Engine Components\iCLS\;C:\Windows\system32;C:\Windows;C:\Windows\System32\Wbem;C:\Windows\System32\WindowsPowerShell\v1.0\;C:\Program Files (x86)\Intel\Intel(R) Management Engine Components\DAL;C:\Program Files\Intel\Intel(R) Management Engine Components\DAL;C:\Program Files (x86)\Intel\Intel(R) Management Engine Components\IPT;C:\Program Files\Intel\Intel(R) Management Engine Components\IPT;C:\WINDOWS\System32\OpenSSH\;C:\Program Files\NVIDIA Corporation\NVIDIA NvDLISR;C:\Program Files (x86)\NVIDIA Corporation\PhysX\Common;C:\Program Files\dotnet\;C:\Program Files\Microsoft SQL Server\130\Tools\Binn\;C:\Program Files\Microsoft SQL Server\Client SDK\ODBC\170\Tools\Binn\;C:\Program Files\Java\jdk-13.0.2\bin;C:\Program Files\Git\cmd\;C:\Program Files\Git\bin\;C:\Program Files\MySQL\MySQL Shell 8.0\bin\;C:\Users\User\AppData\Local\Programs\Python\Python310\Scripts\;C:\Users\User\AppData\Local\Programs\Python\Python310\;C:\Users\User\anaconda3;C:\Users\User\anaconda3\Library\mingw-w64\bin;C:\Users\User\anaconda3\Library\usr\bin;C:\Users\User\anaconda3\Library\bin;C:\Users\User\anaconda3\Scripts;C:\Users\User\AppData\Local\Microsoft\WindowsApps;C:\Program Files\JetBrains\PyCharm Community Edition 2020.2.2\bin;;C:/Xilinx/Vivado/2020.1\tps\mingw\6.2.0\win64.o\nt\bin;C:/Xilinx/Vivado/2020.1\tps\mingw\6.2.0\win64.o\nt\libexec\gcc\x86_64-w64-
USERNAME=User
OS=Windows_NT
PROCESSOR_IDENTIFIER=Intel64 Family 6 Model 158 Stepping 10, GenuineIntel



---------------  S Y S T E M  ---------------

OS: Windows 10 , 64 bit Build 18362 (10.0.18362.778)

CPU:total 6 (initial active 6) (6 cores per cpu, 1 threads per core) family 6 model 158 stepping 10, cmov, cx8, fxsr, mmx, sse, sse2, sse3, ssse3, sse4.1, sse4.2, popcnt, avx, avx2, aes, clmul, erms, 3dnowpref, lzcnt, tsc, tscinvbit, bmi1, bmi2, adx, fma

Memory: 4k page, physical 16695096k(8756852k free), swap 19185464k(8064380k free)

vm_info: Java HotSpot(TM) 64-Bit Server VM (9.0.4+11) for windows-amd64 JRE (9.0.4+11), built on Dec 20 2017 02:18:54 by "mach5one" with MS VC++ 12.0 (VS2013)

END.
