#
# A fatal error has been detected by the Java Runtime Environment:
#
#  EXCEPTION_ACCESS_VIOLATION (0xc0000005) at pc=0x00007ffe185f1ce9, pid=12296, tid=17332
#
# JRE version: Java(TM) SE Runtime Environment (9.0+11) (build 9.0.4+11)
# Java VM: Java HotSpot(TM) 64-Bit Server VM (9.0.4+11, mixed mode, tiered, compressed oops, g1 gc, windows-amd64)
# Problematic frame:
# C  0x00007ffe185f1ce9
#
# No core dump will be written. Minidumps are not enabled by default on client versions of Windows
#
# If you would like to submit a bug report, please visit:
#   http://bugreport.java.com/bugreport/crash.jsp
# The crash happened outside the Java Virtual Machine in native code.
# See problematic frame for where to report the bug.
#

---------------  S U M M A R Y ------------

Command Line: -Dsun.java2d.pmoffscreen=false -Dsun.java2d.xrender=false -Dsun.java2d.d3d=false -Dsun.awt.nopixfmt=true -Dsun.java2d.dpiaware=true -Dsun.java2d.uiScale.enabled=false -Xverify:none -Dswing.aatext=true -XX:-UsePerfData -Djdk.map.althashing.threshold=512 -XX:StringTableSize=4072 --add-opens=java.base/java.nio=ALL-UNNAMED --add-opens=java.desktop/sun.swing=ALL-UNNAMED --add-opens=java.desktop/javax.swing=ALL-UNNAMED --add-opens=java.desktop/javax.swing.tree=ALL-UNNAMED --add-opens=java.desktop/javax.swing.plaf.basic=ALL-UNNAMED --add-opens=java.desktop/javax.swing.plaf.synth=ALL-UNNAMED --add-opens=java.desktop/com.sun.awt=ALL-UNNAMED -XX:NewSize=60m -XX:MaxNewSize=60m -Xms128m -Xmx3072m -Xss5m 

Host: Intel(R) Core(TM) i5-8400 CPU @ 2.80GHz, 6 cores, 15G,  Windows 10 , 64 bit Build 18362 (10.0.18362.778)
Time: Fri Apr 18 02:02:48 2025 Turkey Standard Time elapsed time: 2601 seconds (0d 0h 43m 21s)

---------------  T H R E A D  ---------------

Current thread (0x000001b75c896800):  JavaThread "AWT-EventQueue-0" [_thread_in_native, id=17332, stack(0x00000005b4d00000,0x00000005b5200000)]

Stack: [0x00000005b4d00000,0x00000005b5200000],  sp=0x00000005b51f44d0,  free space=5073k
Native frames: (J=compiled Java code, j=interpreted, Vv=VM code, C=native code)
C  0x00007ffe185f1ce9
C  0x00007ffe18605ae7
C  0x00007ffe186057f2
C  0x00007ffe185eb39c
C  0x00007ffdb8fd62a0
C  0x00007ffdb8ff89ae
C  0x00007ffdb9091d7e
C  0x00007ffdb9091c9f
C  0x00007ffdb90bd99a
C  0x00007ffdb90bb6da
C  0x00007ffdb91195fb
C  0x00007ffdb911b013
C  0x00007ffdb90f3e70
C  0x00007ffdb90f3eed
C  0x00007ffdb90f3f91
C  0x00007ffdb911a484
C  0x00007ffdb90ea486
C  0x00007ffdb90ea255
C  0x00007ffdb9126a9f
C  0x000001b745316fba

Java frames: (J=compiled Java code, j=interpreted, Vv=VM code)
J 25974  ui.views.waveform.waveformi.WVExecutive_getGraphicsDataSize(J)J (0 bytes) @ 0x000001b745316f21 [0x000001b745316ee0+0x0000000000000041]
J 25973 c1 ui.views.waveform.executive.a.jBs()Ljava/io/ByteArrayInputStream; (93 bytes) @ 0x000001b73fcd9fac [0x000001b73fcd9ec0+0x00000000000000ec]
J 26494 c1 ui.views.waveform.b.a.jAN()V (144 bytes) @ 0x000001b73f874cb4 [0x000001b73f874ba0+0x0000000000000114]
J 25535 c1 ui.views.waveform.w.aE(ZZ)V (48 bytes) @ 0x000001b7406498cc [0x000001b740649160+0x000000000000076c]
J 20950 c1 ui.views.waveform.c.b.j(Lui/frmwork/b/i;)V (581 bytes) @ 0x000001b73fea9b54 [0x000001b73fea0580+0x00000000000095d4]
J 20949 c1 ui.views.waveform.w.a(Lui/frmwork/b/i;)V (17 bytes) @ 0x000001b73fe9f114 [0x000001b73fe9f040+0x00000000000000d4]
J 14362 c1 ui.frmwork.b.l.d(Lui/frmwork/b/i;)V (61 bytes) @ 0x000001b73da7b09c [0x000001b73da7a840+0x000000000000085c]
J 26377 c2 ui.frmwork.G.i(JZ)V (471 bytes) @ 0x000001b7453f4e14 [0x000001b7453f3aa0+0x0000000000001374]
J 14347 c1 ui.frmwork.G.fireTclEvent(J)I (113 bytes) @ 0x000001b73daa1b4c [0x000001b73daa1340+0x000000000000080c]
v  ~StubRoutines::call_stub
J 25383  ui.views.waveform.waveformi.WVExecutive_processModelEvent(JJ)V (0 bytes) @ 0x000001b7461f6fa4 [0x000001b7461f6f60+0x0000000000000044]
J 25440 c1 ui.views.waveform.c.b.ft(J)V (109 bytes) @ 0x000001b740602c64 [0x000001b740602b20+0x0000000000000144]
J 20950 c1 ui.views.waveform.c.b.j(Lui/frmwork/b/i;)V (581 bytes) @ 0x000001b73feaa84c [0x000001b73fea0580+0x000000000000a2cc]
J 20949 c1 ui.views.waveform.w.a(Lui/frmwork/b/i;)V (17 bytes) @ 0x000001b73fe9f114 [0x000001b73fe9f040+0x00000000000000d4]
J 14362 c1 ui.frmwork.b.l.d(Lui/frmwork/b/i;)V (61 bytes) @ 0x000001b73da7b09c [0x000001b73da7a840+0x000000000000085c]
J 26377 c2 ui.frmwork.G.i(JZ)V (471 bytes) @ 0x000001b7453f4e14 [0x000001b7453f3aa0+0x0000000000001374]
J 20008 c1 ui.frmwork.G$$Lambda$206.run()V (12 bytes) @ 0x000001b73fe21b5c [0x000001b73fe21a80+0x00000000000000dc]
J 19274 c2 java.awt.EventQueue$3.run()Ljava/lang/Object; java.desktop@9.0.4 (5 bytes) @ 0x000001b745b52efc [0x000001b745b52640+0x00000000000008bc]
v  ~StubRoutines::call_stub
J 4257  java.security.AccessController.doPrivileged(Ljava/security/PrivilegedAction;Ljava/security/AccessControlContext;)Ljava/lang/Object; java.base@9.0.4 (0 bytes) @ 0x000001b744cfb6c6 [0x000001b744cfb660+0x0000000000000066]
J 26325 c2 java.security.ProtectionDomain$JavaSecurityAccessImpl.doIntersectionPrivilege(Ljava/security/PrivilegedAction;Ljava/security/AccessControlContext;Ljava/security/AccessControlContext;)Ljava/lang/Object; java.base@9.0.4 (22 bytes) @ 0x000001b746359a70 [0x000001b7463597c0+0x00000000000002b0]
J 19338 c2 ui.frmwork.b.d.dispatchEvent(Ljava/awt/AWTEvent;)V (34 bytes) @ 0x000001b745b65660 [0x000001b745b653e0+0x0000000000000280]
J 22391 c2 java.awt.EventDispatchThread.pumpOneEventForFilters(I)V java.desktop@9.0.4 (218 bytes) @ 0x000001b745f4ed98 [0x000001b745f4eb00+0x0000000000000298]
J 24587 c2 java.awt.EventDispatchThread.pumpEventsForFilter(ILjava/awt/Conditional;Ljava/awt/EventFilter;)V java.desktop@9.0.4 (47 bytes) @ 0x000001b74602af8c [0x000001b74602ade0+0x00000000000001ac]
j  java.awt.EventDispatchThread.pumpEventsForFilter(Ljava/awt/Conditional;Ljava/awt/EventFilter;)V+4 java.desktop@9.0.4
j  java.awt.WaitDispatchSupport$2.run()V+59 java.desktop@9.0.4
j  java.awt.WaitDispatchSupport$4.run()Ljava/lang/Void;+4 java.desktop@9.0.4
j  java.awt.WaitDispatchSupport$4.run()Ljava/lang/Object;+1 java.desktop@9.0.4
v  ~StubRoutines::call_stub
J 1015  java.security.AccessController.doPrivileged(Ljava/security/PrivilegedAction;)Ljava/lang/Object; java.base@9.0.4 (0 bytes) @ 0x000001b744b3c5b2 [0x000001b744b3c560+0x0000000000000052]
j  java.awt.WaitDispatchSupport.enter()Z+260 java.desktop@9.0.4
j  java.awt.Dialog.show()V+225 java.desktop@9.0.4
J 8269 c1 java.awt.Component.setVisible(Z)V java.desktop@9.0.4 (6 bytes) @ 0x000001b73e9e2ecc [0x000001b73e9e2e60+0x000000000000006c]
j  java.awt.Window.setVisible(Z)V+2 java.desktop@9.0.4
j  java.awt.Dialog.setVisible(Z)V+2 java.desktop@9.0.4
j  ui.b.c.g.setVisible(Z)V+2
j  ui.b.c.bz.showDialog()V+64
j  ui.b.c.bI.actionPerformed(Ljava/awt/event/ActionEvent;)V+8
j  ui.b.c.bz.eWx()V+390
j  ui.views.c.t.b.a.run()V+60
j  ui.frmwork.a.gJb()Z+66
j  ui.frmwork.Y.gKQ()V+42
j  ui.bn.actionPerformed(Ljava/awt/event/ActionEvent;)V+25
j  javax.swing.AbstractButton.fireActionPerformed(Ljava/awt/event/ActionEvent;)V+84 java.desktop@9.0.4
j  ui.utils.swing.b.E.fireActionPerformed(Ljava/awt/event/ActionEvent;)V+7
j  javax.swing.AbstractButton$Handler.actionPerformed(Ljava/awt/event/ActionEvent;)V+5 java.desktop@9.0.4
j  javax.swing.DefaultButtonModel.fireActionPerformed(Ljava/awt/event/ActionEvent;)V+34 java.desktop@9.0.4
J 26813 c1 javax.swing.DefaultButtonModel.setPressed(Z)V java.desktop@9.0.4 (125 bytes) @ 0x000001b73e15d3c4 [0x000001b73e15c500+0x0000000000000ec4]
j  javax.swing.plaf.basic.BasicButtonListener.mouseReleased(Ljava/awt/event/MouseEvent;)V+35 java.desktop@9.0.4
j  com.jidesoft.plaf.basic.BasicJideButtonListener.mouseReleased(Ljava/awt/event/MouseEvent;)V+61
J 21598 c1 java.awt.AWTEventMulticaster.mouseReleased(Ljava/awt/event/MouseEvent;)V java.desktop@9.0.4 (27 bytes) @ 0x000001b7400a078c [0x000001b7400a0580+0x000000000000020c]
J 21598 c1 java.awt.AWTEventMulticaster.mouseReleased(Ljava/awt/event/MouseEvent;)V java.desktop@9.0.4 (27 bytes) @ 0x000001b7400a078c [0x000001b7400a0580+0x000000000000020c]
J 21598 c1 java.awt.AWTEventMulticaster.mouseReleased(Ljava/awt/event/MouseEvent;)V java.desktop@9.0.4 (27 bytes) @ 0x000001b7400a078c [0x000001b7400a0580+0x000000000000020c]
J 27346 c2 javax.swing.JComponent.processMouseEvent(Ljava/awt/event/MouseEvent;)V java.desktop@9.0.4 (27 bytes) @ 0x000001b74639bc64 [0x000001b74639bb20+0x0000000000000144]
J 25081 c2 java.awt.Container.processEvent(Ljava/awt/AWTEvent;)V java.desktop@9.0.4 (22 bytes) @ 0x000001b746145d84 [0x000001b746145c20+0x0000000000000164]
J 26917 c2 java.awt.Component.dispatchEventImpl(Ljava/awt/AWTEvent;)V java.desktop@9.0.4 (739 bytes) @ 0x000001b745dd0670 [0x000001b745dcfc40+0x0000000000000a30]
J 24094 c2 java.awt.Container.dispatchEventImpl(Ljava/awt/AWTEvent;)V java.desktop@9.0.4 (129 bytes) @ 0x000001b745ccbdcc [0x000001b745ccbd80+0x000000000000004c]
J 21146 c2 java.awt.LightweightDispatcher.retargetMouseEvent(Ljava/awt/Component;ILjava/awt/event/MouseEvent;)V java.desktop@9.0.4 (350 bytes) @ 0x000001b745ddca68 [0x000001b745ddc660+0x0000000000000408]
J 24009 c2 java.awt.LightweightDispatcher.dispatchEvent(Ljava/awt/AWTEvent;)Z java.desktop@9.0.4 (73 bytes) @ 0x000001b745ba3b4c [0x000001b745ba3540+0x000000000000060c]
J 24094 c2 java.awt.Container.dispatchEventImpl(Ljava/awt/AWTEvent;)V java.desktop@9.0.4 (129 bytes) @ 0x000001b745ccbfc4 [0x000001b745ccbd80+0x0000000000000244]
J 23473 c2 java.awt.Window.dispatchEventImpl(Ljava/awt/AWTEvent;)V java.desktop@9.0.4 (23 bytes) @ 0x000001b74583c78c [0x000001b74583c740+0x000000000000004c]
J 19274 c2 java.awt.EventQueue$3.run()Ljava/lang/Object; java.desktop@9.0.4 (5 bytes) @ 0x000001b745b52bb4 [0x000001b745b52640+0x0000000000000574]
v  ~StubRoutines::call_stub
J 4257  java.security.AccessController.doPrivileged(Ljava/security/PrivilegedAction;Ljava/security/AccessControlContext;)Ljava/lang/Object; java.base@9.0.4 (0 bytes) @ 0x000001b744cfb6c6 [0x000001b744cfb660+0x0000000000000066]
J 26325 c2 java.security.ProtectionDomain$JavaSecurityAccessImpl.doIntersectionPrivilege(Ljava/security/PrivilegedAction;Ljava/security/AccessControlContext;Ljava/security/AccessControlContext;)Ljava/lang/Object; java.base@9.0.4 (22 bytes) @ 0x000001b746359a70 [0x000001b7463597c0+0x00000000000002b0]
J 17314 c2 java.awt.EventQueue$4.run()Ljava/lang/Object; java.desktop@9.0.4 (5 bytes) @ 0x000001b7458ae7b0 [0x000001b7458ae740+0x0000000000000070]
v  ~StubRoutines::call_stub
J 4257  java.security.AccessController.doPrivileged(Ljava/security/PrivilegedAction;Ljava/security/AccessControlContext;)Ljava/lang/Object; java.base@9.0.4 (0 bytes) @ 0x000001b744cfb6c6 [0x000001b744cfb660+0x0000000000000066]
J 26325 c2 java.security.ProtectionDomain$JavaSecurityAccessImpl.doIntersectionPrivilege(Ljava/security/PrivilegedAction;Ljava/security/AccessControlContext;Ljava/security/AccessControlContext;)Ljava/lang/Object; java.base@9.0.4 (22 bytes) @ 0x000001b746359a70 [0x000001b7463597c0+0x00000000000002b0]
J 19338 c2 ui.frmwork.b.d.dispatchEvent(Ljava/awt/AWTEvent;)V (34 bytes) @ 0x000001b745b65644 [0x000001b745b653e0+0x0000000000000264]
J 22391 c2 java.awt.EventDispatchThread.pumpOneEventForFilters(I)V java.desktop@9.0.4 (218 bytes) @ 0x000001b745f4ed98 [0x000001b745f4eb00+0x0000000000000298]
J 24219% c2 java.awt.EventDispatchThread.pumpEventsForFilter(ILjava/awt/Conditional;Ljava/awt/EventFilter;)V java.desktop@9.0.4 (47 bytes) @ 0x000001b745d59c58 [0x000001b745d59b40+0x0000000000000118]
j  java.awt.EventDispatchThread.pumpEventsForHierarchy(ILjava/awt/Conditional;Ljava/awt/Component;)V+11 java.desktop@9.0.4
j  java.awt.EventDispatchThread.pumpEvents(ILjava/awt/Conditional;)V+4 java.desktop@9.0.4
j  java.awt.EventDispatchThread.pumpEvents(Ljava/awt/Conditional;)V+3 java.desktop@9.0.4
j  java.awt.EventDispatchThread.run()V+9 java.desktop@9.0.4
v  ~StubRoutines::call_stub

siginfo: EXCEPTION_ACCESS_VIOLATION (0xc0000005), reading address 0x0000000000000044


Register to memory mapping:

RIP=0x00007ffe185f1ce9 is an unknown value
RAX=0x000001b723c6f050 is an unknown value
RBX=0x000001b71cac3150 is an unknown value
RCX=0x0000000000000000 is an unknown value
RDX=0x000001b706644d60 is an unknown value
RSP=0x00000005b51f44d0 is pointing into the stack for thread: 0x000001b75c896800
RBP=0x00000005b51f4670 is pointing into the stack for thread: 0x000001b75c896800
RSI=0x000001b706644d60 is an unknown value
RDI=0x0000000000000000 is an unknown value
R8 =0x00000005b51f4570 is pointing into the stack for thread: 0x000001b75c896800
R9 =0x0000000000000018 is an unknown value
R10=0x0000000000000000 is an unknown value
R11=0x00000005b51f44e0 is pointing into the stack for thread: 0x000001b75c896800
R12=0x000001b793100ea0 is an unknown value
R13=0x0000000000000001 is an unknown value
R14=0x0000000000021800 is an unknown value
R15=0x00000005b51f4570 is pointing into the stack for thread: 0x000001b75c896800


Registers:
RAX=0x000001b723c6f050, RBX=0x000001b71cac3150, RCX=0x0000000000000000, RDX=0x000001b706644d60
RSP=0x00000005b51f44d0, RBP=0x00000005b51f4670, RSI=0x000001b706644d60, RDI=0x0000000000000000
R8 =0x00000005b51f4570, R9 =0x0000000000000018, R10=0x0000000000000000, R11=0x00000005b51f44e0
R12=0x000001b793100ea0, R13=0x0000000000000001, R14=0x0000000000021800, R15=0x00000005b51f4570
RIP=0x00007ffe185f1ce9, EFLAGS=0x0000000000010202

Top of Stack: (sp=0x00000005b51f44d0)
0x00000005b51f44d0:   000001b793100ea0 0000000000000000
0x00000005b51f44e0:   00000005b51f4bc8 0000000000000000
0x00000005b51f44f0:   0000000000000000 000001b793100ea0
0x00000005b51f4500:   fffffffffffffffe 00007ffe626c2596
0x00000005b51f4510:   0000000000000002 00000000000004f8
0x00000005b51f4520:   00000005b51f4bc8 0000000000021800
0x00000005b51f4530:   00000005b51f4630 00007ffe18605ae7
0x00000005b51f4540:   00000000000004f8 000001b71cac3150
0x00000005b51f4550:   000001b723c6f050 000001b7189d47b8
0x00000005b51f4560:   000001b71cac3150 00007ffe186057f2
0x00000005b51f4570:   000001b71cac3150 000001b7189d4790
0x00000005b51f4580:   0000000000000002 000001b7189d4790
0x00000005b51f4590:   000001b7189d4790 0000000000000090
0x00000005b51f45a0:   000001b774068fb0 000001b793100ea0
0x00000005b51f45b0:   00000000e1803f68 000001b7189d4740
0x00000005b51f45c0:   0000000000000001 000001b700000000 

Instructions: (pc=0x00007ffe185f1ce9)
0x00007ffe185f1cc9:   50 48 c7 44 24 30 fe ff ff ff 48 89 5c 24 78 48
0x00007ffe185f1cd9:   89 b4 24 80 00 00 00 4d 8b f8 48 8b f2 48 8b f9
0x00007ffe185f1ce9:   83 79 44 00 75 07 33 c0 e9 d5 00 00 00 48 8b 41
0x00007ffe185f1cf9:   48 8b 00 33 db 8b d0 48 03 51 28 48 8d 4c 24 38 



---------------  P R O C E S S  ---------------

Java Threads: ( => current thread )
  0x000001b75e57f000 JavaThread "Relaunch Simulation Thread" [_thread_blocked, id=6948, stack(0x00000005b9b00000,0x00000005ba000000)]
  0x000001b706731000 JavaThread "Monitor File Timestamp Swing Worker Thread" [_thread_blocked, id=15364, stack(0x00000005bbe00000,0x00000005bc300000)]
  0x000001b706730800 JavaThread "Timer-4" [_thread_blocked, id=6040, stack(0x00000005b9600000,0x00000005b9b00000)]
  0x000001b706729000 JavaThread "Monitor File Timestamp Swing Worker Thread" [_thread_blocked, id=8176, stack(0x00000005bb900000,0x00000005bbe00000)]
  0x000001b70672f800 JavaThread "Timer-3" [_thread_blocked, id=8636, stack(0x00000005bb400000,0x00000005bb900000)]
  0x000001b706727800 JavaThread "Monitor File Timestamp Swing Worker Thread" [_thread_blocked, id=3984, stack(0x00000005baf00000,0x00000005bb400000)]
  0x000001b70672e000 JavaThread "Timer-2" [_thread_blocked, id=7144, stack(0x00000005baa00000,0x00000005baf00000)]
  0x000001b75e585800 JavaThread "Image Animator 3" daemon [_thread_blocked, id=15612, stack(0x00000005ba500000,0x00000005baa00000)]
  0x000001b75e584000 JavaThread "SyntheticaAnimation 50" daemon [_thread_blocked, id=15548, stack(0x00000005b8200000,0x00000005b8700000)]
  0x000001b75e588000 JavaThread "Thread-31" [_thread_in_native, id=11976, stack(0x00000005b8d00000,0x00000005b8e00000)]
  0x000001b75e582800 JavaThread "Thread-28" [_thread_in_native, id=17948, stack(0x00000005b8c00000,0x00000005b8d00000)]
  0x000001b75e57e000 JavaThread "Update Runs Swing Worker Thread" [_thread_blocked, id=9732, stack(0x00000005b9100000,0x00000005b9600000)]
  0x000001b752d2e800 JavaThread "hw_ila_monitor" [_thread_blocked, id=140, stack(0x00000005b7d00000,0x00000005b8200000)]
  0x000001b752d2e000 JavaThread "Refresh Filesets Swing Worker Thread" [_thread_blocked, id=15696, stack(0x00000005b7800000,0x00000005b7d00000)]
  0x000001b752d30000 JavaThread "SyntheticaAnimation 70" daemon [_thread_blocked, id=12224, stack(0x00000005b5c00000,0x00000005b6100000)]
  0x000001b752d32800 JavaThread "SyntheticaAnimation 25" daemon [_thread_blocked, id=10344, stack(0x00000005b7300000,0x00000005b7800000)]
  0x000001b752d2d000 JavaThread "SyntheticaAnimation 50" daemon [_thread_blocked, id=12044, stack(0x00000005b6e00000,0x00000005b7300000)]
  0x000001b752d31800 JavaThread "Monitor HEventQueue Thread" [_thread_blocked, id=18716, stack(0x00000005b6900000,0x00000005b6e00000)]
  0x000001b752d2f800 JavaThread "SyntheticaCleanerThread" daemon [_thread_blocked, id=14528, stack(0x00000005b6100000,0x00000005b6600000)]
  0x000001b752d31000 JavaThread "Batik CleanerThread" daemon [_thread_blocked, id=18360, stack(0x00000005b5200000,0x00000005b5700000)]
  0x000001b75c6d1000 JavaThread "Process Messages Thread" [_thread_blocked, id=8836, stack(0x00000005b5700000,0x00000005b5c00000)]
  0x000001b75dd89000 JavaThread "Thread-1" [_thread_in_native, id=14588, stack(0x00000005ae500000,0x00000005af900000)]
=>0x000001b75c896800 JavaThread "AWT-EventQueue-0" [_thread_in_native, id=17332, stack(0x00000005b4d00000,0x00000005b5200000)]
  0x000001b75c3b4000 JavaThread "TimerQueue" daemon [_thread_blocked, id=11460, stack(0x00000005b4300000,0x00000005b4800000)]
  0x000001b74e562800 JavaThread "AWT-Windows" daemon [_thread_in_native, id=4724, stack(0x00000005b3e00000,0x00000005b4300000)]
  0x000001b73152e800 JavaThread "AWT-Shutdown" [_thread_blocked, id=10408, stack(0x00000005b3900000,0x00000005b3e00000)]
  0x000001b7501bd800 JavaThread "Java2D Disposer" daemon [_thread_blocked, id=14900, stack(0x00000005b3400000,0x00000005b3900000)]
  0x000001b76cf21800 JavaThread "Service Thread" daemon [_thread_blocked, id=16696, stack(0x00000005b2e00000,0x00000005b3300000)]
  0x000001b76d51c800 JavaThread "Common-Cleaner" daemon [_thread_blocked, id=15232, stack(0x00000005b2900000,0x00000005b2e00000)]
  0x000001b752d2c800 JavaThread "Sweeper thread" daemon [_thread_blocked, id=1624, stack(0x00000005b2400000,0x00000005b2900000)]
  0x000001b76e2bd800 JavaThread "C1 CompilerThread2" daemon [_thread_blocked, id=5344, stack(0x00000005b2300000,0x00000005b2400000)]
  0x000001b753189000 JavaThread "C2 CompilerThread1" daemon [_thread_blocked, id=19340, stack(0x00000005b2200000,0x00000005b2300000)]
  0x000001b753188800 JavaThread "C2 CompilerThread0" daemon [_thread_blocked, id=13252, stack(0x00000005b2100000,0x00000005b2200000)]
  0x000001b75254f000 JavaThread "Attach Listener" daemon [_thread_blocked, id=3672, stack(0x00000005b1c00000,0x00000005b2100000)]
  0x000001b76cd25800 JavaThread "Signal Dispatcher" daemon [_thread_blocked, id=7596, stack(0x00000005b1700000,0x00000005b1c00000)]
  0x000001b731385800 JavaThread "Finalizer" daemon [_thread_blocked, id=17336, stack(0x00000005b1200000,0x00000005b1700000)]
  0x000001b731384800 JavaThread "Reference Handler" daemon [_thread_blocked, id=13132, stack(0x00000005b0d00000,0x00000005b1200000)]
  0x000001b74fbeb800 JavaThread "main" [_thread_blocked, id=15180, stack(0x00000005ae400000,0x00000005ae500000)]

Other Threads:
  0x000001b74fa8b800 VMThread "VM Thread" [stack: 0x00000005b0c00000,0x00000005b0d00000] [id=1208]
  0x000001b74fad7800 WatcherThread [stack: 0x00000005b3300000,0x00000005b3400000] [id=10692]
  0x000001b734fef800 GCTaskThread "GC Thread#0" [stack: 0x00000005afc00000,0x00000005afd00000] [id=17180]
  0x000001b751eca800 GCTaskThread "GC Thread#1" [stack: 0x00000005afd00000,0x00000005afe00000] [id=10300]
  0x000001b751ecb000 GCTaskThread "GC Thread#2" [stack: 0x00000005afe00000,0x00000005aff00000] [id=18544]
  0x000001b751ecc000 GCTaskThread "GC Thread#3" [stack: 0x00000005aff00000,0x00000005b0000000] [id=10312]
  0x000001b74fad8800 GCTaskThread "GC Thread#4" [stack: 0x00000005b0000000,0x00000005b0100000] [id=19300]
  0x000001b74fadc000 GCTaskThread "GC Thread#5" [stack: 0x00000005b0100000,0x00000005b0200000] [id=13384]
  0x000001b76d819800 ConcurrentGCThread "G1 Main Marker" [stack: 0x00000005b0900000,0x00000005b0a00000] [id=8188]
  0x000001b74fadd000 ConcurrentGCThread "G1 Marker#0" [stack: 0x00000005b0a00000,0x00000005b0b00000] [id=7472]
  0x000001b74fada800 ConcurrentGCThread "G1 Marker#1" [stack: 0x00000005b0b00000,0x00000005b0c00000] [id=19224]
  0x000001b76cbe4800 ConcurrentGCThread "G1 Refine#0" [stack: 0x00000005b0700000,0x00000005b0800000] [id=15724]
  0x000001b76d61f000 ConcurrentGCThread "G1 Refine#1" [stack: 0x00000005b0600000,0x00000005b0700000] [id=12520]
  0x000001b76da20000 ConcurrentGCThread "G1 Refine#2" [stack: 0x00000005b0500000,0x00000005b0600000] [id=16080]
  0x000001b7530eb000 ConcurrentGCThread "G1 Refine#3" [stack: 0x00000005b0400000,0x00000005b0500000] [id=4600]
  0x000001b72f43a000 ConcurrentGCThread "G1 Refine#4" [stack: 0x00000005b0300000,0x00000005b0400000] [id=18468]
  0x000001b75338c000 ConcurrentGCThread "G1 Refine#5" [stack: 0x00000005b0200000,0x00000005b0300000] [id=18984]
  0x000001b76cbe5000 ConcurrentGCThread "G1 Young RemSet Sampling" [stack: 0x00000005b0800000,0x00000005b0900000] [id=16260]

Threads with active compile tasks:

VM state:not at safepoint (normal execution)

VM Mutex/Monitor currently owned by a thread: None

Heap address: 0x0000000700000000, size: 3072 MB, Compressed Oops mode: Zero based, Oop shift amount: 3
Narrow klass base: 0x0000000000000000, Narrow klass shift: 3
Compressed class space size: 1073741824 Address: 0x00000007c0000000

Heap:
 garbage-first heap   total 221184K, used 131823K [0x0000000700000000, 0x00000007001006c0, 0x00000007c0000000)
  region size 1024K, 25 young (25600K), 1 survivors (1024K)
 Metaspace       used 105195K, capacity 112841K, committed 113104K, reserved 1144832K
  class space    used 15582K, capacity 16884K, committed 16892K, reserved 1048576K
Heap Regions: E=young(eden), S=young(survivor), O=old, HS=humongous(starts), HC=humongous(continues), CS=collection set, F=free, A=archive, TS=gc time stamp, AC=allocation context, TAMS=top-at-mark-start (previous, next)
|   0|0x0000000700000000, 0x00000007000fcd68, 0x0000000700100000| 98%| O|  |TS  0|AC  0|TAMS 0x0000000700000000, 0x0000000700000000|
|   1|0x0000000700100000, 0x00000007001e5d38, 0x0000000700200000| 89%| O|  |TS  0|AC  0|TAMS 0x0000000700100000, 0x0000000700100000|
|   2|0x0000000700200000, 0x0000000700300000, 0x0000000700300000|100%|HS|  |TS  0|AC  0|TAMS 0x0000000700200000, 0x0000000700200000|
|   3|0x0000000700300000, 0x0000000700400000, 0x0000000700400000|100%|HC|  |TS  0|AC  0|TAMS 0x0000000700300000, 0x0000000700300000|
|   4|0x0000000700400000, 0x0000000700500000, 0x0000000700500000|100%|HS|  |TS  0|AC  0|TAMS 0x0000000700400000, 0x0000000700400000|
|   5|0x0000000700500000, 0x00000007005f5448, 0x0000000700600000| 95%| O|  |TS  0|AC  0|TAMS 0x0000000700500000, 0x0000000700500000|
|   6|0x0000000700600000, 0x00000007006b0cb8, 0x0000000700700000| 69%| O|  |TS  0|AC  0|TAMS 0x0000000700600000, 0x0000000700600000|
|   7|0x0000000700700000, 0x00000007007ffc68, 0x0000000700800000| 99%| O|  |TS  0|AC  0|TAMS 0x0000000700700000, 0x0000000700700000|
|   8|0x0000000700800000, 0x00000007008ee820, 0x0000000700900000| 93%| O|  |TS  0|AC  0|TAMS 0x0000000700800000, 0x0000000700800000|
|   9|0x0000000700900000, 0x00000007009fd298, 0x0000000700a00000| 98%| O|  |TS  0|AC  0|TAMS 0x0000000700900000, 0x0000000700900000|
|  10|0x0000000700a00000, 0x0000000700af8128, 0x0000000700b00000| 96%| O|  |TS  0|AC  0|TAMS 0x0000000700a00000, 0x0000000700a00000|
|  11|0x0000000700b00000, 0x0000000700c00000, 0x0000000700c00000|100%| O|  |TS  0|AC  0|TAMS 0x0000000700b00000, 0x0000000700b00000|
|  12|0x0000000700c00000, 0x0000000700cffff0, 0x0000000700d00000| 99%| O|  |TS  0|AC  0|TAMS 0x0000000700c00000, 0x0000000700c00000|
|  13|0x0000000700d00000, 0x0000000700e00000, 0x0000000700e00000|100%| O|  |TS  0|AC  0|TAMS 0x0000000700d00000, 0x0000000700d00000|
|  14|0x0000000700e00000, 0x0000000700efd3a8, 0x0000000700f00000| 98%| O|  |TS  0|AC  0|TAMS 0x0000000700e00000, 0x0000000700e00000|
|  15|0x0000000700f00000, 0x0000000700ffeec8, 0x0000000701000000| 99%| O|  |TS  0|AC  0|TAMS 0x0000000700f00000, 0x0000000700f00000|
|  16|0x0000000701000000, 0x00000007010fffe0, 0x0000000701100000| 99%| O|  |TS  0|AC  0|TAMS 0x0000000701000000, 0x0000000701000000|
|  17|0x0000000701100000, 0x00000007011fffe8, 0x0000000701200000| 99%| O|  |TS  0|AC  0|TAMS 0x0000000701100000, 0x0000000701100000|
|  18|0x0000000701200000, 0x0000000701300000, 0x0000000701300000|100%| O|  |TS  0|AC  0|TAMS 0x0000000701200000, 0x0000000701200000|
|  19|0x0000000701300000, 0x00000007013fffa8, 0x0000000701400000| 99%| O|  |TS  0|AC  0|TAMS 0x0000000701300000, 0x0000000701300000|
|  20|0x0000000701400000, 0x0000000701500000, 0x0000000701500000|100%| O|  |TS  0|AC  0|TAMS 0x0000000701400000, 0x0000000701400000|
|  21|0x0000000701500000, 0x00000007015ffff8, 0x0000000701600000| 99%| O|  |TS  0|AC  0|TAMS 0x0000000701500000, 0x0000000701500000|
|  22|0x0000000701600000, 0x00000007016ffec0, 0x0000000701700000| 99%| O|  |TS  0|AC  0|TAMS 0x0000000701600000, 0x0000000701600000|
|  23|0x0000000701700000, 0x0000000701800000, 0x0000000701800000|100%| O|  |TS  0|AC  0|TAMS 0x0000000701700000, 0x0000000701700000|
|  24|0x0000000701800000, 0x00000007018fffe0, 0x0000000701900000| 99%| O|  |TS  0|AC  0|TAMS 0x0000000701800000, 0x0000000701800000|
|  25|0x0000000701900000, 0x00000007019ff5c0, 0x0000000701a00000| 99%| O|  |TS  0|AC  0|TAMS 0x0000000701900000, 0x0000000701900000|
|  26|0x0000000701a00000, 0x0000000701affff0, 0x0000000701b00000| 99%| O|  |TS  0|AC  0|TAMS 0x0000000701a00000, 0x0000000701a00000|
|  27|0x0000000701b00000, 0x0000000701bfffe0, 0x0000000701c00000| 99%| O|  |TS  0|AC  0|TAMS 0x0000000701b00000, 0x0000000701b00000|
|  28|0x0000000701c00000, 0x0000000701cfffc0, 0x0000000701d00000| 99%| O|  |TS  0|AC  0|TAMS 0x0000000701c00000, 0x0000000701c00000|
|  29|0x0000000701d00000, 0x0000000701dffa68, 0x0000000701e00000| 99%| O|  |TS  0|AC  0|TAMS 0x0000000701d00000, 0x0000000701d00000|
|  30|0x0000000701e00000, 0x0000000701effff0, 0x0000000701f00000| 99%| O|  |TS  0|AC  0|TAMS 0x0000000701e00000, 0x0000000701e00000|
|  31|0x0000000701f00000, 0x0000000702000000, 0x0000000702000000|100%| O|  |TS  0|AC  0|TAMS 0x0000000701f00000, 0x0000000701f00000|
|  32|0x0000000702000000, 0x00000007020fffd0, 0x0000000702100000| 99%| O|  |TS  0|AC  0|TAMS 0x0000000702000000, 0x0000000702000000|
|  33|0x0000000702100000, 0x00000007021ffff8, 0x0000000702200000| 99%| O|  |TS  0|AC  0|TAMS 0x0000000702100000, 0x0000000702100000|
|  34|0x0000000702200000, 0x00000007022ffe80, 0x0000000702300000| 99%| O|  |TS  0|AC  0|TAMS 0x0000000702200000, 0x0000000702200000|
|  35|0x0000000702300000, 0x00000007023ffff0, 0x0000000702400000| 99%| O|  |TS  0|AC  0|TAMS 0x0000000702300000, 0x0000000702300000|
|  36|0x0000000702400000, 0x00000007024fffa0, 0x0000000702500000| 99%| O|  |TS  0|AC  0|TAMS 0x0000000702400000, 0x0000000702400000|
|  37|0x0000000702500000, 0x00000007025fffe8, 0x0000000702600000| 99%| O|  |TS  0|AC  0|TAMS 0x0000000702500000, 0x0000000702500000|
|  38|0x0000000702600000, 0x0000000702700000, 0x0000000702700000|100%| O|  |TS  0|AC  0|TAMS 0x0000000702600000, 0x0000000702600000|
|  39|0x0000000702700000, 0x00000007027fffe0, 0x0000000702800000| 99%| O|  |TS  0|AC  0|TAMS 0x0000000702700000, 0x0000000702700000|
|  40|0x0000000702800000, 0x00000007028fffe0, 0x0000000702900000| 99%| O|  |TS  0|AC  0|TAMS 0x0000000702800000, 0x0000000702800000|
|  41|0x0000000702900000, 0x0000000702a00000, 0x0000000702a00000|100%| O|  |TS  0|AC  0|TAMS 0x0000000702900000, 0x0000000702900000|
|  42|0x0000000702a00000, 0x0000000702aff708, 0x0000000702b00000| 99%| O|  |TS  0|AC  0|TAMS 0x0000000702a00000, 0x0000000702a00000|
|  43|0x0000000702b00000, 0x0000000702c00000, 0x0000000702c00000|100%| O|  |TS  0|AC  0|TAMS 0x0000000702b00000, 0x0000000702b00000|
|  44|0x0000000702c00000, 0x0000000702cf3af8, 0x0000000702d00000| 95%| O|  |TS  0|AC  0|TAMS 0x0000000702c00000, 0x0000000702c00000|
|  45|0x0000000702d00000, 0x0000000702dfffe8, 0x0000000702e00000| 99%| O|  |TS  0|AC  0|TAMS 0x0000000702d00000, 0x0000000702d00000|
|  46|0x0000000702e00000, 0x0000000702efffd8, 0x0000000702f00000| 99%| O|  |TS  0|AC  0|TAMS 0x0000000702e00000, 0x0000000702e00000|
|  47|0x0000000702f00000, 0x0000000702ffe3b0, 0x0000000703000000| 99%| O|  |TS  0|AC  0|TAMS 0x0000000702f00000, 0x0000000702f00000|
|  48|0x0000000703000000, 0x0000000703100000, 0x0000000703100000|100%| O|  |TS  0|AC  0|TAMS 0x0000000703000000, 0x0000000703000000|
|  49|0x0000000703100000, 0x00000007031fff28, 0x0000000703200000| 99%| O|  |TS  0|AC  0|TAMS 0x0000000703100000, 0x0000000703100000|
|  50|0x0000000703200000, 0x00000007032ffe58, 0x0000000703300000| 99%| O|  |TS  0|AC  0|TAMS 0x0000000703200000, 0x0000000703200000|
|  51|0x0000000703300000, 0x00000007033fffe8, 0x0000000703400000| 99%| O|  |TS  0|AC  0|TAMS 0x0000000703300000, 0x0000000703300000|
|  52|0x0000000703400000, 0x00000007034ffff0, 0x0000000703500000| 99%| O|  |TS  0|AC  0|TAMS 0x0000000703400000, 0x0000000703400000|
|  53|0x0000000703500000, 0x00000007035ffff0, 0x0000000703600000| 99%| O|  |TS  0|AC  0|TAMS 0x0000000703500000, 0x0000000703500000|
|  54|0x0000000703600000, 0x00000007036ffff8, 0x0000000703700000| 99%| O|  |TS  0|AC  0|TAMS 0x0000000703600000, 0x0000000703600000|
|  55|0x0000000703700000, 0x00000007037ffff8, 0x0000000703800000| 99%| O|  |TS  0|AC  0|TAMS 0x0000000703700000, 0x0000000703700000|
|  56|0x0000000703800000, 0x0000000703900000, 0x0000000703900000|100%| O|  |TS  0|AC  0|TAMS 0x0000000703800000, 0x0000000703800000|
|  57|0x0000000703900000, 0x00000007039fffe8, 0x0000000703a00000| 99%| O|  |TS  0|AC  0|TAMS 0x0000000703900000, 0x0000000703900000|
|  58|0x0000000703a00000, 0x0000000703afffc8, 0x0000000703b00000| 99%| O|  |TS  0|AC  0|TAMS 0x0000000703a00000, 0x0000000703a00000|
|  59|0x0000000703b00000, 0x0000000703bffe58, 0x0000000703c00000| 99%| O|  |TS  0|AC  0|TAMS 0x0000000703b00000, 0x0000000703b00000|
|  60|0x0000000703c00000, 0x0000000703cfffe0, 0x0000000703d00000| 99%| O|  |TS  0|AC  0|TAMS 0x0000000703c00000, 0x0000000703c00000|
|  61|0x0000000703d00000, 0x0000000703dffff8, 0x0000000703e00000| 99%| O|  |TS  0|AC  0|TAMS 0x0000000703d00000, 0x0000000703d00000|
|  62|0x0000000703e00000, 0x0000000703efed30, 0x0000000703f00000| 99%| O|  |TS  0|AC  0|TAMS 0x0000000703e00000, 0x0000000703e00000|
|  63|0x0000000703f00000, 0x0000000703fffff8, 0x0000000704000000| 99%| O|  |TS  0|AC  0|TAMS 0x0000000703f00000, 0x0000000703f00000|
|  64|0x0000000704000000, 0x0000000704100000, 0x0000000704100000|100%| O|  |TS  0|AC  0|TAMS 0x0000000704000000, 0x0000000704000000|
|  65|0x0000000704100000, 0x00000007041fffe8, 0x0000000704200000| 99%| O|  |TS  0|AC  0|TAMS 0x0000000704100000, 0x0000000704100000|
|  66|0x0000000704200000, 0x0000000704300000, 0x0000000704300000|100%|HS|  |TS  0|AC  0|TAMS 0x0000000704200000, 0x0000000704200000|
|  67|0x0000000704300000, 0x0000000704400000, 0x0000000704400000|100%|HC|  |TS  0|AC  0|TAMS 0x0000000704300000, 0x0000000704300000|
|  68|0x0000000704400000, 0x0000000704500000, 0x0000000704500000|100%|HC|  |TS  0|AC  0|TAMS 0x0000000704400000, 0x0000000704400000|
|  69|0x0000000704500000, 0x00000007045d9508, 0x0000000704600000| 84%| O|  |TS  0|AC  0|TAMS 0x0000000704500000, 0x0000000704500000|
|  70|0x0000000704600000, 0x0000000704700000, 0x0000000704700000|100%| O|  |TS  0|AC  0|TAMS 0x0000000704600000, 0x0000000704600000|
|  71|0x0000000704700000, 0x00000007047fffa8, 0x0000000704800000| 99%| O|  |TS  0|AC  0|TAMS 0x0000000704700000, 0x0000000704700000|
|  72|0x0000000704800000, 0x00000007048ffff8, 0x0000000704900000| 99%| O|  |TS  0|AC  0|TAMS 0x0000000704800000, 0x0000000704800000|
|  73|0x0000000704900000, 0x00000007049ffe98, 0x0000000704a00000| 99%| O|  |TS  0|AC  0|TAMS 0x0000000704900000, 0x0000000704900000|
|  74|0x0000000704a00000, 0x0000000704affff8, 0x0000000704b00000| 99%| O|  |TS  0|AC  0|TAMS 0x0000000704a00000, 0x0000000704a00000|
|  75|0x0000000704b00000, 0x0000000704bffc78, 0x0000000704c00000| 99%| O|  |TS  0|AC  0|TAMS 0x0000000704b00000, 0x0000000704b00000|
|  76|0x0000000704c00000, 0x0000000704cf1e70, 0x0000000704d00000| 94%| O|  |TS  0|AC  0|TAMS 0x0000000704c00000, 0x0000000704c00000|
|  77|0x0000000704d00000, 0x0000000704dffff0, 0x0000000704e00000| 99%| O|  |TS  0|AC  0|TAMS 0x0000000704d00000, 0x0000000704d00000|
|  78|0x0000000704e00000, 0x0000000704effff8, 0x0000000704f00000| 99%| O|  |TS  0|AC  0|TAMS 0x0000000704e00000, 0x0000000704e00000|
|  79|0x0000000704f00000, 0x0000000705000000, 0x0000000705000000|100%| O|  |TS  0|AC  0|TAMS 0x0000000704f00000, 0x0000000704f00000|
|  80|0x0000000705000000, 0x00000007050fffe8, 0x0000000705100000| 99%| O|  |TS  0|AC  0|TAMS 0x0000000705000000, 0x0000000705000000|
|  81|0x0000000705100000, 0x00000007051ffff8, 0x0000000705200000| 99%| O|  |TS  0|AC  0|TAMS 0x0000000705100000, 0x0000000705100000|
|  82|0x0000000705200000, 0x00000007052fffe0, 0x0000000705300000| 99%| O|  |TS  0|AC  0|TAMS 0x0000000705200000, 0x0000000705200000|
|  83|0x0000000705300000, 0x0000000705400000, 0x0000000705400000|100%| O|  |TS  0|AC  0|TAMS 0x0000000705300000, 0x0000000705300000|
|  84|0x0000000705400000, 0x00000007054ffff8, 0x0000000705500000| 99%| O|  |TS  0|AC  0|TAMS 0x0000000705400000, 0x0000000705400000|
|  85|0x0000000705500000, 0x00000007055f3018, 0x0000000705600000| 94%| O|  |TS  0|AC  0|TAMS 0x0000000705500000, 0x0000000705500000|
|  86|0x0000000705600000, 0x00000007056fffe0, 0x0000000705700000| 99%| O|  |TS  0|AC  0|TAMS 0x0000000705600000, 0x0000000705600000|
|  87|0x0000000705700000, 0x0000000705800000, 0x0000000705800000|100%|HS|  |TS  0|AC  0|TAMS 0x0000000705700000, 0x0000000705700000|
|  88|0x0000000705800000, 0x0000000705900000, 0x0000000705900000|100%|HC|  |TS  0|AC  0|TAMS 0x0000000705800000, 0x0000000705800000|
|  89|0x0000000705900000, 0x0000000705a00000, 0x0000000705a00000|100%|HC|  |TS  0|AC  0|TAMS 0x0000000705900000, 0x0000000705900000|
|  90|0x0000000705a00000, 0x0000000705b00000, 0x0000000705b00000|100%|HC|  |TS  0|AC  0|TAMS 0x0000000705a00000, 0x0000000705a00000|
|  91|0x0000000705b00000, 0x0000000705c00000, 0x0000000705c00000|100%|HC|  |TS  0|AC  0|TAMS 0x0000000705b00000, 0x0000000705b00000|
|  92|0x0000000705c00000, 0x0000000705d00000, 0x0000000705d00000|100%|HC|  |TS  0|AC  0|TAMS 0x0000000705c00000, 0x0000000705c00000|
|  93|0x0000000705d00000, 0x0000000705e00000, 0x0000000705e00000|100%|HC|  |TS  0|AC  0|TAMS 0x0000000705d00000, 0x0000000705d00000|
|  94|0x0000000705e00000, 0x0000000705f00000, 0x0000000705f00000|100%|HC|  |TS  0|AC  0|TAMS 0x0000000705e00000, 0x0000000705e00000|
|  95|0x0000000705f00000, 0x0000000705fffff8, 0x0000000706000000| 99%| O|  |TS  0|AC  0|TAMS 0x0000000705f00000, 0x0000000705f00000|
|  96|0x0000000706000000, 0x00000007060fffa8, 0x0000000706100000| 99%| O|  |TS  0|AC  0|TAMS 0x0000000706000000, 0x0000000706000000|
|  97|0x0000000706100000, 0x00000007061ffff0, 0x0000000706200000| 99%| O|  |TS  0|AC  0|TAMS 0x0000000706100000, 0x0000000706100000|
|  98|0x0000000706200000, 0x00000007062fffd8, 0x0000000706300000| 99%| O|  |TS  0|AC  0|TAMS 0x0000000706200000, 0x0000000706200000|
|  99|0x0000000706300000, 0x0000000706400000, 0x0000000706400000|100%| O|  |TS  0|AC  0|TAMS 0x0000000706300000, 0x0000000706300000|
| 100|0x0000000706400000, 0x00000007064fffe8, 0x0000000706500000| 99%| O|  |TS  0|AC  0|TAMS 0x0000000706400000, 0x0000000706400000|
| 101|0x0000000706500000, 0x00000007065eaff8, 0x0000000706600000| 91%| O|  |TS  0|AC  0|TAMS 0x0000000706500000, 0x0000000706500000|
| 102|0x0000000706600000, 0x0000000706600000, 0x0000000706700000|  0%| F|  |TS  0|AC  0|TAMS 0x0000000706600000, 0x0000000706600000|
| 103|0x0000000706700000, 0x0000000706700000, 0x0000000706800000|  0%| F|  |TS  0|AC  0|TAMS 0x0000000706700000, 0x0000000706700000|
| 104|0x0000000706800000, 0x0000000706800000, 0x0000000706900000|  0%| F|  |TS  0|AC  0|TAMS 0x0000000706800000, 0x0000000706800000|
| 105|0x0000000706900000, 0x0000000706900000, 0x0000000706a00000|  0%| F|  |TS  0|AC  0|TAMS 0x0000000706900000, 0x0000000706900000|
| 106|0x0000000706a00000, 0x0000000706a00000, 0x0000000706b00000|  0%| F|  |TS  0|AC  0|TAMS 0x0000000706a00000, 0x0000000706a00000|
| 107|0x0000000706b00000, 0x0000000706b00000, 0x0000000706c00000|  0%| F|  |TS  0|AC  0|TAMS 0x0000000706b00000, 0x0000000706b00000|
| 108|0x0000000706c00000, 0x0000000706c00000, 0x0000000706d00000|  0%| F|  |TS  0|AC  0|TAMS 0x0000000706c00000, 0x0000000706c00000|
| 109|0x0000000706d00000, 0x0000000706d00000, 0x0000000706e00000|  0%| F|  |TS  0|AC  0|TAMS 0x0000000706d00000, 0x0000000706d00000|
| 110|0x0000000706e00000, 0x0000000706f00000, 0x0000000706f00000|100%|HS|  |TS  0|AC  0|TAMS 0x0000000706e00000, 0x0000000706e00000|
| 111|0x0000000706f00000, 0x0000000707000000, 0x0000000707000000|100%|HC|  |TS  0|AC  0|TAMS 0x0000000706f00000, 0x0000000706f00000|
| 112|0x0000000707000000, 0x0000000707100000, 0x0000000707100000|100%|HC|  |TS  0|AC  0|TAMS 0x0000000707000000, 0x0000000707000000|
| 113|0x0000000707100000, 0x0000000707200000, 0x0000000707200000|100%|HC|  |TS  0|AC  0|TAMS 0x0000000707100000, 0x0000000707100000|
| 114|0x0000000707200000, 0x0000000707200000, 0x0000000707300000|  0%| F|  |TS  0|AC  0|TAMS 0x0000000707200000, 0x0000000707200000|
| 115|0x0000000707300000, 0x0000000707300000, 0x0000000707400000|  0%| F|  |TS  0|AC  0|TAMS 0x0000000707300000, 0x0000000707300000|
| 116|0x0000000707400000, 0x0000000707400000, 0x0000000707500000|  0%| F|  |TS  0|AC  0|TAMS 0x0000000707400000, 0x0000000707400000|
| 117|0x0000000707500000, 0x0000000707500000, 0x0000000707600000|  0%| F|  |TS  0|AC  0|TAMS 0x0000000707500000, 0x0000000707500000|
| 118|0x0000000707600000, 0x0000000707600000, 0x0000000707700000|  0%| F|  |TS  0|AC  0|TAMS 0x0000000707600000, 0x0000000707600000|
| 119|0x0000000707700000, 0x0000000707700000, 0x0000000707800000|  0%| F|  |TS  0|AC  0|TAMS 0x0000000707700000, 0x0000000707700000|
| 120|0x0000000707800000, 0x0000000707800000, 0x0000000707900000|  0%| F|  |TS  0|AC  0|TAMS 0x0000000707800000, 0x0000000707800000|
| 121|0x0000000707900000, 0x0000000707900000, 0x0000000707a00000|  0%| F|  |TS  0|AC  0|TAMS 0x0000000707900000, 0x0000000707900000|
| 122|0x0000000707a00000, 0x0000000707a00000, 0x0000000707b00000|  0%| F|  |TS  0|AC  0|TAMS 0x0000000707a00000, 0x0000000707a00000|
| 123|0x0000000707b00000, 0x0000000707b00000, 0x0000000707c00000|  0%| F|  |TS  0|AC  0|TAMS 0x0000000707b00000, 0x0000000707b00000|
| 124|0x0000000707c00000, 0x0000000707c00000, 0x0000000707d00000|  0%| F|  |TS  0|AC  0|TAMS 0x0000000707c00000, 0x0000000707c00000|
| 125|0x0000000707d00000, 0x0000000707d00000, 0x0000000707e00000|  0%| F|  |TS  0|AC  0|TAMS 0x0000000707d00000, 0x0000000707d00000|
| 126|0x0000000707e00000, 0x0000000707e00000, 0x0000000707f00000|  0%| F|  |TS  0|AC  0|TAMS 0x0000000707e00000, 0x0000000707e00000|
| 127|0x0000000707f00000, 0x0000000707f00000, 0x0000000708000000|  0%| F|  |TS  0|AC  0|TAMS 0x0000000707f00000, 0x0000000707f00000|
| 128|0x0000000708000000, 0x0000000708000000, 0x0000000708100000|  0%| F|  |TS  0|AC  0|TAMS 0x0000000708000000, 0x0000000708000000|
| 129|0x0000000708100000, 0x0000000708100000, 0x0000000708200000|  0%| F|  |TS  0|AC  0|TAMS 0x0000000708100000, 0x0000000708100000|
| 130|0x0000000708200000, 0x0000000708200000, 0x0000000708300000|  0%| F|  |TS  0|AC  0|TAMS 0x0000000708200000, 0x0000000708200000|
| 131|0x0000000708300000, 0x0000000708300000, 0x0000000708400000|  0%| F|  |TS  0|AC  0|TAMS 0x0000000708300000, 0x0000000708300000|
| 132|0x0000000708400000, 0x0000000708400000, 0x0000000708500000|  0%| F|  |TS  0|AC  0|TAMS 0x0000000708400000, 0x0000000708400000|
| 133|0x0000000708500000, 0x0000000708500000, 0x0000000708600000|  0%| F|  |TS  0|AC  0|TAMS 0x0000000708500000, 0x0000000708500000|
| 134|0x0000000708600000, 0x0000000708600000, 0x0000000708700000|  0%| F|  |TS  0|AC  0|TAMS 0x0000000708600000, 0x0000000708600000|
| 135|0x0000000708700000, 0x0000000708700000, 0x0000000708800000|  0%| F|  |TS  0|AC  0|TAMS 0x0000000708700000, 0x0000000708700000|
| 136|0x0000000708800000, 0x0000000708800000, 0x0000000708900000|  0%| F|  |TS  0|AC  0|TAMS 0x0000000708800000, 0x0000000708800000|
| 137|0x0000000708900000, 0x0000000708900000, 0x0000000708a00000|  0%| F|  |TS  0|AC  0|TAMS 0x0000000708900000, 0x0000000708900000|
| 138|0x0000000708a00000, 0x0000000708a00000, 0x0000000708b00000|  0%| F|  |TS  0|AC  0|TAMS 0x0000000708a00000, 0x0000000708a00000|
| 139|0x0000000708b00000, 0x0000000708b00000, 0x0000000708c00000|  0%| F|  |TS  0|AC  0|TAMS 0x0000000708b00000, 0x0000000708b00000|
| 140|0x0000000708c00000, 0x0000000708c00000, 0x0000000708d00000|  0%| F|  |TS  0|AC  0|TAMS 0x0000000708c00000, 0x0000000708c00000|
| 141|0x0000000708d00000, 0x0000000708d00000, 0x0000000708e00000|  0%| F|  |TS  0|AC  0|TAMS 0x0000000708d00000, 0x0000000708d00000|
| 142|0x0000000708e00000, 0x0000000708e00000, 0x0000000708f00000|  0%| F|  |TS  0|AC  0|TAMS 0x0000000708e00000, 0x0000000708e00000|
| 143|0x0000000708f00000, 0x0000000708f00000, 0x0000000709000000|  0%| F|  |TS  0|AC  0|TAMS 0x0000000708f00000, 0x0000000708f00000|
| 144|0x0000000709000000, 0x0000000709000000, 0x0000000709100000|  0%| F|  |TS  0|AC  0|TAMS 0x0000000709000000, 0x0000000709000000|
| 145|0x0000000709100000, 0x0000000709100000, 0x0000000709200000|  0%| F|  |TS  0|AC  0|TAMS 0x0000000709100000, 0x0000000709100000|
| 146|0x0000000709200000, 0x0000000709200000, 0x0000000709300000|  0%| F|  |TS  0|AC  0|TAMS 0x0000000709200000, 0x0000000709200000|
| 147|0x0000000709300000, 0x0000000709300000, 0x0000000709400000|  0%| F|  |TS  0|AC  0|TAMS 0x0000000709300000, 0x0000000709300000|
| 148|0x0000000709400000, 0x0000000709400000, 0x0000000709500000|  0%| F|  |TS  0|AC  0|TAMS 0x0000000709400000, 0x0000000709400000|
| 149|0x0000000709500000, 0x0000000709500000, 0x0000000709600000|  0%| F|  |TS  0|AC  0|TAMS 0x0000000709500000, 0x0000000709500000|
| 150|0x0000000709600000, 0x0000000709600000, 0x0000000709700000|  0%| F|  |TS  0|AC  0|TAMS 0x0000000709600000, 0x0000000709600000|
| 151|0x0000000709700000, 0x0000000709700000, 0x0000000709800000|  0%| F|  |TS  0|AC  0|TAMS 0x0000000709700000, 0x0000000709700000|
| 152|0x0000000709800000, 0x0000000709800000, 0x0000000709900000|  0%| F|  |TS  0|AC  0|TAMS 0x0000000709800000, 0x0000000709800000|
| 153|0x0000000709900000, 0x0000000709900000, 0x0000000709a00000|  0%| F|  |TS  0|AC  0|TAMS 0x0000000709900000, 0x0000000709900000|
| 154|0x0000000709a00000, 0x0000000709a00000, 0x0000000709b00000|  0%| F|  |TS  9|AC  0|TAMS 0x0000000709a00000, 0x0000000709a00000|
| 155|0x0000000709b00000, 0x0000000709bbc290, 0x0000000709c00000| 73%| S|CS|TS 11|AC  0|TAMS 0x0000000709b00000, 0x0000000709b00000|
| 156|0x0000000709c00000, 0x0000000709c00000, 0x0000000709d00000|  0%| F|  |TS 11|AC  0|TAMS 0x0000000709c00000, 0x0000000709c00000|
| 157|0x0000000709d00000, 0x0000000709d00000, 0x0000000709e00000|  0%| F|  |TS 11|AC  0|TAMS 0x0000000709d00000, 0x0000000709d00000|
| 158|0x0000000709e00000, 0x0000000709e00000, 0x0000000709f00000|  0%| F|  |TS 11|AC  0|TAMS 0x0000000709e00000, 0x0000000709e00000|
| 159|0x0000000709f00000, 0x0000000709f00000, 0x000000070a000000|  0%| F|  |TS 11|AC  0|TAMS 0x0000000709f00000, 0x0000000709f00000|
| 160|0x000000070a000000, 0x000000070a000000, 0x000000070a100000|  0%| F|  |TS 11|AC  0|TAMS 0x000000070a000000, 0x000000070a000000|
| 161|0x000000070a100000, 0x000000070a100000, 0x000000070a200000|  0%| F|  |TS 11|AC  0|TAMS 0x000000070a100000, 0x000000070a100000|
| 162|0x000000070a200000, 0x000000070a200000, 0x000000070a300000|  0%| F|  |TS 11|AC  0|TAMS 0x000000070a200000, 0x000000070a200000|
| 163|0x000000070a300000, 0x000000070a300000, 0x000000070a400000|  0%| F|  |TS 11|AC  0|TAMS 0x000000070a300000, 0x000000070a300000|
| 164|0x000000070a400000, 0x000000070a400000, 0x000000070a500000|  0%| F|  |TS 11|AC  0|TAMS 0x000000070a400000, 0x000000070a400000|
| 165|0x000000070a500000, 0x000000070a500000, 0x000000070a600000|  0%| F|  |TS 11|AC  0|TAMS 0x000000070a500000, 0x000000070a500000|
| 166|0x000000070a600000, 0x000000070a600000, 0x000000070a700000|  0%| F|  |TS 11|AC  0|TAMS 0x000000070a600000, 0x000000070a600000|
| 167|0x000000070a700000, 0x000000070a700000, 0x000000070a800000|  0%| F|  |TS 11|AC  0|TAMS 0x000000070a700000, 0x000000070a700000|
| 168|0x000000070a800000, 0x000000070a800000, 0x000000070a900000|  0%| F|  |TS 11|AC  0|TAMS 0x000000070a800000, 0x000000070a800000|
| 169|0x000000070a900000, 0x000000070a900000, 0x000000070aa00000|  0%| F|  |TS 11|AC  0|TAMS 0x000000070a900000, 0x000000070a900000|
| 170|0x000000070aa00000, 0x000000070aa00000, 0x000000070ab00000|  0%| F|  |TS 11|AC  0|TAMS 0x000000070aa00000, 0x000000070aa00000|
| 171|0x000000070ab00000, 0x000000070ab00000, 0x000000070ac00000|  0%| F|  |TS 11|AC  0|TAMS 0x000000070ab00000, 0x000000070ab00000|
| 172|0x000000070ac00000, 0x000000070ac00000, 0x000000070ad00000|  0%| F|  |TS 11|AC  0|TAMS 0x000000070ac00000, 0x000000070ac00000|
| 173|0x000000070ad00000, 0x000000070ad00000, 0x000000070ae00000|  0%| F|  |TS 11|AC  0|TAMS 0x000000070ad00000, 0x000000070ad00000|
| 174|0x000000070ae00000, 0x000000070ae00000, 0x000000070af00000|  0%| F|  |TS 11|AC  0|TAMS 0x000000070ae00000, 0x000000070ae00000|
| 175|0x000000070af00000, 0x000000070af00000, 0x000000070b000000|  0%| F|  |TS 11|AC  0|TAMS 0x000000070af00000, 0x000000070af00000|
| 176|0x000000070b000000, 0x000000070b000000, 0x000000070b100000|  0%| F|  |TS 11|AC  0|TAMS 0x000000070b000000, 0x000000070b000000|
| 177|0x000000070b100000, 0x000000070b100000, 0x000000070b200000|  0%| F|  |TS 11|AC  0|TAMS 0x000000070b100000, 0x000000070b100000|
| 178|0x000000070b200000, 0x000000070b200000, 0x000000070b300000|  0%| F|  |TS 11|AC  0|TAMS 0x000000070b200000, 0x000000070b200000|
| 179|0x000000070b300000, 0x000000070b300000, 0x000000070b400000|  0%| F|  |TS 11|AC  0|TAMS 0x000000070b300000, 0x000000070b300000|
| 180|0x000000070b400000, 0x000000070b400000, 0x000000070b500000|  0%| F|  |TS 11|AC  0|TAMS 0x000000070b400000, 0x000000070b400000|
| 181|0x000000070b500000, 0x000000070b500000, 0x000000070b600000|  0%| F|  |TS 11|AC  0|TAMS 0x000000070b500000, 0x000000070b500000|
| 182|0x000000070b600000, 0x000000070b600000, 0x000000070b700000|  0%| F|  |TS 11|AC  0|TAMS 0x000000070b600000, 0x000000070b600000|
| 183|0x000000070b700000, 0x000000070b700000, 0x000000070b800000|  0%| F|  |TS 11|AC  0|TAMS 0x000000070b700000, 0x000000070b700000|
| 184|0x000000070b800000, 0x000000070b800000, 0x000000070b900000|  0%| F|  |TS 11|AC  0|TAMS 0x000000070b800000, 0x000000070b800000|
| 185|0x000000070b900000, 0x000000070b900000, 0x000000070ba00000|  0%| F|  |TS 11|AC  0|TAMS 0x000000070b900000, 0x000000070b900000|
| 186|0x000000070ba00000, 0x000000070ba00000, 0x000000070bb00000|  0%| F|  |TS 11|AC  0|TAMS 0x000000070ba00000, 0x000000070ba00000|
| 187|0x000000070bb00000, 0x000000070bb00000, 0x000000070bc00000|  0%| F|  |TS 11|AC  0|TAMS 0x000000070bb00000, 0x000000070bb00000|
| 188|0x000000070bc00000, 0x000000070bc00000, 0x000000070bd00000|  0%| F|  |TS 11|AC  0|TAMS 0x000000070bc00000, 0x000000070bc00000|
| 189|0x000000070bd00000, 0x000000070bd00000, 0x000000070be00000|  0%| F|  |TS 11|AC  0|TAMS 0x000000070bd00000, 0x000000070bd00000|
| 190|0x000000070be00000, 0x000000070be00000, 0x000000070bf00000|  0%| F|  |TS 11|AC  0|TAMS 0x000000070be00000, 0x000000070be00000|
| 191|0x000000070bf00000, 0x000000070bf00000, 0x000000070c000000|  0%| F|  |TS 11|AC  0|TAMS 0x000000070bf00000, 0x000000070bf00000|
| 192|0x000000070c000000, 0x000000070c0a5a10, 0x000000070c100000| 64%| E|  |TS 11|AC  0|TAMS 0x000000070c000000, 0x000000070c000000|
| 193|0x000000070c100000, 0x000000070c200000, 0x000000070c200000|100%| E|CS|TS 11|AC  0|TAMS 0x000000070c100000, 0x000000070c100000|
| 194|0x000000070c200000, 0x000000070c300000, 0x000000070c300000|100%| E|CS|TS 11|AC  0|TAMS 0x000000070c200000, 0x000000070c200000|
| 195|0x000000070c300000, 0x000000070c400000, 0x000000070c400000|100%| E|CS|TS 11|AC  0|TAMS 0x000000070c300000, 0x000000070c300000|
| 196|0x000000070c400000, 0x000000070c500000, 0x000000070c500000|100%| E|CS|TS 11|AC  0|TAMS 0x000000070c400000, 0x000000070c400000|
| 197|0x000000070c500000, 0x000000070c600000, 0x000000070c600000|100%| E|CS|TS 11|AC  0|TAMS 0x000000070c500000, 0x000000070c500000|
| 198|0x000000070c600000, 0x000000070c700000, 0x000000070c700000|100%| E|CS|TS 11|AC  0|TAMS 0x000000070c600000, 0x000000070c600000|
| 199|0x000000070c700000, 0x000000070c800000, 0x000000070c800000|100%| E|CS|TS 11|AC  0|TAMS 0x000000070c700000, 0x000000070c700000|
| 200|0x000000070c800000, 0x000000070c900000, 0x000000070c900000|100%| E|CS|TS 11|AC  0|TAMS 0x000000070c800000, 0x000000070c800000|
| 201|0x000000070c900000, 0x000000070ca00000, 0x000000070ca00000|100%| E|CS|TS 11|AC  0|TAMS 0x000000070c900000, 0x000000070c900000|
| 202|0x000000070ca00000, 0x000000070cb00000, 0x000000070cb00000|100%| E|CS|TS 11|AC  0|TAMS 0x000000070ca00000, 0x000000070ca00000|
| 203|0x000000070cb00000, 0x000000070cc00000, 0x000000070cc00000|100%| E|CS|TS 11|AC  0|TAMS 0x000000070cb00000, 0x000000070cb00000|
| 204|0x000000070cc00000, 0x000000070cd00000, 0x000000070cd00000|100%| E|CS|TS 11|AC  0|TAMS 0x000000070cc00000, 0x000000070cc00000|
| 205|0x000000070cd00000, 0x000000070ce00000, 0x000000070ce00000|100%| E|CS|TS 11|AC  0|TAMS 0x000000070cd00000, 0x000000070cd00000|
| 206|0x000000070ce00000, 0x000000070cf00000, 0x000000070cf00000|100%| E|CS|TS 11|AC  0|TAMS 0x000000070ce00000, 0x000000070ce00000|
| 207|0x000000070cf00000, 0x000000070d000000, 0x000000070d000000|100%| E|CS|TS 11|AC  0|TAMS 0x000000070cf00000, 0x000000070cf00000|
| 208|0x000000070d000000, 0x000000070d100000, 0x000000070d100000|100%| E|CS|TS 11|AC  0|TAMS 0x000000070d000000, 0x000000070d000000|
| 209|0x000000070d100000, 0x000000070d200000, 0x000000070d200000|100%| E|CS|TS 11|AC  0|TAMS 0x000000070d100000, 0x000000070d100000|
| 210|0x000000070d200000, 0x000000070d300000, 0x000000070d300000|100%| E|CS|TS 11|AC  0|TAMS 0x000000070d200000, 0x000000070d200000|
| 211|0x000000070d300000, 0x000000070d400000, 0x000000070d400000|100%| E|CS|TS 11|AC  0|TAMS 0x000000070d300000, 0x000000070d300000|
| 212|0x000000070d400000, 0x000000070d500000, 0x000000070d500000|100%| E|CS|TS 11|AC  0|TAMS 0x000000070d400000, 0x000000070d400000|
| 213|0x000000070d500000, 0x000000070d600000, 0x000000070d600000|100%| E|CS|TS 11|AC  0|TAMS 0x000000070d500000, 0x000000070d500000|
| 214|0x000000070d600000, 0x000000070d700000, 0x000000070d700000|100%| E|CS|TS 11|AC  0|TAMS 0x000000070d600000, 0x000000070d600000|
| 215|0x000000070d700000, 0x000000070d800000, 0x000000070d800000|100%| E|CS|TS 11|AC  0|TAMS 0x000000070d700000, 0x000000070d700000|

Card table byte_map: [0x000001b74cc20000,0x000001b74d220000] byte_map_base: 0x000001b749420000

Marking Bits (Prev, Next): (CMBitMap*) 0x000001b734528ce8, (CMBitMap*) 0x000001b734528cb0
 Prev Bits: [0x000001b756b30000, 0x000001b759b30000)
 Next Bits: [0x000001b753b30000, 0x000001b756b30000)

Polling page: 0x000001b731000000

CodeHeap 'non-profiled nmethods': size=120064Kb used=25431Kb max_used=25431Kb free=94632Kb
 bounds [0x000001b744ae0000, 0x000001b7463c0000, 0x000001b74c020000]
CodeHeap 'profiled nmethods': size=120000Kb used=46168Kb max_used=51229Kb free=73832Kb
 bounds [0x000001b73d5b0000, 0x000001b740810000, 0x000001b744ae0000]
CodeHeap 'non-nmethods': size=5696Kb used=1899Kb max_used=1961Kb free=3796Kb
 bounds [0x000001b73d020000, 0x000001b73d290000, 0x000001b73d5b0000]
 total_blobs=39780 nmethods=20104 adapters=1282
 compilation: enabled

Compilation events (10 events):
Event: 2592.404 Thread 0x000001b76e2bd800 nmethod 27384 0x000001b73e774f10 code [0x000001b73e775140, 0x000001b73e775df0]
Event: 2592.404 Thread 0x000001b76e2bd800 27386  s    3       ui.views.V.a.aS::addFoldingSpan (15 bytes)
Event: 2592.404 Thread 0x000001b76e2bd800 nmethod 27386 0x000001b73e521110 code [0x000001b73e521300, 0x000001b73e521ab0]
Event: 2592.411 Thread 0x000001b753188800 nmethod 27385% 0x000001b7463b5190 code [0x000001b7463b5380, 0x000001b7463b5af8]
Event: 2592.759 Thread 0x000001b753189000 27387       4       ui.utils.i.j.W::q (109 bytes)
Event: 2592.771 Thread 0x000001b753189000 nmethod 27387 0x000001b7463b6010 code [0x000001b7463b6280, 0x000001b7463b6ff0]
Event: 2599.882 Thread 0x000001b753188800 27388       4       javax.swing.plaf.basic.BasicProgressBarUI::getBox (181 bytes)
Event: 2599.891 Thread 0x000001b753188800 nmethod 27388 0x000001b7463b7c10 code [0x000001b7463b7e60, 0x000001b7463b8948]
Event: 2600.914 Thread 0x000001b76e2bd800 27389       3       com.jidesoft.editor.CodeEditor::setLineBreakStyle (48 bytes)
Event: 2600.915 Thread 0x000001b76e2bd800 nmethod 27389 0x000001b73e56b610 code [0x000001b73e56b820, 0x000001b73e56bfc0]

GC Heap History (10 events):
Event: 2571.880 GC heap before
{Heap before GC invocations=610 (full 66):
 garbage-first heap   total 221184K, used 168756K [0x0000000700000000, 0x00000007001006c0, 0x00000007c0000000)
  region size 1024K, 60 young (61440K), 1 survivors (1024K)
 Metaspace       used 105165K, capacity 112777K, committed 112848K, reserved 1144832K
  class space    used 15582K, capacity 16884K, committed 16892K, reserved 1048576K
}
Event: 2571.882 GC heap after
{Heap after GC invocations=611 (full 66):
 garbage-first heap   total 221184K, used 108295K [0x0000000700000000, 0x00000007001006c0, 0x00000007c0000000)
  region size 1024K, 1 young (1024K), 1 survivors (1024K)
 Metaspace       used 105165K, capacity 112777K, committed 112848K, reserved 1144832K
  class space    used 15582K, capacity 16884K, committed 16892K, reserved 1048576K
}
Event: 2575.293 GC heap before
{Heap before GC invocations=611 (full 66):
 garbage-first heap   total 221184K, used 168711K [0x0000000700000000, 0x00000007001006c0, 0x00000007c0000000)
  region size 1024K, 60 young (61440K), 1 survivors (1024K)
 Metaspace       used 105168K, capacity 112777K, committed 112848K, reserved 1144832K
  class space    used 15582K, capacity 16884K, committed 16892K, reserved 1048576K
}
Event: 2575.296 GC heap after
{Heap after GC invocations=612 (full 66):
 garbage-first heap   total 221184K, used 108262K [0x0000000700000000, 0x00000007001006c0, 0x00000007c0000000)
  region size 1024K, 1 young (1024K), 1 survivors (1024K)
 Metaspace       used 105168K, capacity 112777K, committed 112848K, reserved 1144832K
  class space    used 15582K, capacity 16884K, committed 16892K, reserved 1048576K
}
Event: 2587.784 GC heap before
{Heap before GC invocations=612 (full 66):
 garbage-first heap   total 221184K, used 168678K [0x0000000700000000, 0x00000007001006c0, 0x00000007c0000000)
  region size 1024K, 60 young (61440K), 1 survivors (1024K)
 Metaspace       used 105175K, capacity 112777K, committed 112848K, reserved 1144832K
  class space    used 15582K, capacity 16884K, committed 16892K, reserved 1048576K
}
Event: 2587.787 GC heap after
{Heap after GC invocations=613 (full 66):
 garbage-first heap   total 221184K, used 109334K [0x0000000700000000, 0x00000007001006c0, 0x00000007c0000000)
  region size 1024K, 2 young (2048K), 2 survivors (2048K)
 Metaspace       used 105175K, capacity 112777K, committed 112848K, reserved 1144832K
  class space    used 15582K, capacity 16884K, committed 16892K, reserved 1048576K
}
Event: 2587.941 GC heap before
{Heap before GC invocations=613 (full 66):
 garbage-first heap   total 221184K, used 168726K [0x0000000700000000, 0x00000007001006c0, 0x00000007c0000000)
  region size 1024K, 60 young (61440K), 2 survivors (2048K)
 Metaspace       used 105195K, capacity 112841K, committed 113104K, reserved 1144832K
  class space    used 15582K, capacity 16884K, committed 16892K, reserved 1048576K
}
Event: 2587.943 GC heap after
{Heap after GC invocations=614 (full 66):
 garbage-first heap   total 221184K, used 108380K [0x0000000700000000, 0x00000007001006c0, 0x00000007c0000000)
  region size 1024K, 1 young (1024K), 1 survivors (1024K)
 Metaspace       used 105195K, capacity 112841K, committed 113104K, reserved 1144832K
  class space    used 15582K, capacity 16884K, committed 16892K, reserved 1048576K
}
Event: 2594.787 GC heap before
{Heap before GC invocations=614 (full 66):
 garbage-first heap   total 221184K, used 168796K [0x0000000700000000, 0x00000007001006c0, 0x00000007c0000000)
  region size 1024K, 60 young (61440K), 1 survivors (1024K)
 Metaspace       used 105195K, capacity 112841K, committed 113104K, reserved 1144832K
  class space    used 15582K, capacity 16884K, committed 16892K, reserved 1048576K
}
Event: 2594.790 GC heap after
{Heap after GC invocations=615 (full 66):
 garbage-first heap   total 221184K, used 108271K [0x0000000700000000, 0x00000007001006c0, 0x00000007c0000000)
  region size 1024K, 1 young (1024K), 1 survivors (1024K)
 Metaspace       used 105195K, capacity 112841K, committed 113104K, reserved 1144832K
  class space    used 15582K, capacity 16884K, committed 16892K, reserved 1048576K
}

Deoptimization events (10 events):
Event: 2153.770 Thread 0x000001b75c896800 Uncommon trap: reason=bimorphic_or_optimized_type_check action=maybe_recompile pc=0x000001b7454b1e90 method=java.awt.Component.processMouseMotionEvent(Ljava/awt/event/MouseEvent;)V @ 52 c2
Event: 2153.775 Thread 0x000001b75c896800 Uncommon trap: reason=bimorphic_or_optimized_type_check action=maybe_recompile pc=0x000001b7454b1e90 method=java.awt.Component.processMouseMotionEvent(Ljava/awt/event/MouseEvent;)V @ 52 c2
Event: 2153.778 Thread 0x000001b75c896800 Uncommon trap: reason=bimorphic_or_optimized_type_check action=maybe_recompile pc=0x000001b7454b1e90 method=java.awt.Component.processMouseMotionEvent(Ljava/awt/event/MouseEvent;)V @ 52 c2
Event: 2212.071 Thread 0x000001b75c896800 Uncommon trap: reason=unstable_if action=reinterpret pc=0x000001b745a085e0 method=javax.swing.text.GapContent.getPositionsInRange(Ljava/util/Vector;II)Ljava/util/Vector; @ 20 c2
Event: 2229.392 Thread 0x000001b75c896800 Uncommon trap: reason=class_check action=maybe_recompile pc=0x000001b74500b878 method=ui.data.u.a(Lui/data/ad;Lui/frmwork/b/a;)V @ 85 c2
Event: 2307.945 Thread 0x000001b75c896800 Uncommon trap: reason=class_check action=maybe_recompile pc=0x000001b745e3f9dc method=sun.awt.windows.WComponentPeer.handleEvent(Ljava/awt/AWTEvent;)V @ 152 c2
Event: 2507.198 Thread 0x000001b75c896800 Uncommon trap: reason=unstable_if action=reinterpret pc=0x000001b745ca229c method=ui.views.V.a.bM.markTokensImpl(BLjavax/swing/text/Segment;I)B @ 498 c2
Event: 2510.250 Thread 0x000001b75c896800 Uncommon trap: reason=unstable_if action=reinterpret pc=0x000001b745e8cdb0 method=com.jidesoft.editor.CodeEditor.modelToViewPosition(Lcom/jidesoft/editor/caret/CaretPosition;)Lcom/jidesoft/editor/caret/CaretPosition; @ 62 c2
Event: 2510.250 Thread 0x000001b75c896800 Uncommon trap: reason=unstable_if action=reinterpret pc=0x000001b745e22670 method=com.jidesoft.editor.CodeEditor.modelPositionToOffset(Lcom/jidesoft/editor/caret/CaretPosition;)I @ 126 c2
Event: 2586.072 Thread 0x000001b75c896800 Uncommon trap: reason=unstable_if action=reinterpret pc=0x000001b746265bf8 method=ui.views.V.a.aR.paintFolding(Ljava/awt/Graphics;Lcom/jidesoft/editor/folding/FoldingSpan;I)V @ 224 c2

Classes redefined (0 events):
No events

Internal exceptions (10 events):
Event: 2556.229 Thread 0x000001b75c896800 Exception <a 'java/io/FileNotFoundException'{0x000000070d265068}> (0x000000070d265068) thrown at [t:/workspace/hotspot/src/share/vm/prims/jni.cpp, line 604]
Event: 2561.231 Thread 0x000001b75c896800 Exception <a 'java/io/FileNotFoundException'{0x000000070d2844e0}> (0x000000070d2844e0) thrown at [t:/workspace/hotspot/src/share/vm/prims/jni.cpp, line 604]
Event: 2566.232 Thread 0x000001b75c896800 Exception <a 'java/io/FileNotFoundException'{0x000000070c746718}> (0x000000070c746718) thrown at [t:/workspace/hotspot/src/share/vm/prims/jni.cpp, line 604]
Event: 2571.232 Thread 0x000001b75c896800 Exception <a 'java/io/FileNotFoundException'{0x000000070ce88a78}> (0x000000070ce88a78) thrown at [t:/workspace/hotspot/src/share/vm/prims/jni.cpp, line 604]
Event: 2576.234 Thread 0x000001b75c896800 Exception <a 'java/io/FileNotFoundException'{0x000000070d19a480}> (0x000000070d19a480) thrown at [t:/workspace/hotspot/src/share/vm/prims/jni.cpp, line 604]
Event: 2581.236 Thread 0x000001b75c896800 Exception <a 'java/io/FileNotFoundException'{0x000000070cd6b3b0}> (0x000000070cd6b3b0) thrown at [t:/workspace/hotspot/src/share/vm/prims/jni.cpp, line 604]
Event: 2586.236 Thread 0x000001b75c896800 Exception <a 'java/io/FileNotFoundException'{0x000000070ba701c8}> (0x000000070ba701c8) thrown at [t:/workspace/hotspot/src/share/vm/prims/jni.cpp, line 604]
Event: 2591.236 Thread 0x000001b75c896800 Exception <a 'java/io/FileNotFoundException'{0x000000070ba9a308}> (0x000000070ba9a308) thrown at [t:/workspace/hotspot/src/share/vm/prims/jni.cpp, line 604]
Event: 2596.237 Thread 0x000001b75c896800 Exception <a 'java/io/FileNotFoundException'{0x000000070ca73f78}> (0x000000070ca73f78) thrown at [t:/workspace/hotspot/src/share/vm/prims/jni.cpp, line 604]
Event: 2601.239 Thread 0x000001b75c896800 Exception <a 'java/io/FileNotFoundException'{0x000000070c13b558}> (0x000000070c13b558) thrown at [t:/workspace/hotspot/src/share/vm/prims/jni.cpp, line 604]

Events (10 events):
Event: 2596.784 Thread 0x000001b75e582000 Thread added: 0x000001b75e582000
Event: 2596.786 Thread 0x000001b75e582000 Thread exited: 0x000001b75e582000
Event: 2597.784 Thread 0x000001b75e582000 Thread added: 0x000001b75e582000
Event: 2597.786 Thread 0x000001b75e582000 Thread exited: 0x000001b75e582000
Event: 2598.784 Thread 0x000001b75e582000 Thread added: 0x000001b75e582000
Event: 2598.787 Thread 0x000001b75e582000 Thread exited: 0x000001b75e582000
Event: 2599.785 Thread 0x000001b75e582000 Thread added: 0x000001b75e582000
Event: 2599.787 Thread 0x000001b75e582000 Thread exited: 0x000001b75e582000
Event: 2600.785 Thread 0x000001b75e582000 Thread added: 0x000001b75e582000
Event: 2600.787 Thread 0x000001b75e582000 Thread exited: 0x000001b75e582000


Dynamic libraries:
0x00007ff61cdd0000 - 0x00007ff61ce00000 	C:\Xilinx\Vivado\2020.1\bin\unwrapped\win64.o\vivado.exe
0x00007ffe64de0000 - 0x00007ffe64fd0000 	C:\WINDOWS\SYSTEM32\ntdll.dll
0x00007ffe63600000 - 0x00007ffe636b2000 	C:\WINDOWS\System32\KERNEL32.DLL
0x00007ffe627b0000 - 0x00007ffe62a53000 	C:\WINDOWS\System32\KERNELBASE.dll
0x00007ffe626b0000 - 0x00007ffe627aa000 	C:\WINDOWS\System32\ucrtbase.dll
0x00007ffe438d0000 - 0x00007ffe4395d000 	C:\WINDOWS\SYSTEM32\MSVCP140.dll
0x00007ffe5db20000 - 0x00007ffe5db34000 	C:\Xilinx\Vivado\2020.1\lib\win64.o\libboost_signals.dll
0x00007ffe03ae0000 - 0x00007ffe04ba6000 	C:\Xilinx\Vivado\2020.1\lib\win64.o\librdi_common.dll
0x00007ffe5d8a0000 - 0x00007ffe5d8ba000 	C:\Xilinx\Vivado\2020.1\lib\win64.o\librdi_commonmain.dll
0x00007ffe49dd0000 - 0x00007ffe49dee000 	C:\WINDOWS\SYSTEM32\VCRUNTIME140.dll
0x00007ffe62f30000 - 0x00007ffe630c4000 	C:\WINDOWS\System32\USER32.dll
0x00007ffe62c60000 - 0x00007ffe62c81000 	C:\WINDOWS\System32\win32u.dll
0x00007ffe438c0000 - 0x00007ffe438cc000 	C:\WINDOWS\SYSTEM32\VCRUNTIME140_1.dll
0x00007ffe64260000 - 0x00007ffe64286000 	C:\WINDOWS\System32\GDI32.dll
0x00007ffe5ceb0000 - 0x00007ffe5cec4000 	C:\Xilinx\Vivado\2020.1\lib\win64.o\libboost_date_time.dll
0x00007ffe378b0000 - 0x00007ffe37c1e000 	C:\Xilinx\Vivado\2020.1\lib\win64.o\libCOIN-all.dll
0x00007ffe62510000 - 0x00007ffe626a4000 	C:\WINDOWS\System32\gdi32full.dll
0x00007ffe62cf0000 - 0x00007ffe62d8e000 	C:\WINDOWS\System32\msvcp_win.dll
0x00007ffe63880000 - 0x00007ffe63923000 	C:\WINDOWS\System32\ADVAPI32.dll
0x00007ffe5cc40000 - 0x00007ffe5cc66000 	C:\Xilinx\Vivado\2020.1\lib\win64.o\libboost_filesystem.dll
0x00007ffe45360000 - 0x00007ffe453df000 	C:\Xilinx\Vivado\2020.1\lib\win64.o\libboost_program_options.dll
0x00007ffe45180000 - 0x00007ffe45294000 	C:\Xilinx\Vivado\2020.1\lib\win64.o\libboost_regex.dll
0x00007ffe631e0000 - 0x00007ffe6327e000 	C:\WINDOWS\System32\msvcrt.dll
0x00007ffe62e90000 - 0x00007ffe62f27000 	C:\WINDOWS\System32\sechost.dll
0x00007ffe63f30000 - 0x00007ffe64050000 	C:\WINDOWS\System32\RPCRT4.dll
0x00007ffe5e300000 - 0x00007ffe5e30b000 	C:\Xilinx\Vivado\2020.1\lib\win64.o\libboost_system.dll
0x00007ffe5cea0000 - 0x00007ffe5ceaf000 	C:\Xilinx\Vivado\2020.1\lib\win64.o\libboost_xilinx.dll
0x00007ffe5cc10000 - 0x00007ffe5cc31000 	C:\Xilinx\Vivado\2020.1\lib\win64.o\libboost_thread.dll
0x00007ffe64290000 - 0x00007ffe64975000 	C:\WINDOWS\System32\SHELL32.dll
0x00007ffe62e40000 - 0x00007ffe62e8a000 	C:\WINDOWS\System32\cfgmgr32.dll
0x00007ffe450f0000 - 0x00007ffe45172000 	C:\Xilinx\Vivado\2020.1\lib\win64.o\libhdlpsolve.dll
0x00007ffe64190000 - 0x00007ffe64239000 	C:\WINDOWS\System32\shcore.dll
0x00007ffe41d50000 - 0x00007ffe41df5000 	C:\Xilinx\Vivado\2020.1\lib\win64.o\libhdxml.dll
0x00007ffe02e20000 - 0x00007ffe03ad5a00 	C:\Xilinx\Vivado\2020.1\lib\win64.o\libisl_iostreams.dll
0x00007ffe64a60000 - 0x00007ffe64d96000 	C:\WINDOWS\System32\combase.dll
0x00007ffe5cbe0000 - 0x00007ffe5cc0e000 	C:\Xilinx\Vivado\2020.1\lib\win64.o\libisl_sysinfo.dll
0x00007ffe62c30000 - 0x00007ffe62c56000 	C:\WINDOWS\System32\bcrypt.dll
0x00007ffe62bb0000 - 0x00007ffe62c30000 	C:\WINDOWS\System32\bcryptPrimitives.dll
0x00007ffe64980000 - 0x00007ffe649ef000 	C:\WINDOWS\System32\WS2_32.dll
0x00007ffe61d70000 - 0x00007ffe624f0000 	C:\WINDOWS\System32\windows.storage.dll
0x00007ffe45080000 - 0x00007ffe450e5000 	C:\Xilinx\Vivado\2020.1\lib\win64.o\liblmx6.0.dll
0x00007ffe61cd0000 - 0x00007ffe61cf3000 	C:\WINDOWS\System32\profapi.dll
0x00007ffe5ce40000 - 0x00007ffe5ce5a000 	C:\Xilinx\Vivado\2020.1\lib\win64.o\pthreadVC2.dll
0x00007ffe61d00000 - 0x00007ffe61d4a000 	C:\WINDOWS\System32\powrprof.dll
0x00007ffe3a7f0000 - 0x00007ffe3a991000 	C:\Xilinx\Vivado\2020.1\lib\win64.o\librdi_commonxillic.dll
0x00007ffe61ca0000 - 0x00007ffe61cb0000 	C:\WINDOWS\System32\UMPDC.dll
0x00007ffe49d70000 - 0x00007ffe49d8c000 	C:\Xilinx\Vivado\2020.1\lib\win64.o\librdiconfig.dll
0x00007ffe63e70000 - 0x00007ffe63ec2000 	C:\WINDOWS\System32\shlwapi.dll
0x00007ffe48ed0000 - 0x00007ffe48ef1000 	C:\Xilinx\Vivado\2020.1\lib\win64.o\librdizlib.dll
0x00007ffe61cb0000 - 0x00007ffe61cc1000 	C:\WINDOWS\System32\kernel.appcore.dll
0x0000000059e80000 - 0x0000000059fab000 	C:\Xilinx\Vivado\2020.1\lib\win64.o\tcl85t.dll
0x00007ffe624f0000 - 0x00007ffe62507000 	C:\WINDOWS\System32\cryptsp.dll
0x0000000012000000 - 0x0000000012270000 	C:\Xilinx\Vivado\2020.1\lib\win64.o\xerces-c_3_1.dll
0x00007ffe5cd10000 - 0x00007ffe5cd1a000 	C:\Xilinx\Vivado\2020.1\lib\win64.o\librdi_commonversion.dll
0x00007ffe5c030000 - 0x00007ffe5c047000 	C:\WINDOWS\SYSTEM32\NETAPI32.dll
0x00007ffe5d7b0000 - 0x00007ffe5d8a0000 	C:\WINDOWS\SYSTEM32\WINHTTP.dll
0x00007ffe47870000 - 0x00007ffe47d45000 	C:\WINDOWS\SYSTEM32\WININET.dll
0x00007ffe49470000 - 0x00007ffe49645000 	C:\WINDOWS\SYSTEM32\urlmon.dll
0x00007ffe5cbd0000 - 0x00007ffe5cbdd000 	C:\Xilinx\Vivado\2020.1\lib\win64.o\libboost_chrono.dll
0x00007ffe49b80000 - 0x00007ffe49b9b000 	C:\Xilinx\Vivado\2020.1\lib\win64.o\libboost_iostreams.dll
0x00007ffe45330000 - 0x00007ffe45355000 	C:\Xilinx\Vivado\2020.1\lib\win64.o\libisl_iosutils.dll
0x00007ffe2eb50000 - 0x00007ffe2eb59000 	C:\WINDOWS\SYSTEM32\WSOCK32.dll
0x00007ffe259a0000 - 0x00007ffe25c7b000 	C:\Xilinx\Vivado\2020.1\lib\win64.o\libXil_lmgr11.dll
0x00007ffe41d20000 - 0x00007ffe41d50000 	C:\WINDOWS\SYSTEM32\VCOMP140.DLL
0x00007ffe63da0000 - 0x00007ffe63e70000 	C:\WINDOWS\System32\COMDLG32.dll
0x00007ffdeb440000 - 0x00007ffdec2d1000 	C:\Xilinx\Vivado\2020.1\lib\win64.o\gurobi65.dll
0x00007ffe491c0000 - 0x00007ffe49466000 	C:\WINDOWS\SYSTEM32\iertutil.dll
0x00007ffe63530000 - 0x00007ffe635f4000 	C:\WINDOWS\System32\OLEAUT32.dll
0x00007ffe633c0000 - 0x00007ffe63517000 	C:\WINDOWS\System32\ole32.dll
0x00007ffe589c0000 - 0x00007ffe58a69000 	C:\WINDOWS\WinSxS\amd64_microsoft.windows.common-controls_6595b64144ccf1df_5.82.18362.778_none_2a29d4a64667eb69\COMCTL32.dll
0x00007ffe62c90000 - 0x00007ffe62cec000 	C:\WINDOWS\System32\WINTRUST.dll
0x00007ffe61d50000 - 0x00007ffe61d62000 	C:\WINDOWS\System32\MSASN1.dll
0x00007ffe612d0000 - 0x00007ffe612dc000 	C:\WINDOWS\SYSTEM32\NETUTILS.DLL
0x00007ffe59e20000 - 0x00007ffe59e3c000 	C:\WINDOWS\SYSTEM32\dhcpcsvc.DLL
0x00007ffe62a60000 - 0x00007ffe62ba9000 	C:\WINDOWS\System32\CRYPT32.dll
0x00007ffe61680000 - 0x00007ffe6168c000 	C:\WINDOWS\SYSTEM32\CRYPTBASE.DLL
0x00007ffe64180000 - 0x00007ffe64188000 	C:\WINDOWS\System32\NSI.dll
0x00007ffe614b0000 - 0x00007ffe61517000 	C:\WINDOWS\SYSTEM32\MSWSOCK.DLL
0x00007ffe64050000 - 0x00007ffe6407e000 	C:\WINDOWS\System32\IMM32.DLL
0x00007ffe254a0000 - 0x00007ffe2599c000 	C:\Xilinx\Vivado\2020.1\lib\win64.o\librdi_commontasks.dll
0x00007ffe5d150000 - 0x00007ffe5d15a000 	C:\WINDOWS\SYSTEM32\VERSION.dll
0x0000000059450000 - 0x0000000059e75000 	C:\Xilinx\Vivado\2020.1\tps\win64\jre9.0.4\bin\server\jvm.dll
0x00007ffe251b0000 - 0x00007ffe25494000 	C:\Xilinx\Vivado\2020.1\lib\win64.o\librdi_sio.dll
0x00007ffe63520000 - 0x00007ffe63528000 	C:\WINDOWS\System32\PSAPI.DLL
0x00007ffe5e7a0000 - 0x00007ffe5e7c4000 	C:\WINDOWS\SYSTEM32\WINMM.dll
0x00007ffe611c0000 - 0x00007ffe611fa000 	C:\WINDOWS\SYSTEM32\IPHLPAPI.DLL
0x00007ffe41fc0000 - 0x00007ffe420af000 	C:\WINDOWS\SYSTEM32\MSVCR120.dll
0x00007ffe5e770000 - 0x00007ffe5e79d000 	C:\WINDOWS\SYSTEM32\WINMMBASE.dll
0x00007ffde4300000 - 0x00007ffde6995000 	C:\Xilinx\Vivado\2020.1\lib\win64.o\librdi_tcltasks.dll
0x00007ffe3ab60000 - 0x00007ffe3abdb000 	C:\Xilinx\Vivado\2020.1\lib\win64.o\librdi_boarddep.dll
0x00007ffe1cc00000 - 0x00007ffe1cdb3000 	C:\Xilinx\Vivado\2020.1\lib\win64.o\librdi_board.dll
0x00007ffe3a6f0000 - 0x00007ffe3a7e6000 	C:\Xilinx\Vivado\2020.1\lib\win64.o\librdi_chipscope.dll
0x00007ffe193d0000 - 0x00007ffe19896000 	C:\Xilinx\Vivado\2020.1\lib\win64.o\librdi_bitstream.dll
0x00007ffe19200000 - 0x00007ffe193c1000 	C:\Xilinx\Vivado\2020.1\lib\win64.o\librdi_chipscopeimpl.dll
0x00007ffe37750000 - 0x00007ffe378ab000 	C:\Xilinx\Vivado\2020.1\lib\win64.o\librdi_containers.dll
0x00007ffde26d0000 - 0x00007ffde42fa000 	C:\Xilinx\Vivado\2020.1\lib\win64.o\librdi_constraints.dll
0x00007ffde0560000 - 0x00007ffde26cd000 	C:\Xilinx\Vivado\2020.1\lib\win64.o\librdi_coregen.dll
0x00007ffe13b30000 - 0x00007ffe14209000 	C:\Xilinx\Vivado\2020.1\lib\win64.o\librdi_coregenipxact.dll
0x00007ffe137e0000 - 0x00007ffe13b2b000 	C:\Xilinx\Vivado\2020.1\lib\win64.o\librdi_dlyest.dll
0x00007ffddc230000 - 0x00007ffde055e000 	C:\Xilinx\Vivado\2020.1\lib\win64.o\librdi_designutils.dll
0x00007ffe02800000 - 0x00007ffe02e1e000 	C:\Xilinx\Vivado\2020.1\lib\win64.o\librdi_drc.dll
0x00007ffe38010000 - 0x00007ffe380d4000 	C:\Xilinx\Vivado\2020.1\lib\win64.o\librdi_dsp.dll
0x00007ffded330000 - 0x00007ffded9b6000 	C:\Xilinx\Vivado\2020.1\lib\win64.o\librdi_filemgmt.dll
0x00007ffe3aae0000 - 0x00007ffe3ab57000 	C:\Xilinx\Vivado\2020.1\lib\win64.o\librdi_hdf.dll
0x00007ffe05730000 - 0x00007ffe05a4c000 	C:\Xilinx\Vivado\2020.1\lib\win64.o\librdi_guitools.dll
0x00007ffe054d0000 - 0x00007ffe05725000 	C:\Xilinx\Vivado\2020.1\lib\win64.o\librdi_hip_devdesign.dll
0x00007ffdc4360000 - 0x00007ffddc230000 	C:\Xilinx\Vivado\2020.1\lib\win64.o\librdi_device.dll
0x00007ffe37d60000 - 0x00007ffe37ea8000 	C:\Xilinx\Vivado\2020.1\lib\win64.o\librdi_hip_perf_analysis.dll
0x00007ffdc2a10000 - 0x00007ffdc435a000 	C:\Xilinx\Vivado\2020.1\lib\win64.o\librdi_implflow.dll
0x00007ffdea520000 - 0x00007ffdeab5e000 	C:\Xilinx\Vivado\2020.1\lib\win64.o\librdi_memdata.dll
0x00007ffe3a5f0000 - 0x00007ffe3a664000 	C:\Xilinx\Vivado\2020.1\lib\win64.o\librdi_memoryarray.dll
0x00007ffde9e10000 - 0x00007ffdea513000 	C:\Xilinx\Vivado\2020.1\lib\win64.o\librdi_netlist.dll
0x00007ffdbfb90000 - 0x00007ffdc2a07000 	C:\Xilinx\Vivado\2020.1\lib\win64.o\librdi_mig.dll
0x00007ffe41cd0000 - 0x00007ffe41d1e000 	C:\Xilinx\Vivado\2020.1\lib\win64.o\librdi_pfi.dll
0x00007ffdbd010000 - 0x00007ffdbfb81000 	C:\Xilinx\Vivado\2020.1\lib\win64.o\librdi_place.dll
0x00007ffe024a0000 - 0x00007ffe027f1000 	C:\Xilinx\Vivado\2020.1\lib\win64.o\librdi_platform.dll
0x00007ffdbc7d0000 - 0x00007ffdbd004000 	C:\Xilinx\Vivado\2020.1\lib\win64.o\librdi_power.dll
0x00007ffde6ca0000 - 0x00007ffde7295000 	C:\Xilinx\Vivado\2020.1\lib\win64.o\librdi_project.dll
0x00007ffe30dd0000 - 0x00007ffe30ed8000 	C:\Xilinx\Vivado\2020.1\lib\win64.o\librdi_runsbase.dll
0x00007ffdbb480000 - 0x00007ffdbb91a000 	C:\Xilinx\Vivado\2020.1\lib\win64.o\librdi_runs.dll
0x00007ffdbc090000 - 0x00007ffdbc7cc000 	C:\Xilinx\Vivado\2020.1\lib\win64.o\librdi_psta.dll
0x00007ffdbb920000 - 0x00007ffdbc08f000 	C:\Xilinx\Vivado\2020.1\lib\win64.o\librdi_rsb.dll
0x00007ffdf1310000 - 0x00007ffdf1585000 	C:\Xilinx\Vivado\2020.1\lib\win64.o\librdi_simdata.dll
0x00007ffe250b0000 - 0x00007ffe251af000 	C:\Xilinx\Vivado\2020.1\lib\win64.o\librdi_xhub.dll
0x00007ffe34170000 - 0x00007ffe34218000 	C:\Xilinx\Vivado\2020.1\lib\win64.o\librdi_xhubtasks.dll
0x00007ffdba570000 - 0x00007ffdbb47a000 	C:\Xilinx\Vivado\2020.1\lib\win64.o\librdi_timing.dll
0x00007ffdf39d0000 - 0x00007ffdf3ba3000 	C:\Xilinx\Vivado\2020.1\lib\win64.o\librdi_advchipscopeimpl.dll
0x00007ffe35e60000 - 0x00007ffe35eac000 	C:\Xilinx\Vivado\2020.1\lib\win64.o\libboost_serialization.dll

VM Arguments:
jvm_args: -Dsun.java2d.pmoffscreen=false -Dsun.java2d.xrender=false -Dsun.java2d.d3d=false -Dsun.awt.nopixfmt=true -Dsun.java2d.dpiaware=true -Dsun.java2d.uiScale.enabled=false -Xverify:none -Dswing.aatext=true -XX:-UsePerfData -Djdk.map.althashing.threshold=512 -XX:StringTableSize=4072 --add-opens=java.base/java.nio=ALL-UNNAMED --add-opens=java.desktop/sun.swing=ALL-UNNAMED --add-opens=java.desktop/javax.swing=ALL-UNNAMED --add-opens=java.desktop/javax.swing.tree=ALL-UNNAMED --add-opens=java.desktop/javax.swing.plaf.basic=ALL-UNNAMED --add-opens=java.desktop/javax.swing.plaf.synth=ALL-UNNAMED --add-opens=java.desktop/com.sun.awt=ALL-UNNAMED -XX:NewSize=60m -XX:MaxNewSize=60m -Xms128m -Xmx3072m -Xss5m 
java_command: <unknown>
java_class_path (initial): C:/Xilinx/Vivado/2020.1\lib\classes\alloy.jar;C:/Xilinx/Vivado/2020.1\lib\classes\ArchiveSummary.jar;C:/Xilinx/Vivado/2020.1\lib\classes\autoesl-models.jar;C:/Xilinx/Vivado/2020.1\lib\classes\autopilot.scelaborator.jar;C:/Xilinx/Vivado/2020.1\lib\classes\autopilot.sourceprocessor.jar;C:/Xilinx/Vivado/2020.1\lib\classes\autopilot.tbprocessor.jar;C:/Xilinx/Vivado/2020.1\lib\classes\batik-anim.jar;C:/Xilinx/Vivado/2020.1\lib\classes\batik-awt-util.jar;C:/Xilinx/Vivado/2020.1\lib\classes\batik-bridge.jar;C:/Xilinx/Vivado/2020.1\lib\classes\batik-codec.jar;C:/Xilinx/Vivado/2020.1\lib\classes\batik-css.jar;C:/Xilinx/Vivado/2020.1\lib\classes\batik-dom.jar;C:/Xilinx/Vivado/2020.1\lib\classes\batik-ext.jar;C:/Xilinx/Vivado/2020.1\lib\classes\batik-gui-util.jar;C:/Xilinx/Vivado/2020.1\lib\classes\batik-gvt.jar;C:/Xilinx/Vivado/2020.1\lib\classes\batik-parser.jar;C:/Xilinx/Vivado/2020.1\lib\classes\batik-script.jar;C:/Xilinx/Vivado/2020.1\lib\classes\batik-svg-dom.jar;C:/Xilinx/Vivado/2020.1\lib\classes\batik-swing.jar;C:/Xilinx/Vivado/2020.1\lib\classes\batik-transcoder.jar;C:/Xilinx/Vivado/2020.1\lib\classes\batik-util.jar;C:/Xilinx/Vivado/2020.1\lib\classes\batik-xml.jar;C:/Xilinx/Vivado/2020.1\lib\classes\com.google.gson_2.8.2.v20180104-1110.jar;C:/Xilinx/Vivado/2020.1\lib\classes\com.google.guava_27.1.0.v20190517-1946.jar;C:/Xilinx/Vivado/2020.1\lib\classes\com.ibm.icu_4.4.2.v20110208.jar;C:/Xilinx/Vivado/2020.1\lib\classes\com.sigasi.hdt.connection_4.8.0.202004151336.jar;C:/Xilinx/Vivado/2020.1\lib\classes\com.sigasi.hdt.epl_4.8.0.202004151336.jar;C:/Xilinx/Vivado/2020.1\lib\classes\com.sigasi.hdt.project_4.8.0.202004151336.jar;C:/Xilinx/Vivado/2020.1\lib\classes\com.sigasi.hdt.readonlyfilesystem_4.8.0.202004151336.jar;C:/Xilinx/Vivado/2020.1\lib\classes\com.sigasi.lcm_4.8.0.202004151336.jar;C:/Xilinx/Vivado/2020.1\lib\classes\com.sigasi.sdk.client_4.8.0.202004151336.jar;C:/Xilinx/Vivado/2020.1\lib\classes\com.xilinx.hls.services.jar;C:/Xili
Launcher Type: generic

Logging:
Log output configuration:
#0: stdout all=warning uptime,level,tags
#1: stderr all=off uptime,level,tags

Environment Variables:
PATH=C:/Xilinx/Vivado/2020.1\gnuwin\bin;C:/Xilinx/Vivado/2020.1\gnu\microblaze\nt\bin;C:/Xilinx/Vivado/2020.1/bin;C:/Xilinx/Vivado/2020.1/lib/win64.o;C:/Xilinx/Vivado/2020.1/tps/win64/jre9.0.4/bin/server;C:/Xilinx/Vivado/2020.1/tps/win64/jre9.0.4/bin;C:/Xilinx/Vitis/2020.1/bin;C:/Xilinx/Vivado/2020.1/ids_lite/ISE/bin/nt64;C:/Xilinx/Vivado/2020.1/ids_lite/ISE/lib/nt64;C:\Program Files\NVIDIA GPU Computing Toolkit\CUDA\v11.0\bin;C:\Program Files\NVIDIA GPU Computing Toolkit\CUDA\v11.0\libnvvp;C:\ProgramData\Oracle\Java\javapath;C:\Program Files (x86)\Intel\Intel(R) Management Engine Components\iCLS\;C:\Program Files\Intel\Intel(R) Management Engine Components\iCLS\;C:\Windows\system32;C:\Windows;C:\Windows\System32\Wbem;C:\Windows\System32\WindowsPowerShell\v1.0\;C:\Program Files (x86)\Intel\Intel(R) Management Engine Components\DAL;C:\Program Files\Intel\Intel(R) Management Engine Components\DAL;C:\Program Files (x86)\Intel\Intel(R) Management Engine Components\IPT;C:\Program Files\Intel\Intel(R) Management Engine Components\IPT;C:\WINDOWS\System32\OpenSSH\;C:\Program Files\NVIDIA Corporation\NVIDIA NvDLISR;C:\Program Files (x86)\NVIDIA Corporation\PhysX\Common;C:\Program Files\dotnet\;C:\Program Files\Microsoft SQL Server\130\Tools\Binn\;C:\Program Files\Microsoft SQL Server\Client SDK\ODBC\170\Tools\Binn\;C:\Program Files\Java\jdk-13.0.2\bin;C:\Program Files\Git\cmd\;C:\Program Files\Git\bin\;C:\Program Files\MySQL\MySQL Shell 8.0\bin\;C:\Users\User\AppData\Local\Programs\Python\Python310\Scripts\;C:\Users\User\AppData\Local\Programs\Python\Python310\;C:\Users\User\anaconda3;C:\Users\User\anaconda3\Library\mingw-w64\bin;C:\Users\User\anaconda3\Library\usr\bin;C:\Users\User\anaconda3\Library\bin;C:\Users\User\anaconda3\Scripts;C:\Users\User\AppData\Local\Microsoft\WindowsApps;C:\Program Files\JetBrains\PyCharm Community Edition 2020.2.2\bin;;C:/Xilinx/Vivado/2020.1\tps\mingw\6.2.0\win64.o\nt\bin;C:/Xilinx/Vivado/2020.1\tps\mingw\6.2.0\win64.o\nt\libexec\gcc\x86_64-w64-
USERNAME=User
OS=Windows_NT
PROCESSOR_IDENTIFIER=Intel64 Family 6 Model 158 Stepping 10, GenuineIntel



---------------  S Y S T E M  ---------------

OS: Windows 10 , 64 bit Build 18362 (10.0.18362.778)

CPU:total 6 (initial active 6) (6 cores per cpu, 1 threads per core) family 6 model 158 stepping 10, cmov, cx8, fxsr, mmx, sse, sse2, sse3, ssse3, sse4.1, sse4.2, popcnt, avx, avx2, aes, clmul, erms, 3dnowpref, lzcnt, tsc, tscinvbit, bmi1, bmi2, adx, fma

Memory: 4k page, physical 16695096k(8504396k free), swap 20354472k(6474312k free)

vm_info: Java HotSpot(TM) 64-Bit Server VM (9.0.4+11) for windows-amd64 JRE (9.0.4+11), built on Dec 20 2017 02:18:54 by "mach5one" with MS VC++ 12.0 (VS2013)

END.
