
*** Running vivado
    with args -log design_1_uart_top_0_0.vds -m64 -product Vivado -mode batch -messageDb vivado.pb -notrace -source design_1_uart_top_0_0.tcl



****** Vivado v2020.1 (64-bit)
  **** SW Build 2902540 on Wed May 27 19:54:49 MDT 2020
  **** IP Build 2902112 on Wed May 27 22:43:36 MDT 2020
    ** Copyright 1986-2020 Xilinx, Inc. All Rights Reserved.

source design_1_uart_top_0_0.tcl -notrace
Command: synth_design -top design_1_uart_top_0_0 -part xc7z020clg400-1 -mode out_of_context
Starting synth_design
WARNING: [IP_Flow 19-3571] IP 'design_1_uart_top_0_0' is restricted:
* Module reference is stale and needs refreshing.
Attempting to get a license for feature 'Synthesis' and/or device 'xc7z020'
INFO: [Common 17-349] Got license for feature 'Synthesis' and/or device 'xc7z020'
INFO: [Synth 8-7079] Multithreading enabled for synth_design using a maximum of 2 processes.
INFO: [Synth 8-7078] Launching helper process for spawning children vivado processes
INFO: [Synth 8-7075] Helper process launched with PID 10904
---------------------------------------------------------------------------------
Starting Synthesize : Time (s): cpu = 00:00:04 ; elapsed = 00:00:18 . Memory (MB): peak = 1079.270 ; gain = 0.000
---------------------------------------------------------------------------------
INFO: [Synth 8-6157] synthesizing module 'design_1_uart_top_0_0' [c:/Users/User/Desktop/cdd_git/CDD_lab/final_project_cdd/final_project_cdd.srcs/sources_1/bd/design_1/ip/design_1_uart_top_0_0/synth/design_1_uart_top_0_0.v:58]
INFO: [Synth 8-6157] synthesizing module 'uart_top' [C:/Users/User/Desktop/cdd_git/CDD_lab/final_project_cdd/final_project_cdd.srcs/sources_1/imports/imports/sources_1/imports/Desktop/uart_top.v:3]
	Parameter OPERAND_WIDTH bound to: 512 - type: integer 
	Parameter ADDER_WIDTH bound to: 32 - type: integer 
	Parameter NBYTES bound to: 65 - type: integer 
	Parameter CLK_FREQ bound to: 125000000 - type: integer 
	Parameter BAUD_RATE bound to: 115200 - type: integer 
	Parameter s_IDLE bound to: 3'b000 
	Parameter s_WAIT_RX_OP1 bound to: 3'b001 
	Parameter s_WAIT_RX_OP2 bound to: 3'b010 
	Parameter s_START_ADD bound to: 3'b011 
	Parameter s_WAIT_ADD bound to: 3'b100 
	Parameter s_TX bound to: 3'b101 
	Parameter s_WAIT_TX bound to: 3'b110 
	Parameter s_DONE bound to: 3'b111 
	Parameter CLA bound to: 4'b0000 
	Parameter RCA bound to: 4'b0001 
INFO: [Synth 8-6157] synthesizing module 'uart_rx' [C:/Users/User/Desktop/cdd_git/CDD_lab/final_project_cdd/final_project_cdd.srcs/sources_1/imports/imports/sources_1/new/uart_rx.v:23]
	Parameter CLK_FREQ bound to: 125000000 - type: integer 
	Parameter BAUD_RATE bound to: 115200 - type: integer 
	Parameter CLKS_PER_BIT bound to: 1085 - type: integer 
	Parameter sIDLE bound to: 3'b000 
	Parameter sRX_START bound to: 3'b001 
	Parameter sRX_DATA bound to: 3'b010 
	Parameter sRX_STOP bound to: 3'b011 
	Parameter sDONE bound to: 3'b100 
INFO: [Synth 8-6155] done synthesizing module 'uart_rx' (1#1) [C:/Users/User/Desktop/cdd_git/CDD_lab/final_project_cdd/final_project_cdd.srcs/sources_1/imports/imports/sources_1/new/uart_rx.v:23]
INFO: [Synth 8-6157] synthesizing module 'uart_tx' [C:/Users/User/Desktop/cdd_git/CDD_lab/final_project_cdd/final_project_cdd.srcs/sources_1/imports/imports/sources_1/imports/Desktop/uart_tx.v:3]
	Parameter CLK_FREQ bound to: 125000000 - type: integer 
	Parameter BAUD_RATE bound to: 115200 - type: integer 
	Parameter CLKS_PER_BIT bound to: 1085 - type: integer 
	Parameter sIDLE bound to: 3'b000 
	Parameter sTX_START bound to: 3'b001 
	Parameter sTX_DATA bound to: 3'b010 
	Parameter sTX_STOP bound to: 3'b011 
	Parameter sDONE bound to: 3'b100 
INFO: [Synth 8-6155] done synthesizing module 'uart_tx' (2#1) [C:/Users/User/Desktop/cdd_git/CDD_lab/final_project_cdd/final_project_cdd.srcs/sources_1/imports/imports/sources_1/imports/Desktop/uart_tx.v:3]
INFO: [Synth 8-6157] synthesizing module 'mp_adder' [C:/Users/User/Desktop/cdd_git/CDD_lab/final_project_cdd/final_project_cdd.srcs/sources_1/new/mp_adder.v:3]
	Parameter OPERAND_WIDTH bound to: 512 - type: integer 
	Parameter ADDER_WIDTH bound to: 32 - type: integer 
	Parameter N_ITERATIONS bound to: 16 - type: integer 
	Parameter ADDER_TYPE bound to: 4'b0000 
	Parameter BLOCK_WIDTH bound to: 64 - type: integer 
	Parameter SUB_BLOCK_WIDTH bound to: 16 - type: integer 
	Parameter CLA bound to: 4'b0000 
	Parameter RCA bound to: 4'b0001 
	Parameter BCLA bound to: 4'b0011 
	Parameter CSelA bound to: 4'b0100 
	Parameter GFA bound to: 4'b0101 
	Parameter IGFA bound to: 4'b0110 
	Parameter RCACC bound to: 4'b0111 
	Parameter CCA bound to: 4'b1000 
	Parameter s_IDLE bound to: 3'b000 
	Parameter s_STORE_OPS bound to: 3'b001 
	Parameter s_ADD_FIRST bound to: 3'b010 
	Parameter s_ADD_WORDS bound to: 3'b011 
	Parameter s_DONE bound to: 3'b100 
INFO: [Synth 8-6157] synthesizing module 'carry_lookahead_adder' [C:/Users/User/Desktop/cdd_git/CDD_lab/final_project_cdd/final_project_cdd.srcs/sources_1/imports/Downloads/carry_lookahead_adder.v:18]
	Parameter WIDTH bound to: 32 - type: integer 
INFO: [Synth 8-6157] synthesizing module 'partial_full_adder' [C:/Users/User/Desktop/cdd_git/CDD_lab/final_project_cdd/final_project_cdd.srcs/sources_1/imports/Downloads/partial_full_adder.v:17]
INFO: [Synth 8-6155] done synthesizing module 'partial_full_adder' (3#1) [C:/Users/User/Desktop/cdd_git/CDD_lab/final_project_cdd/final_project_cdd.srcs/sources_1/imports/Downloads/partial_full_adder.v:17]
INFO: [Synth 8-6155] done synthesizing module 'carry_lookahead_adder' (4#1) [C:/Users/User/Desktop/cdd_git/CDD_lab/final_project_cdd/final_project_cdd.srcs/sources_1/imports/Downloads/carry_lookahead_adder.v:18]
INFO: [Synth 8-6155] done synthesizing module 'mp_adder' (5#1) [C:/Users/User/Desktop/cdd_git/CDD_lab/final_project_cdd/final_project_cdd.srcs/sources_1/new/mp_adder.v:3]
WARNING: [Synth 8-7071] port 'iSub' of module 'mp_adder' is unconnected for instance 'MP_ADDER_INST' [C:/Users/User/Desktop/cdd_git/CDD_lab/final_project_cdd/final_project_cdd.srcs/sources_1/imports/imports/sources_1/imports/Desktop/uart_top.v:78]
WARNING: [Synth 8-7023] instance 'MP_ADDER_INST' of module 'mp_adder' has 8 connections declared, but only 7 given [C:/Users/User/Desktop/cdd_git/CDD_lab/final_project_cdd/final_project_cdd.srcs/sources_1/imports/imports/sources_1/imports/Desktop/uart_top.v:78]
INFO: [Synth 8-226] default block is never used [C:/Users/User/Desktop/cdd_git/CDD_lab/final_project_cdd/final_project_cdd.srcs/sources_1/imports/imports/sources_1/imports/Desktop/uart_top.v:109]
INFO: [Synth 8-6155] done synthesizing module 'uart_top' (6#1) [C:/Users/User/Desktop/cdd_git/CDD_lab/final_project_cdd/final_project_cdd.srcs/sources_1/imports/imports/sources_1/imports/Desktop/uart_top.v:3]
INFO: [Synth 8-6155] done synthesizing module 'design_1_uart_top_0_0' (7#1) [c:/Users/User/Desktop/cdd_git/CDD_lab/final_project_cdd/final_project_cdd.srcs/sources_1/bd/design_1/ip/design_1_uart_top_0_0/synth/design_1_uart_top_0_0.v:58]
---------------------------------------------------------------------------------
Finished Synthesize : Time (s): cpu = 00:00:05 ; elapsed = 00:00:25 . Memory (MB): peak = 1079.270 ; gain = 0.000
---------------------------------------------------------------------------------
---------------------------------------------------------------------------------
Finished Constraint Validation : Time (s): cpu = 00:00:06 ; elapsed = 00:00:26 . Memory (MB): peak = 1079.270 ; gain = 0.000
---------------------------------------------------------------------------------
---------------------------------------------------------------------------------
Start Loading Part and Timing Information
---------------------------------------------------------------------------------
Loading part: xc7z020clg400-1
INFO: [Device 21-403] Loading part xc7z020clg400-1
---------------------------------------------------------------------------------
Finished Loading Part and Timing Information : Time (s): cpu = 00:00:06 ; elapsed = 00:00:26 . Memory (MB): peak = 1079.270 ; gain = 0.000
---------------------------------------------------------------------------------
INFO: [Synth 8-802] inferred FSM for state register 'rFSM_Current_reg' in module 'uart_rx'
INFO: [Synth 8-802] inferred FSM for state register 'rFSM_Current_reg' in module 'uart_tx'
INFO: [Synth 8-802] inferred FSM for state register 'rFSM_current_reg' in module 'mp_adder'
INFO: [Synth 8-802] inferred FSM for state register 'rFSM_reg' in module 'uart_top'
---------------------------------------------------------------------------------------------------
                   State |                     New Encoding |                Previous Encoding 
---------------------------------------------------------------------------------------------------
                   sIDLE |                            00001 |                              000
               sRX_START |                            00010 |                              001
                sRX_DATA |                            00100 |                              010
                sRX_STOP |                            01000 |                              011
                   sDONE |                            10000 |                              100
---------------------------------------------------------------------------------------------------
INFO: [Synth 8-3354] encoded FSM with state register 'rFSM_Current_reg' using encoding 'one-hot' in module 'uart_rx'
WARNING: [Synth 8-327] inferring latch for variable 'wRxData_Next_reg' [C:/Users/User/Desktop/cdd_git/CDD_lab/final_project_cdd/final_project_cdd.srcs/sources_1/imports/imports/sources_1/new/uart_rx.v:116]
---------------------------------------------------------------------------------------------------
                   State |                     New Encoding |                Previous Encoding 
---------------------------------------------------------------------------------------------------
                   sIDLE |                            00001 |                              000
               sTX_START |                            00010 |                              001
                sTX_DATA |                            00100 |                              010
                sTX_STOP |                            01000 |                              011
                   sDONE |                            10000 |                              100
---------------------------------------------------------------------------------------------------
INFO: [Synth 8-3354] encoded FSM with state register 'rFSM_Current_reg' using encoding 'one-hot' in module 'uart_tx'
---------------------------------------------------------------------------------------------------
                   State |                     New Encoding |                Previous Encoding 
---------------------------------------------------------------------------------------------------
                  s_IDLE |                              000 |                              000
             s_STORE_OPS |                              001 |                              001
             s_ADD_FIRST |                              010 |                              010
             s_ADD_WORDS |                              011 |                              011
                  s_DONE |                              100 |                              100
---------------------------------------------------------------------------------------------------
INFO: [Synth 8-3354] encoded FSM with state register 'rFSM_current_reg' using encoding 'sequential' in module 'mp_adder'
---------------------------------------------------------------------------------------------------
                   State |                     New Encoding |                Previous Encoding 
---------------------------------------------------------------------------------------------------
                  s_IDLE |                         00000001 |                              000
           s_WAIT_RX_OP1 |                         00000010 |                              001
           s_WAIT_RX_OP2 |                         00000100 |                              010
             s_START_ADD |                         00001000 |                              011
              s_WAIT_ADD |                         00010000 |                              100
                    s_TX |                         00100000 |                              101
               s_WAIT_TX |                         01000000 |                              110
                  s_DONE |                         10000000 |                              111
---------------------------------------------------------------------------------------------------
INFO: [Synth 8-3354] encoded FSM with state register 'rFSM_reg' using encoding 'one-hot' in module 'uart_top'
---------------------------------------------------------------------------------
Finished RTL Optimization Phase 2 : Time (s): cpu = 00:00:07 ; elapsed = 00:00:28 . Memory (MB): peak = 1079.270 ; gain = 0.000
---------------------------------------------------------------------------------
No constraint files found.
---------------------------------------------------------------------------------
Start RTL Component Statistics 
---------------------------------------------------------------------------------
Detailed RTL Component Info : 
+---Adders : 
	   2 Input   12 Bit       Adders := 1     
	   2 Input   11 Bit       Adders := 1     
	   2 Input    8 Bit       Adders := 2     
	   2 Input    5 Bit       Adders := 1     
	   2 Input    3 Bit       Adders := 2     
+---XORs : 
	   3 Input      1 Bit         XORs := 32    
+---Registers : 
	              520 Bit    Registers := 2     
	              512 Bit    Registers := 5     
	               12 Bit    Registers := 2     
	                8 Bit    Registers := 6     
	                5 Bit    Registers := 1     
	                3 Bit    Registers := 2     
	                1 Bit    Registers := 6     
+---Muxes : 
	   8 Input  520 Bit        Muxes := 1     
	   2 Input  512 Bit        Muxes := 3     
	   8 Input  512 Bit        Muxes := 2     
	   2 Input   12 Bit        Muxes := 2     
	   5 Input   12 Bit        Muxes := 2     
	   2 Input    8 Bit        Muxes := 10    
	   5 Input    8 Bit        Muxes := 2     
	   8 Input    8 Bit        Muxes := 4     
	   5 Input    5 Bit        Muxes := 3     
	   2 Input    5 Bit        Muxes := 10    
	   2 Input    3 Bit        Muxes := 4     
	   5 Input    3 Bit        Muxes := 3     
	   5 Input    1 Bit        Muxes := 6     
	   2 Input    1 Bit        Muxes := 5     
	   3 Input    1 Bit        Muxes := 1     
	   8 Input    1 Bit        Muxes := 9     
---------------------------------------------------------------------------------
Finished RTL Component Statistics 
---------------------------------------------------------------------------------
---------------------------------------------------------------------------------
Start Part Resource Summary
---------------------------------------------------------------------------------
Part Resources:
DSPs: 220 (col length:60)
BRAMs: 280 (col length: RAMB18 60 RAMB36 30)
---------------------------------------------------------------------------------
Finished Part Resource Summary
---------------------------------------------------------------------------------
No constraint files found.
---------------------------------------------------------------------------------
Start Cross Boundary and Area Optimization
---------------------------------------------------------------------------------
---------------------------------------------------------------------------------
Finished Cross Boundary and Area Optimization : Time (s): cpu = 00:00:20 ; elapsed = 00:00:56 . Memory (MB): peak = 1147.992 ; gain = 68.723
---------------------------------------------------------------------------------
No constraint files found.
---------------------------------------------------------------------------------
Start Timing Optimization
---------------------------------------------------------------------------------
---------------------------------------------------------------------------------
Finished Timing Optimization : Time (s): cpu = 00:00:20 ; elapsed = 00:00:57 . Memory (MB): peak = 1147.992 ; gain = 68.723
---------------------------------------------------------------------------------
---------------------------------------------------------------------------------
Start Technology Mapping
---------------------------------------------------------------------------------
---------------------------------------------------------------------------------
Finished Technology Mapping : Time (s): cpu = 00:00:22 ; elapsed = 00:00:58 . Memory (MB): peak = 1147.992 ; gain = 68.723
---------------------------------------------------------------------------------
---------------------------------------------------------------------------------
Start IO Insertion
---------------------------------------------------------------------------------
---------------------------------------------------------------------------------
Start Flattening Before IO Insertion
---------------------------------------------------------------------------------
---------------------------------------------------------------------------------
Finished Flattening Before IO Insertion
---------------------------------------------------------------------------------
---------------------------------------------------------------------------------
Start Final Netlist Cleanup
---------------------------------------------------------------------------------
---------------------------------------------------------------------------------
Finished Final Netlist Cleanup
---------------------------------------------------------------------------------
---------------------------------------------------------------------------------
Finished IO Insertion : Time (s): cpu = 00:00:26 ; elapsed = 00:01:02 . Memory (MB): peak = 1147.992 ; gain = 68.723
---------------------------------------------------------------------------------
---------------------------------------------------------------------------------
Start Renaming Generated Instances
---------------------------------------------------------------------------------
---------------------------------------------------------------------------------
Finished Renaming Generated Instances : Time (s): cpu = 00:00:26 ; elapsed = 00:01:02 . Memory (MB): peak = 1147.992 ; gain = 68.723
---------------------------------------------------------------------------------
---------------------------------------------------------------------------------
Start Rebuilding User Hierarchy
---------------------------------------------------------------------------------
---------------------------------------------------------------------------------
Finished Rebuilding User Hierarchy : Time (s): cpu = 00:00:26 ; elapsed = 00:01:03 . Memory (MB): peak = 1147.992 ; gain = 68.723
---------------------------------------------------------------------------------
---------------------------------------------------------------------------------
Start Renaming Generated Ports
---------------------------------------------------------------------------------
---------------------------------------------------------------------------------
Finished Renaming Generated Ports : Time (s): cpu = 00:00:26 ; elapsed = 00:01:03 . Memory (MB): peak = 1147.992 ; gain = 68.723
---------------------------------------------------------------------------------
---------------------------------------------------------------------------------
Start Handling Custom Attributes
---------------------------------------------------------------------------------
---------------------------------------------------------------------------------
Finished Handling Custom Attributes : Time (s): cpu = 00:00:27 ; elapsed = 00:01:03 . Memory (MB): peak = 1147.992 ; gain = 68.723
---------------------------------------------------------------------------------
---------------------------------------------------------------------------------
Start Renaming Generated Nets
---------------------------------------------------------------------------------
---------------------------------------------------------------------------------
Finished Renaming Generated Nets : Time (s): cpu = 00:00:27 ; elapsed = 00:01:03 . Memory (MB): peak = 1147.992 ; gain = 68.723
---------------------------------------------------------------------------------
---------------------------------------------------------------------------------
Start Writing Synthesis Report
---------------------------------------------------------------------------------

Report BlackBoxes: 
+-+--------------+----------+
| |BlackBox name |Instances |
+-+--------------+----------+
+-+--------------+----------+

Report Cell Usage: 
+------+-------+------+
|      |Cell   |Count |
+------+-------+------+
|1     |CARRY4 |     3|
|2     |LUT2   |  1068|
|3     |LUT3   |    42|
|4     |LUT4   |   667|
|5     |LUT5   |  1064|
|6     |LUT6   |   115|
|7     |FDRE   |  3732|
|8     |FDSE   |     3|
|9     |LD     |     8|
+------+-------+------+

Report Instance Areas: 
+------+------------------+----------------------+------+
|      |Instance          |Module                |Cells |
+------+------------------+----------------------+------+
|1     |top               |                      |  6702|
|2     |  inst            |uart_top              |  6702|
|3     |    MP_ADDER_INST |mp_adder              |  3371|
|4     |      adder_inst  |carry_lookahead_adder |   216|
|5     |    UART_RX_INST  |uart_rx               |   135|
|6     |    UART_TX_INST  |uart_tx               |    84|
+------+------------------+----------------------+------+
---------------------------------------------------------------------------------
Finished Writing Synthesis Report : Time (s): cpu = 00:00:27 ; elapsed = 00:01:03 . Memory (MB): peak = 1147.992 ; gain = 68.723
---------------------------------------------------------------------------------
Synthesis finished with 0 errors, 0 critical warnings and 3 warnings.
Synthesis Optimization Runtime : Time (s): cpu = 00:00:27 ; elapsed = 00:01:03 . Memory (MB): peak = 1147.992 ; gain = 68.723
Synthesis Optimization Complete : Time (s): cpu = 00:00:27 ; elapsed = 00:01:03 . Memory (MB): peak = 1147.992 ; gain = 68.723
INFO: [Project 1-571] Translating synthesized netlist
Netlist sorting complete. Time (s): cpu = 00:00:00 ; elapsed = 00:00:00.070 . Memory (MB): peak = 1147.992 ; gain = 0.000
INFO: [Netlist 29-17] Analyzing 11 Unisim elements for replacement
INFO: [Netlist 29-28] Unisim Transformation completed in 0 CPU seconds
INFO: [Project 1-570] Preparing netlist for logic optimization
INFO: [Opt 31-138] Pushed 0 inverter(s) to 0 load pin(s).
Netlist sorting complete. Time (s): cpu = 00:00:00 ; elapsed = 00:00:00.001 . Memory (MB): peak = 1164.074 ; gain = 0.000
INFO: [Project 1-111] Unisim Transformation Summary:
  A total of 8 instances were transformed.
  LD => LDCE: 8 instances

INFO: [Common 17-83] Releasing license: Synthesis
35 Infos, 4 Warnings, 0 Critical Warnings and 0 Errors encountered.
synth_design completed successfully
synth_design: Time (s): cpu = 00:00:32 ; elapsed = 00:01:10 . Memory (MB): peak = 1164.074 ; gain = 84.805
INFO: [Timing 38-35] Done setting XDC timing constraints.
INFO: [Common 17-1381] The checkpoint 'C:/Users/User/Desktop/cdd_git/CDD_lab/final_project_cdd/final_project_cdd.runs/design_1_uart_top_0_0_synth_1/design_1_uart_top_0_0.dcp' has been generated.
write_checkpoint: Time (s): cpu = 00:00:09 ; elapsed = 00:00:10 . Memory (MB): peak = 1567.141 ; gain = 403.066
WARNING: [Common 17-576] 'use_project_ipc' is deprecated. This option is deprecated and no longer used.
INFO: [Coretcl 2-1174] Renamed 5 cell refs.
WARNING: [Constraints 18-5210] No constraints selected for write.
Resolution: This message can indicate that there are no constraints for the design, or it can indicate that the used_in flags are set such that the constraints are ignored. This later case is used when running synth_design to not write synthesis constraints to the resulting checkpoint. Instead, project constraints are read when the synthesized design is opened.
INFO: [Common 17-1381] The checkpoint 'C:/Users/User/Desktop/cdd_git/CDD_lab/final_project_cdd/final_project_cdd.runs/design_1_uart_top_0_0_synth_1/design_1_uart_top_0_0.dcp' has been generated.
INFO: [runtcl-4] Executing : report_utilization -file design_1_uart_top_0_0_utilization_synth.rpt -pb design_1_uart_top_0_0_utilization_synth.pb
INFO: [Common 17-206] Exiting Vivado at Wed Apr 16 12:04:13 2025...
